mode: atomic
github.com/HamStudy/kubewatch/internal/core/config.go:21.36,32.22 3 0
github.com/HamStudy/kubewatch/internal/core/config.go:32.22,35.17 2 0
github.com/HamStudy/kubewatch/internal/core/config.go:35.17,37.4 1 0
github.com/HamStudy/kubewatch/internal/core/config.go:38.3,38.54 1 0
github.com/HamStudy/kubewatch/internal/core/config.go:40.2,44.21 3 0
github.com/HamStudy/kubewatch/internal/core/config.go:44.21,46.3 1 0
github.com/HamStudy/kubewatch/internal/core/config.go:47.2,49.20 2 0
github.com/HamStudy/kubewatch/internal/core/state.go:73.38,76.38 2 0
github.com/HamStudy/kubewatch/internal/core/state.go:76.38,77.37 1 0
github.com/HamStudy/kubewatch/internal/core/state.go:78.21,79.41 1 0
github.com/HamStudy/kubewatch/internal/core/state.go:80.22,81.42 1 0
github.com/HamStudy/kubewatch/internal/core/state.go:82.18,83.38 1 0
github.com/HamStudy/kubewatch/internal/core/state.go:84.18,85.38 1 0
github.com/HamStudy/kubewatch/internal/core/state.go:86.20,87.40 1 0
github.com/HamStudy/kubewatch/internal/core/state.go:88.17,89.37 1 0
github.com/HamStudy/kubewatch/internal/core/state.go:90.11,91.34 1 0
github.com/HamStudy/kubewatch/internal/core/state.go:95.2,114.3 1 0
github.com/HamStudy/kubewatch/internal/core/state.go:118.47,122.31 3 0
github.com/HamStudy/kubewatch/internal/core/state.go:123.23,124.21 1 0
github.com/HamStudy/kubewatch/internal/core/state.go:125.30,126.28 1 0
github.com/HamStudy/kubewatch/internal/core/state.go:127.31,128.29 1 0
github.com/HamStudy/kubewatch/internal/core/state.go:129.27,130.25 1 0
github.com/HamStudy/kubewatch/internal/core/state.go:131.27,132.26 1 0
github.com/HamStudy/kubewatch/internal/core/state.go:133.29,134.27 1 0
github.com/HamStudy/kubewatch/internal/core/state.go:135.26,136.24 1 0
github.com/HamStudy/kubewatch/internal/core/state.go:137.10,138.11 1 0
github.com/HamStudy/kubewatch/internal/core/state.go:143.48,150.2 6 0
github.com/HamStudy/kubewatch/internal/core/state.go:153.60,160.2 6 0
github.com/HamStudy/kubewatch/internal/core/state.go:163.43,167.2 3 0
github.com/HamStudy/kubewatch/internal/core/state.go:170.68,174.2 3 0
github.com/HamStudy/kubewatch/internal/core/state.go:177.71,181.2 3 0
github.com/HamStudy/kubewatch/internal/core/state.go:184.55,188.2 3 0
github.com/HamStudy/kubewatch/internal/core/state.go:191.67,195.2 3 0
github.com/HamStudy/kubewatch/internal/core/state.go:198.61,202.2 3 0
github.com/HamStudy/kubewatch/internal/core/state.go:205.52,209.2 3 0
github.com/HamStudy/kubewatch/internal/core/state.go:212.51,216.2 3 0
github.com/HamStudy/kubewatch/internal/core/state.go:219.55,226.31 5 0
github.com/HamStudy/kubewatch/internal/core/state.go:226.31,228.3 1 0
github.com/HamStudy/kubewatch/internal/core/state.go:232.68,236.2 3 0
github.com/HamStudy/kubewatch/internal/core/state.go:239.93,243.2 3 0
github.com/HamStudy/kubewatch/internal/core/state.go:246.96,250.2 3 0
github.com/HamStudy/kubewatch/internal/core/state.go:253.80,257.2 3 0
github.com/HamStudy/kubewatch/internal/core/state.go:260.92,264.2 3 0
github.com/HamStudy/kubewatch/internal/core/state.go:267.86,271.2 3 0
github.com/HamStudy/kubewatch/internal/core/state.go:274.77,278.2 3 0
github.com/HamStudy/kubewatch/internal/core/state.go:281.46,285.25 3 0
github.com/HamStudy/kubewatch/internal/core/state.go:285.25,287.3 1 0
github.com/HamStudy/kubewatch/internal/core/state.go:289.2,290.44 2 0
github.com/HamStudy/kubewatch/internal/core/state.go:290.44,291.31 1 0
github.com/HamStudy/kubewatch/internal/core/state.go:291.31,292.48 1 0
github.com/HamStudy/kubewatch/internal/core/state.go:292.48,294.5 1 0
github.com/HamStudy/kubewatch/internal/core/state.go:297.2,297.16 1 0
github.com/HamStudy/kubewatch/internal/core/state.go:301.64,305.25 3 0
github.com/HamStudy/kubewatch/internal/core/state.go:305.25,307.3 1 0
github.com/HamStudy/kubewatch/internal/core/state.go:309.2,310.44 2 0
github.com/HamStudy/kubewatch/internal/core/state.go:310.44,311.31 1 0
github.com/HamStudy/kubewatch/internal/core/state.go:311.31,312.62 1 0
github.com/HamStudy/kubewatch/internal/core/state.go:312.62,314.5 1 0
github.com/HamStudy/kubewatch/internal/core/state.go:317.2,317.23 1 0
github.com/HamStudy/kubewatch/cmd/kubewatch/main.go:71.29,118.22 33 0
github.com/HamStudy/kubewatch/cmd/kubewatch/main.go:118.22,159.3 40 0
github.com/HamStudy/kubewatch/cmd/kubewatch/main.go:161.2,164.105 2 0
github.com/HamStudy/kubewatch/cmd/kubewatch/main.go:164.105,167.3 2 0
github.com/HamStudy/kubewatch/cmd/kubewatch/main.go:170.2,171.19 2 0
github.com/HamStudy/kubewatch/cmd/kubewatch/main.go:171.19,174.3 1 0
github.com/HamStudy/kubewatch/cmd/kubewatch/main.go:176.2,176.14 1 0
github.com/HamStudy/kubewatch/cmd/kubewatch/main.go:180.55,184.25 2 0
github.com/HamStudy/kubewatch/cmd/kubewatch/main.go:184.25,185.43 1 0
github.com/HamStudy/kubewatch/cmd/kubewatch/main.go:185.43,188.33 2 0
github.com/HamStudy/kubewatch/cmd/kubewatch/main.go:188.33,190.5 1 0
github.com/HamStudy/kubewatch/cmd/kubewatch/main.go:191.9,194.4 1 0
github.com/HamStudy/kubewatch/cmd/kubewatch/main.go:198.2,198.29 1 0
github.com/HamStudy/kubewatch/cmd/kubewatch/main.go:198.29,200.17 2 0
github.com/HamStudy/kubewatch/cmd/kubewatch/main.go:200.17,202.4 1 0
github.com/HamStudy/kubewatch/cmd/kubewatch/main.go:203.3,206.22 3 0
github.com/HamStudy/kubewatch/cmd/kubewatch/main.go:206.22,208.49 2 0
github.com/HamStudy/kubewatch/cmd/kubewatch/main.go:208.49,210.5 1 0
github.com/HamStudy/kubewatch/cmd/kubewatch/main.go:212.3,212.39 1 0
github.com/HamStudy/kubewatch/cmd/kubewatch/main.go:212.39,214.4 1 0
github.com/HamStudy/kubewatch/cmd/kubewatch/main.go:218.2,220.31 3 0
github.com/HamStudy/kubewatch/cmd/kubewatch/main.go:220.31,221.17 1 0
github.com/HamStudy/kubewatch/cmd/kubewatch/main.go:221.17,224.4 2 0
github.com/HamStudy/kubewatch/cmd/kubewatch/main.go:227.2,227.28 1 0
github.com/HamStudy/kubewatch/cmd/kubewatch/main.go:230.13,234.19 2 0
github.com/HamStudy/kubewatch/cmd/kubewatch/main.go:234.19,237.3 2 0
github.com/HamStudy/kubewatch/cmd/kubewatch/main.go:240.2,240.16 1 0
github.com/HamStudy/kubewatch/cmd/kubewatch/main.go:240.16,243.3 2 0
github.com/HamStudy/kubewatch/cmd/kubewatch/main.go:246.2,252.12 5 0
github.com/HamStudy/kubewatch/cmd/kubewatch/main.go:252.12,255.3 2 0
github.com/HamStudy/kubewatch/cmd/kubewatch/main.go:258.2,259.16 2 0
github.com/HamStudy/kubewatch/cmd/kubewatch/main.go:259.16,261.3 1 0
github.com/HamStudy/kubewatch/cmd/kubewatch/main.go:264.2,268.16 3 0
github.com/HamStudy/kubewatch/cmd/kubewatch/main.go:268.16,270.3 1 0
github.com/HamStudy/kubewatch/cmd/kubewatch/main.go:272.2,276.20 4 0
github.com/HamStudy/kubewatch/cmd/kubewatch/main.go:276.20,279.17 2 0
github.com/HamStudy/kubewatch/cmd/kubewatch/main.go:279.17,281.4 1 0
github.com/HamStudy/kubewatch/cmd/kubewatch/main.go:284.3,287.75 3 0
github.com/HamStudy/kubewatch/cmd/kubewatch/main.go:288.8,292.25 2 0
github.com/HamStudy/kubewatch/cmd/kubewatch/main.go:292.25,294.4 1 0
github.com/HamStudy/kubewatch/cmd/kubewatch/main.go:296.3,313.17 2 0
github.com/HamStudy/kubewatch/cmd/kubewatch/main.go:313.17,315.4 1 0
github.com/HamStudy/kubewatch/cmd/kubewatch/main.go:319.2,320.20 2 0
github.com/HamStudy/kubewatch/cmd/kubewatch/main.go:320.20,322.3 1 0
github.com/HamStudy/kubewatch/cmd/kubewatch/main.go:322.8,324.3 1 0
github.com/HamStudy/kubewatch/cmd/kubewatch/main.go:326.2,329.35 2 0
github.com/HamStudy/kubewatch/cmd/kubewatch/main.go:329.35,331.3 1 0
github.com/HamStudy/kubewatch/cmd/kubewatch/main.go:335.65,338.16 2 0
github.com/HamStudy/kubewatch/cmd/kubewatch/main.go:338.16,340.3 1 0
github.com/HamStudy/kubewatch/cmd/kubewatch/main.go:343.2,343.28 1 0
github.com/HamStudy/kubewatch/cmd/kubewatch/main.go:343.28,345.3 1 0
github.com/HamStudy/kubewatch/cmd/kubewatch/main.go:347.2,347.27 1 0
github.com/HamStudy/kubewatch/cmd/kubewatch/main.go:347.27,349.3 1 0
github.com/HamStudy/kubewatch/cmd/kubewatch/main.go:349.8,349.32 1 0
github.com/HamStudy/kubewatch/cmd/kubewatch/main.go:349.32,351.3 1 0
github.com/HamStudy/kubewatch/cmd/kubewatch/main.go:353.2,353.25 1 0
github.com/HamStudy/kubewatch/cmd/kubewatch/main.go:353.25,355.3 1 0
github.com/HamStudy/kubewatch/cmd/kubewatch/main.go:357.2,357.31 1 0
github.com/HamStudy/kubewatch/cmd/kubewatch/main.go:357.31,359.3 1 0
github.com/HamStudy/kubewatch/cmd/kubewatch/main.go:361.2,361.28 1 0
github.com/HamStudy/kubewatch/cmd/kubewatch/main.go:361.28,363.3 1 0
github.com/HamStudy/kubewatch/cmd/kubewatch/main.go:365.2,365.33 1 0
github.com/HamStudy/kubewatch/cmd/kubewatch/main.go:365.33,367.3 1 0
github.com/HamStudy/kubewatch/cmd/kubewatch/main.go:369.2,369.29 1 0
github.com/HamStudy/kubewatch/cmd/kubewatch/main.go:369.29,371.3 1 0
github.com/HamStudy/kubewatch/cmd/kubewatch/main.go:374.2,374.30 1 0
github.com/HamStudy/kubewatch/cmd/kubewatch/main.go:374.30,376.46 1 0
github.com/HamStudy/kubewatch/cmd/kubewatch/main.go:377.28,378.38 1 0
github.com/HamStudy/kubewatch/cmd/kubewatch/main.go:379.46,380.45 1 0
github.com/HamStudy/kubewatch/cmd/kubewatch/main.go:381.45,382.46 1 0
github.com/HamStudy/kubewatch/cmd/kubewatch/main.go:383.37,384.42 1 0
github.com/HamStudy/kubewatch/cmd/kubewatch/main.go:385.38,386.42 1 0
github.com/HamStudy/kubewatch/cmd/kubewatch/main.go:387.40,388.44 1 0
github.com/HamStudy/kubewatch/cmd/kubewatch/main.go:389.28,390.41 1 0
github.com/HamStudy/kubewatch/cmd/kubewatch/main.go:391.11,393.51 1 0
github.com/HamStudy/kubewatch/cmd/kubewatch/main.go:398.2,398.26 1 0
github.com/HamStudy/kubewatch/cmd/kubewatch/main.go:398.27,400.3 0 0
github.com/HamStudy/kubewatch/cmd/kubewatch/main.go:400.8,400.33 1 0
github.com/HamStudy/kubewatch/cmd/kubewatch/main.go:400.33,402.17 2 0
github.com/HamStudy/kubewatch/cmd/kubewatch/main.go:402.17,404.4 1 0
github.com/HamStudy/kubewatch/cmd/kubewatch/main.go:407.2,407.20 1 0
github.com/HamStudy/kubewatch/internal/k8s/client.go:51.32,52.31 1 12
github.com/HamStudy/kubewatch/internal/k8s/client.go:52.31,54.3 1 0
github.com/HamStudy/kubewatch/internal/k8s/client.go:55.2,55.12 1 12
github.com/HamStudy/kubewatch/internal/k8s/client.go:59.64,61.16 2 9
github.com/HamStudy/kubewatch/internal/k8s/client.go:61.16,63.3 1 1
github.com/HamStudy/kubewatch/internal/k8s/client.go:65.2,66.16 2 8
github.com/HamStudy/kubewatch/internal/k8s/client.go:66.16,69.3 1 0
github.com/HamStudy/kubewatch/internal/k8s/client.go:71.2,75.8 1 8
github.com/HamStudy/kubewatch/internal/k8s/client.go:79.52,85.16 4 3
github.com/HamStudy/kubewatch/internal/k8s/client.go:85.16,90.23 2 3
github.com/HamStudy/kubewatch/internal/k8s/client.go:90.23,97.31 4 2
github.com/HamStudy/kubewatch/internal/k8s/client.go:97.31,99.22 2 5
github.com/HamStudy/kubewatch/internal/k8s/client.go:99.22,101.6 1 5
github.com/HamStudy/kubewatch/internal/k8s/client.go:104.4,104.27 1 2
github.com/HamStudy/kubewatch/internal/k8s/client.go:104.27,106.5 1 2
github.com/HamStudy/kubewatch/internal/k8s/client.go:107.9,109.63 1 1
github.com/HamStudy/kubewatch/internal/k8s/client.go:109.63,111.51 2 1
github.com/HamStudy/kubewatch/internal/k8s/client.go:111.51,113.6 1 1
github.com/HamStudy/kubewatch/internal/k8s/client.go:118.3,125.17 4 3
github.com/HamStudy/kubewatch/internal/k8s/client.go:125.17,127.4 1 1
github.com/HamStudy/kubewatch/internal/k8s/client.go:130.2,130.36 1 2
github.com/HamStudy/kubewatch/internal/k8s/client.go:134.84,140.16 4 6
github.com/HamStudy/kubewatch/internal/k8s/client.go:140.16,145.23 2 6
github.com/HamStudy/kubewatch/internal/k8s/client.go:145.23,152.31 4 6
github.com/HamStudy/kubewatch/internal/k8s/client.go:152.31,154.22 2 6
github.com/HamStudy/kubewatch/internal/k8s/client.go:154.22,156.6 1 6
github.com/HamStudy/kubewatch/internal/k8s/client.go:159.4,159.27 1 6
github.com/HamStudy/kubewatch/internal/k8s/client.go:159.27,161.5 1 6
github.com/HamStudy/kubewatch/internal/k8s/client.go:162.9,164.63 1 0
github.com/HamStudy/kubewatch/internal/k8s/client.go:164.63,166.51 2 0
github.com/HamStudy/kubewatch/internal/k8s/client.go:166.51,168.6 1 0
github.com/HamStudy/kubewatch/internal/k8s/client.go:173.3,175.18 2 6
github.com/HamStudy/kubewatch/internal/k8s/client.go:175.18,177.26 1 5
github.com/HamStudy/kubewatch/internal/k8s/client.go:177.26,179.5 1 1
github.com/HamStudy/kubewatch/internal/k8s/client.go:182.4,182.39 1 5
github.com/HamStudy/kubewatch/internal/k8s/client.go:182.39,184.5 1 1
github.com/HamStudy/kubewatch/internal/k8s/client.go:185.4,185.31 1 5
github.com/HamStudy/kubewatch/internal/k8s/client.go:185.31,187.5 1 1
github.com/HamStudy/kubewatch/internal/k8s/client.go:188.4,188.26 1 5
github.com/HamStudy/kubewatch/internal/k8s/client.go:188.26,190.5 1 1
github.com/HamStudy/kubewatch/internal/k8s/client.go:193.4,193.36 1 5
github.com/HamStudy/kubewatch/internal/k8s/client.go:193.36,195.5 1 1
github.com/HamStudy/kubewatch/internal/k8s/client.go:196.4,196.28 1 5
github.com/HamStudy/kubewatch/internal/k8s/client.go:196.28,198.5 1 1
github.com/HamStudy/kubewatch/internal/k8s/client.go:199.4,199.24 1 5
github.com/HamStudy/kubewatch/internal/k8s/client.go:199.24,201.5 1 1
github.com/HamStudy/kubewatch/internal/k8s/client.go:202.4,202.28 1 5
github.com/HamStudy/kubewatch/internal/k8s/client.go:202.28,204.5 1 0
github.com/HamStudy/kubewatch/internal/k8s/client.go:205.4,205.30 1 5
github.com/HamStudy/kubewatch/internal/k8s/client.go:205.30,207.5 1 1
github.com/HamStudy/kubewatch/internal/k8s/client.go:208.4,208.39 1 5
github.com/HamStudy/kubewatch/internal/k8s/client.go:208.39,210.5 1 1
github.com/HamStudy/kubewatch/internal/k8s/client.go:211.4,211.33 1 5
github.com/HamStudy/kubewatch/internal/k8s/client.go:211.33,215.5 1 1
github.com/HamStudy/kubewatch/internal/k8s/client.go:218.4,218.28 1 5
github.com/HamStudy/kubewatch/internal/k8s/client.go:218.28,220.5 1 1
github.com/HamStudy/kubewatch/internal/k8s/client.go:223.4,223.26 1 5
github.com/HamStudy/kubewatch/internal/k8s/client.go:223.26,225.5 1 1
github.com/HamStudy/kubewatch/internal/k8s/client.go:229.3,235.17 3 6
github.com/HamStudy/kubewatch/internal/k8s/client.go:235.17,237.4 1 2
github.com/HamStudy/kubewatch/internal/k8s/client.go:240.3,240.40 1 4
github.com/HamStudy/kubewatch/internal/k8s/client.go:240.41,243.4 0 1
github.com/HamStudy/kubewatch/internal/k8s/client.go:246.2,246.36 1 4
github.com/HamStudy/kubewatch/internal/k8s/client.go:250.77,252.16 2 2
github.com/HamStudy/kubewatch/internal/k8s/client.go:252.16,254.3 1 0
github.com/HamStudy/kubewatch/internal/k8s/client.go:255.2,255.24 1 2
github.com/HamStudy/kubewatch/internal/k8s/client.go:259.78,261.16 2 2
github.com/HamStudy/kubewatch/internal/k8s/client.go:261.16,263.3 1 0
github.com/HamStudy/kubewatch/internal/k8s/client.go:264.2,264.24 1 2
github.com/HamStudy/kubewatch/internal/k8s/client.go:268.84,270.16 2 128
github.com/HamStudy/kubewatch/internal/k8s/client.go:270.16,272.3 1 1
github.com/HamStudy/kubewatch/internal/k8s/client.go:273.2,273.24 1 126
github.com/HamStudy/kubewatch/internal/k8s/client.go:277.92,279.2 1 1
github.com/HamStudy/kubewatch/internal/k8s/client.go:282.79,284.2 1 2
github.com/HamStudy/kubewatch/internal/k8s/client.go:287.90,288.29 1 0
github.com/HamStudy/kubewatch/internal/k8s/client.go:288.29,289.59 1 0
github.com/HamStudy/kubewatch/internal/k8s/client.go:289.59,291.4 1 0
github.com/HamStudy/kubewatch/internal/k8s/client.go:293.2,293.12 1 0
github.com/HamStudy/kubewatch/internal/k8s/client.go:298.137,303.21 2 4
github.com/HamStudy/kubewatch/internal/k8s/client.go:303.21,305.3 1 3
github.com/HamStudy/kubewatch/internal/k8s/client.go:307.2,308.24 2 4
github.com/HamStudy/kubewatch/internal/k8s/client.go:312.202,319.21 2 4
github.com/HamStudy/kubewatch/internal/k8s/client.go:319.21,321.3 1 3
github.com/HamStudy/kubewatch/internal/k8s/client.go:322.2,322.22 1 4
github.com/HamStudy/kubewatch/internal/k8s/client.go:322.22,324.3 1 1
github.com/HamStudy/kubewatch/internal/k8s/client.go:326.2,327.24 2 4
github.com/HamStudy/kubewatch/internal/k8s/client.go:331.102,333.16 2 3
github.com/HamStudy/kubewatch/internal/k8s/client.go:333.16,335.3 1 0
github.com/HamStudy/kubewatch/internal/k8s/client.go:336.2,336.24 1 3
github.com/HamStudy/kubewatch/internal/k8s/client.go:340.99,342.2 1 1
github.com/HamStudy/kubewatch/internal/k8s/client.go:345.86,347.2 1 1
github.com/HamStudy/kubewatch/internal/k8s/client.go:350.104,352.16 2 1
github.com/HamStudy/kubewatch/internal/k8s/client.go:352.16,354.3 1 0
github.com/HamStudy/kubewatch/internal/k8s/client.go:355.2,355.24 1 1
github.com/HamStudy/kubewatch/internal/k8s/client.go:359.100,361.2 1 0
github.com/HamStudy/kubewatch/internal/k8s/client.go:364.87,366.2 1 1
github.com/HamStudy/kubewatch/internal/k8s/client.go:369.92,371.16 2 1
github.com/HamStudy/kubewatch/internal/k8s/client.go:371.16,373.3 1 0
github.com/HamStudy/kubewatch/internal/k8s/client.go:374.2,374.24 1 1
github.com/HamStudy/kubewatch/internal/k8s/client.go:378.96,380.2 1 1
github.com/HamStudy/kubewatch/internal/k8s/client.go:383.83,385.2 1 1
github.com/HamStudy/kubewatch/internal/k8s/client.go:388.103,390.16 2 1
github.com/HamStudy/kubewatch/internal/k8s/client.go:390.16,392.3 1 0
github.com/HamStudy/kubewatch/internal/k8s/client.go:393.2,393.24 1 1
github.com/HamStudy/kubewatch/internal/k8s/client.go:397.97,399.2 1 0
github.com/HamStudy/kubewatch/internal/k8s/client.go:402.83,404.2 1 1
github.com/HamStudy/kubewatch/internal/k8s/client.go:407.96,409.16 2 1
github.com/HamStudy/kubewatch/internal/k8s/client.go:409.16,411.3 1 0
github.com/HamStudy/kubewatch/internal/k8s/client.go:412.2,412.24 1 1
github.com/HamStudy/kubewatch/internal/k8s/client.go:416.98,418.2 1 0
github.com/HamStudy/kubewatch/internal/k8s/client.go:421.85,423.2 1 1
github.com/HamStudy/kubewatch/internal/k8s/client.go:426.90,428.16 2 1
github.com/HamStudy/kubewatch/internal/k8s/client.go:428.16,430.3 1 0
github.com/HamStudy/kubewatch/internal/k8s/client.go:431.2,431.24 1 1
github.com/HamStudy/kubewatch/internal/k8s/client.go:435.95,437.2 1 0
github.com/HamStudy/kubewatch/internal/k8s/client.go:440.82,442.2 1 1
github.com/HamStudy/kubewatch/internal/k8s/client.go:445.112,447.16 2 2
github.com/HamStudy/kubewatch/internal/k8s/client.go:447.16,449.3 1 1
github.com/HamStudy/kubewatch/internal/k8s/client.go:451.2,455.16 3 1
github.com/HamStudy/kubewatch/internal/k8s/client.go:455.16,457.3 1 0
github.com/HamStudy/kubewatch/internal/k8s/client.go:459.2,459.24 1 1
github.com/HamStudy/kubewatch/internal/k8s/client.go:463.114,465.16 2 1
github.com/HamStudy/kubewatch/internal/k8s/client.go:465.16,467.3 1 0
github.com/HamStudy/kubewatch/internal/k8s/client.go:469.2,473.16 3 1
github.com/HamStudy/kubewatch/internal/k8s/client.go:473.16,475.3 1 0
github.com/HamStudy/kubewatch/internal/k8s/client.go:477.2,477.24 1 1
github.com/HamStudy/kubewatch/internal/k8s/client.go:489.39,490.19 1 5
github.com/HamStudy/kubewatch/internal/k8s/client.go:490.19,492.3 1 1
github.com/HamStudy/kubewatch/internal/k8s/client.go:494.2,494.21 1 4
github.com/HamStudy/kubewatch/internal/k8s/client.go:494.21,497.3 1 1
github.com/HamStudy/kubewatch/internal/k8s/client.go:497.8,501.3 2 3
github.com/HamStudy/kubewatch/internal/k8s/client.go:505.39,506.16 1 6
github.com/HamStudy/kubewatch/internal/k8s/client.go:506.16,508.3 1 1
github.com/HamStudy/kubewatch/internal/k8s/client.go:510.2,516.17 2 5
github.com/HamStudy/kubewatch/internal/k8s/client.go:516.17,520.34 3 2
github.com/HamStudy/kubewatch/internal/k8s/client.go:520.34,522.4 1 1
github.com/HamStudy/kubewatch/internal/k8s/client.go:523.3,523.33 1 1
github.com/HamStudy/kubewatch/internal/k8s/client.go:524.8,524.24 1 3
github.com/HamStudy/kubewatch/internal/k8s/client.go:524.24,527.3 2 1
github.com/HamStudy/kubewatch/internal/k8s/client.go:527.8,527.24 1 2
github.com/HamStudy/kubewatch/internal/k8s/client.go:527.24,530.3 2 1
github.com/HamStudy/kubewatch/internal/k8s/client.go:531.2,531.34 1 1
github.com/HamStudy/kubewatch/internal/k8s/client.go:541.103,542.28 1 2
github.com/HamStudy/kubewatch/internal/k8s/client.go:542.28,544.3 1 1
github.com/HamStudy/kubewatch/internal/k8s/client.go:546.2,547.16 2 1
github.com/HamStudy/kubewatch/internal/k8s/client.go:547.16,549.3 1 0
github.com/HamStudy/kubewatch/internal/k8s/client.go:551.2,552.34 2 1
github.com/HamStudy/kubewatch/internal/k8s/client.go:552.34,557.42 3 0
github.com/HamStudy/kubewatch/internal/k8s/client.go:557.42,558.62 1 0
github.com/HamStudy/kubewatch/internal/k8s/client.go:558.62,561.5 1 0
github.com/HamStudy/kubewatch/internal/k8s/client.go:562.4,562.65 1 0
github.com/HamStudy/kubewatch/internal/k8s/client.go:562.65,564.5 1 0
github.com/HamStudy/kubewatch/internal/k8s/client.go:568.3,578.4 3 0
github.com/HamStudy/kubewatch/internal/k8s/client.go:580.2,580.20 1 1
github.com/HamStudy/kubewatch/internal/k8s/client.go:584.87,585.28 1 2
github.com/HamStudy/kubewatch/internal/k8s/client.go:585.28,587.3 1 1
github.com/HamStudy/kubewatch/internal/k8s/client.go:589.2,590.16 2 1
github.com/HamStudy/kubewatch/internal/k8s/client.go:590.16,592.3 1 0
github.com/HamStudy/kubewatch/internal/k8s/client.go:594.2,595.34 2 1
github.com/HamStudy/kubewatch/internal/k8s/client.go:595.34,599.53 3 0
github.com/HamStudy/kubewatch/internal/k8s/client.go:599.53,601.4 1 0
github.com/HamStudy/kubewatch/internal/k8s/client.go:602.3,602.56 1 0
github.com/HamStudy/kubewatch/internal/k8s/client.go:602.56,604.4 1 0
github.com/HamStudy/kubewatch/internal/k8s/client.go:606.3,610.4 1 0
github.com/HamStudy/kubewatch/internal/k8s/client.go:612.2,612.20 1 1
github.com/HamStudy/kubewatch/internal/k8s/client.go:623.122,625.35 1 5
github.com/HamStudy/kubewatch/internal/k8s/client.go:626.14,628.30 1 5
github.com/HamStudy/kubewatch/internal/k8s/client.go:629.22,630.46 1 2
github.com/HamStudy/kubewatch/internal/k8s/client.go:631.36,632.53 1 1
github.com/HamStudy/kubewatch/internal/k8s/client.go:633.30,634.50 1 1
github.com/HamStudy/kubewatch/internal/k8s/client.go:635.11,636.62 1 1
github.com/HamStudy/kubewatch/internal/k8s/client.go:638.10,641.43 2 0
github.com/HamStudy/kubewatch/internal/k8s/client.go:642.22,643.46 1 0
github.com/HamStudy/kubewatch/internal/k8s/client.go:644.36,645.53 1 0
github.com/HamStudy/kubewatch/internal/k8s/client.go:646.30,647.50 1 0
github.com/HamStudy/kubewatch/internal/k8s/client.go:648.11,649.72 1 0
github.com/HamStudy/kubewatch/internal/k8s/client.go:655.91,657.16 2 2
github.com/HamStudy/kubewatch/internal/k8s/client.go:657.16,659.3 1 1
github.com/HamStudy/kubewatch/internal/k8s/client.go:661.2,669.25 8 1
github.com/HamStudy/kubewatch/internal/k8s/client.go:669.25,671.32 2 1
github.com/HamStudy/kubewatch/internal/k8s/client.go:671.32,673.4 1 1
github.com/HamStudy/kubewatch/internal/k8s/client.go:676.2,676.34 1 1
github.com/HamStudy/kubewatch/internal/k8s/client.go:676.34,678.49 2 1
github.com/HamStudy/kubewatch/internal/k8s/client.go:678.49,681.32 3 1
github.com/HamStudy/kubewatch/internal/k8s/client.go:681.32,682.42 1 1
github.com/HamStudy/kubewatch/internal/k8s/client.go:682.42,684.6 1 1
github.com/HamStudy/kubewatch/internal/k8s/client.go:690.2,690.43 1 1
github.com/HamStudy/kubewatch/internal/k8s/client.go:690.43,692.55 2 1
github.com/HamStudy/kubewatch/internal/k8s/client.go:692.55,696.35 4 1
github.com/HamStudy/kubewatch/internal/k8s/client.go:696.35,698.5 1 1
github.com/HamStudy/kubewatch/internal/k8s/client.go:698.10,698.42 1 0
github.com/HamStudy/kubewatch/internal/k8s/client.go:698.42,700.5 1 0
github.com/HamStudy/kubewatch/internal/k8s/client.go:700.10,700.45 1 0
github.com/HamStudy/kubewatch/internal/k8s/client.go:700.45,702.5 1 0
github.com/HamStudy/kubewatch/internal/k8s/client.go:706.2,706.29 1 1
github.com/HamStudy/kubewatch/internal/k8s/client.go:710.98,712.16 2 1
github.com/HamStudy/kubewatch/internal/k8s/client.go:712.16,714.3 1 0
github.com/HamStudy/kubewatch/internal/k8s/client.go:716.2,721.37 5 1
github.com/HamStudy/kubewatch/internal/k8s/client.go:721.37,728.3 1 1
github.com/HamStudy/kubewatch/internal/k8s/client.go:730.2,730.41 1 1
github.com/HamStudy/kubewatch/internal/k8s/client.go:730.41,732.3 1 1
github.com/HamStudy/kubewatch/internal/k8s/client.go:734.2,734.86 1 1
github.com/HamStudy/kubewatch/internal/k8s/client.go:734.86,736.58 2 1
github.com/HamStudy/kubewatch/internal/k8s/client.go:736.58,738.4 1 1
github.com/HamStudy/kubewatch/internal/k8s/client.go:741.2,741.32 1 1
github.com/HamStudy/kubewatch/internal/k8s/client.go:741.32,743.39 2 1
github.com/HamStudy/kubewatch/internal/k8s/client.go:743.39,745.4 1 1
github.com/HamStudy/kubewatch/internal/k8s/client.go:748.2,748.29 1 1
github.com/HamStudy/kubewatch/internal/k8s/client.go:752.95,754.16 2 1
github.com/HamStudy/kubewatch/internal/k8s/client.go:754.16,756.3 1 0
github.com/HamStudy/kubewatch/internal/k8s/client.go:758.2,765.33 7 1
github.com/HamStudy/kubewatch/internal/k8s/client.go:765.33,767.43 2 1
github.com/HamStudy/kubewatch/internal/k8s/client.go:767.43,769.26 2 1
github.com/HamStudy/kubewatch/internal/k8s/client.go:769.26,771.5 1 0
github.com/HamStudy/kubewatch/internal/k8s/client.go:775.2,775.36 1 1
github.com/HamStudy/kubewatch/internal/k8s/client.go:775.36,777.43 2 1
github.com/HamStudy/kubewatch/internal/k8s/client.go:777.43,779.4 1 1
github.com/HamStudy/kubewatch/internal/k8s/client.go:782.2,782.29 1 1
github.com/HamStudy/kubewatch/internal/k8s/client.go:782.29,784.36 2 1
github.com/HamStudy/kubewatch/internal/k8s/client.go:784.36,786.4 1 1
github.com/HamStudy/kubewatch/internal/k8s/client.go:789.2,789.29 1 1
github.com/HamStudy/kubewatch/internal/k8s/multi_client.go:28.80,29.28 1 3
github.com/HamStudy/kubewatch/internal/k8s/multi_client.go:29.28,31.3 1 1
github.com/HamStudy/kubewatch/internal/k8s/multi_client.go:33.2,42.43 4 2
github.com/HamStudy/kubewatch/internal/k8s/multi_client.go:42.43,48.17 3 2
github.com/HamStudy/kubewatch/internal/k8s/multi_client.go:48.17,50.4 1 2
github.com/HamStudy/kubewatch/internal/k8s/multi_client.go:52.3,52.35 1 0
github.com/HamStudy/kubewatch/internal/k8s/multi_client.go:55.2,55.16 1 0
github.com/HamStudy/kubewatch/internal/k8s/multi_client.go:59.132,66.16 3 3
github.com/HamStudy/kubewatch/internal/k8s/multi_client.go:66.16,68.3 1 3
github.com/HamStudy/kubewatch/internal/k8s/multi_client.go:70.2,70.36 1 0
github.com/HamStudy/kubewatch/internal/k8s/multi_client.go:74.54,78.2 3 101
github.com/HamStudy/kubewatch/internal/k8s/multi_client.go:81.74,86.9 4 119
github.com/HamStudy/kubewatch/internal/k8s/multi_client.go:86.9,88.3 1 4
github.com/HamStudy/kubewatch/internal/k8s/multi_client.go:89.2,89.20 1 115
github.com/HamStudy/kubewatch/internal/k8s/multi_client.go:93.116,99.42 5 4
github.com/HamStudy/kubewatch/internal/k8s/multi_client.go:99.42,101.27 2 9
github.com/HamStudy/kubewatch/internal/k8s/multi_client.go:101.27,105.18 3 9
github.com/HamStudy/kubewatch/internal/k8s/multi_client.go:105.18,108.5 2 3
github.com/HamStudy/kubewatch/internal/k8s/multi_client.go:110.4,111.18 2 6
github.com/HamStudy/kubewatch/internal/k8s/multi_client.go:111.18,114.5 2 0
github.com/HamStudy/kubewatch/internal/k8s/multi_client.go:116.4,117.29 2 6
github.com/HamStudy/kubewatch/internal/k8s/multi_client.go:117.29,122.5 1 4
github.com/HamStudy/kubewatch/internal/k8s/multi_client.go:123.4,123.15 1 6
github.com/HamStudy/kubewatch/internal/k8s/multi_client.go:127.2,132.27 4 4
github.com/HamStudy/kubewatch/internal/k8s/multi_client.go:132.27,134.3 1 3
github.com/HamStudy/kubewatch/internal/k8s/multi_client.go:135.2,135.19 1 4
github.com/HamStudy/kubewatch/internal/k8s/multi_client.go:135.19,138.3 1 2
github.com/HamStudy/kubewatch/internal/k8s/multi_client.go:140.2,140.21 1 2
github.com/HamStudy/kubewatch/internal/k8s/multi_client.go:156.130,162.42 5 1
github.com/HamStudy/kubewatch/internal/k8s/multi_client.go:162.42,164.27 2 2
github.com/HamStudy/kubewatch/internal/k8s/multi_client.go:164.27,168.18 3 2
github.com/HamStudy/kubewatch/internal/k8s/multi_client.go:168.18,171.5 2 0
github.com/HamStudy/kubewatch/internal/k8s/multi_client.go:173.4,174.18 2 2
github.com/HamStudy/kubewatch/internal/k8s/multi_client.go:174.18,177.5 2 0
github.com/HamStudy/kubewatch/internal/k8s/multi_client.go:179.4,180.43 2 2
github.com/HamStudy/kubewatch/internal/k8s/multi_client.go:180.43,185.5 1 3
github.com/HamStudy/kubewatch/internal/k8s/multi_client.go:186.4,186.15 1 2
github.com/HamStudy/kubewatch/internal/k8s/multi_client.go:190.2,195.27 4 1
github.com/HamStudy/kubewatch/internal/k8s/multi_client.go:195.27,197.3 1 0
github.com/HamStudy/kubewatch/internal/k8s/multi_client.go:198.2,198.19 1 1
github.com/HamStudy/kubewatch/internal/k8s/multi_client.go:198.19,200.3 1 0
github.com/HamStudy/kubewatch/internal/k8s/multi_client.go:202.2,202.28 1 1
github.com/HamStudy/kubewatch/internal/k8s/multi_client.go:236.55,239.16 3 1
github.com/HamStudy/kubewatch/internal/k8s/multi_client.go:239.16,241.3 1 0
github.com/HamStudy/kubewatch/internal/k8s/multi_client.go:243.2,244.36 2 1
github.com/HamStudy/kubewatch/internal/k8s/multi_client.go:244.36,246.3 1 3
github.com/HamStudy/kubewatch/internal/k8s/multi_client.go:248.2,248.45 1 1
github.com/HamStudy/kubewatch/internal/core/config.go:21.36,32.22 3 0
github.com/HamStudy/kubewatch/internal/core/config.go:32.22,35.17 2 0
github.com/HamStudy/kubewatch/internal/core/config.go:35.17,37.4 1 0
github.com/HamStudy/kubewatch/internal/core/config.go:38.3,38.54 1 0
github.com/HamStudy/kubewatch/internal/core/config.go:40.2,44.21 3 0
github.com/HamStudy/kubewatch/internal/core/config.go:44.21,46.3 1 0
github.com/HamStudy/kubewatch/internal/core/config.go:47.2,49.20 2 0
github.com/HamStudy/kubewatch/internal/core/state.go:73.38,76.38 2 0
github.com/HamStudy/kubewatch/internal/core/state.go:76.38,77.37 1 0
github.com/HamStudy/kubewatch/internal/core/state.go:78.21,79.41 1 0
github.com/HamStudy/kubewatch/internal/core/state.go:80.22,81.42 1 0
github.com/HamStudy/kubewatch/internal/core/state.go:82.18,83.38 1 0
github.com/HamStudy/kubewatch/internal/core/state.go:84.18,85.38 1 0
github.com/HamStudy/kubewatch/internal/core/state.go:86.20,87.40 1 0
github.com/HamStudy/kubewatch/internal/core/state.go:88.17,89.37 1 0
github.com/HamStudy/kubewatch/internal/core/state.go:90.11,91.34 1 0
github.com/HamStudy/kubewatch/internal/core/state.go:95.2,114.3 1 0
github.com/HamStudy/kubewatch/internal/core/state.go:118.47,122.31 3 5
github.com/HamStudy/kubewatch/internal/core/state.go:123.23,124.21 1 5
github.com/HamStudy/kubewatch/internal/core/state.go:125.30,126.28 1 0
github.com/HamStudy/kubewatch/internal/core/state.go:127.31,128.29 1 0
github.com/HamStudy/kubewatch/internal/core/state.go:129.27,130.25 1 0
github.com/HamStudy/kubewatch/internal/core/state.go:131.27,132.26 1 0
github.com/HamStudy/kubewatch/internal/core/state.go:133.29,134.27 1 0
github.com/HamStudy/kubewatch/internal/core/state.go:135.26,136.24 1 0
github.com/HamStudy/kubewatch/internal/core/state.go:137.10,138.11 1 0
github.com/HamStudy/kubewatch/internal/core/state.go:143.48,150.2 6 0
github.com/HamStudy/kubewatch/internal/core/state.go:153.60,160.2 6 0
github.com/HamStudy/kubewatch/internal/core/state.go:163.43,167.2 3 0
github.com/HamStudy/kubewatch/internal/core/state.go:170.68,174.2 3 0
github.com/HamStudy/kubewatch/internal/core/state.go:177.71,181.2 3 0
github.com/HamStudy/kubewatch/internal/core/state.go:184.55,188.2 3 0
github.com/HamStudy/kubewatch/internal/core/state.go:191.67,195.2 3 0
github.com/HamStudy/kubewatch/internal/core/state.go:198.61,202.2 3 0
github.com/HamStudy/kubewatch/internal/core/state.go:205.52,209.2 3 0
github.com/HamStudy/kubewatch/internal/core/state.go:212.51,216.2 3 0
github.com/HamStudy/kubewatch/internal/core/state.go:219.55,226.31 5 0
github.com/HamStudy/kubewatch/internal/core/state.go:226.31,228.3 1 0
github.com/HamStudy/kubewatch/internal/core/state.go:232.68,236.2 3 0
github.com/HamStudy/kubewatch/internal/core/state.go:239.93,243.2 3 0
github.com/HamStudy/kubewatch/internal/core/state.go:246.96,250.2 3 0
github.com/HamStudy/kubewatch/internal/core/state.go:253.80,257.2 3 0
github.com/HamStudy/kubewatch/internal/core/state.go:260.92,264.2 3 0
github.com/HamStudy/kubewatch/internal/core/state.go:267.86,271.2 3 0
github.com/HamStudy/kubewatch/internal/core/state.go:274.77,278.2 3 0
github.com/HamStudy/kubewatch/internal/core/state.go:281.46,285.25 3 0
github.com/HamStudy/kubewatch/internal/core/state.go:285.25,287.3 1 0
github.com/HamStudy/kubewatch/internal/core/state.go:289.2,290.44 2 0
github.com/HamStudy/kubewatch/internal/core/state.go:290.44,291.31 1 0
github.com/HamStudy/kubewatch/internal/core/state.go:291.31,292.48 1 0
github.com/HamStudy/kubewatch/internal/core/state.go:292.48,294.5 1 0
github.com/HamStudy/kubewatch/internal/core/state.go:297.2,297.16 1 0
github.com/HamStudy/kubewatch/internal/core/state.go:301.64,305.25 3 0
github.com/HamStudy/kubewatch/internal/core/state.go:305.25,307.3 1 0
github.com/HamStudy/kubewatch/internal/core/state.go:309.2,310.44 2 0
github.com/HamStudy/kubewatch/internal/core/state.go:310.44,311.31 1 0
github.com/HamStudy/kubewatch/internal/core/state.go:311.31,312.62 1 0
github.com/HamStudy/kubewatch/internal/core/state.go:312.62,314.5 1 0
github.com/HamStudy/kubewatch/internal/core/state.go:317.2,317.23 1 0
github.com/HamStudy/kubewatch/internal/ui/views/confirm_view.go:23.57,31.2 1 26
github.com/HamStudy/kubewatch/internal/ui/views/confirm_view.go:34.38,36.2 1 1
github.com/HamStudy/kubewatch/internal/ui/views/confirm_view.go:39.64,40.27 1 17
github.com/HamStudy/kubewatch/internal/ui/views/confirm_view.go:41.18,42.23 1 16
github.com/HamStudy/kubewatch/internal/ui/views/confirm_view.go:43.27,44.30 1 5
github.com/HamStudy/kubewatch/internal/ui/views/confirm_view.go:45.21,46.30 1 3
github.com/HamStudy/kubewatch/internal/ui/views/confirm_view.go:47.17,50.17 3 2
github.com/HamStudy/kubewatch/internal/ui/views/confirm_view.go:51.17,54.17 3 2
github.com/HamStudy/kubewatch/internal/ui/views/confirm_view.go:55.21,57.17 1 2
github.com/HamStudy/kubewatch/internal/ui/views/confirm_view.go:58.12,61.17 2 1
github.com/HamStudy/kubewatch/internal/ui/views/confirm_view.go:65.2,65.15 1 10
github.com/HamStudy/kubewatch/internal/ui/views/confirm_view.go:69.37,110.17 12 7
github.com/HamStudy/kubewatch/internal/ui/views/confirm_view.go:110.17,113.3 2 1
github.com/HamStudy/kubewatch/internal/ui/views/confirm_view.go:113.8,116.3 2 6
github.com/HamStudy/kubewatch/internal/ui/views/confirm_view.go:118.2,129.17 5 7
github.com/HamStudy/kubewatch/internal/ui/views/confirm_view.go:129.17,131.3 1 7
github.com/HamStudy/kubewatch/internal/ui/views/confirm_view.go:133.2,146.3 4 7
github.com/HamStudy/kubewatch/internal/ui/views/confirm_view.go:150.50,153.2 2 8
github.com/HamStudy/kubewatch/internal/ui/views/confirm_view.go:156.42,158.2 1 2
github.com/HamStudy/kubewatch/internal/ui/views/confirm_view.go:161.42,163.2 1 0
github.com/HamStudy/kubewatch/internal/ui/views/confirm_view.go:166.51,168.2 1 2
github.com/HamStudy/kubewatch/internal/ui/views/confirm_view.go:171.50,173.2 1 2
github.com/HamStudy/kubewatch/internal/ui/views/context_view.go:24.79,26.38 2 37
github.com/HamStudy/kubewatch/internal/ui/views/context_view.go:26.38,28.3 1 8
github.com/HamStudy/kubewatch/internal/ui/views/context_view.go:30.2,35.3 1 37
github.com/HamStudy/kubewatch/internal/ui/views/context_view.go:39.38,41.2 1 1
github.com/HamStudy/kubewatch/internal/ui/views/context_view.go:44.64,45.27 1 53
github.com/HamStudy/kubewatch/internal/ui/views/context_view.go:46.25,48.24 2 1
github.com/HamStudy/kubewatch/internal/ui/views/context_view.go:50.18,51.19 1 52
github.com/HamStudy/kubewatch/internal/ui/views/context_view.go:51.19,52.20 1 18
github.com/HamStudy/kubewatch/internal/ui/views/context_view.go:53.23,55.23 2 1
github.com/HamStudy/kubewatch/internal/ui/views/context_view.go:56.22,57.25 1 1
github.com/HamStudy/kubewatch/internal/ui/views/context_view.go:58.26,59.31 1 1
github.com/HamStudy/kubewatch/internal/ui/views/context_view.go:59.31,61.6 1 1
github.com/HamStudy/kubewatch/internal/ui/views/context_view.go:62.12,63.33 1 15
github.com/HamStudy/kubewatch/internal/ui/views/context_view.go:63.33,65.6 1 15
github.com/HamStudy/kubewatch/internal/ui/views/context_view.go:67.4,67.17 1 18
github.com/HamStudy/kubewatch/internal/ui/views/context_view.go:71.3,71.31 1 34
github.com/HamStudy/kubewatch/internal/ui/views/context_view.go:71.31,74.45 2 5
github.com/HamStudy/kubewatch/internal/ui/views/context_view.go:74.45,76.22 2 5
github.com/HamStudy/kubewatch/internal/ui/views/context_view.go:76.22,78.6 1 4
github.com/HamStudy/kubewatch/internal/ui/views/context_view.go:78.11,82.6 2 1
github.com/HamStudy/kubewatch/internal/ui/views/context_view.go:84.4,84.17 1 5
github.com/HamStudy/kubewatch/internal/ui/views/context_view.go:87.3,87.23 1 29
github.com/HamStudy/kubewatch/internal/ui/views/context_view.go:88.18,89.26 1 3
github.com/HamStudy/kubewatch/internal/ui/views/context_view.go:89.26,91.5 1 2
github.com/HamStudy/kubewatch/internal/ui/views/context_view.go:92.4,92.24 1 3
github.com/HamStudy/kubewatch/internal/ui/views/context_view.go:93.20,95.47 2 13
github.com/HamStudy/kubewatch/internal/ui/views/context_view.go:95.47,97.5 1 10
github.com/HamStudy/kubewatch/internal/ui/views/context_view.go:98.4,98.24 1 13
github.com/HamStudy/kubewatch/internal/ui/views/context_view.go:99.12,101.21 1 3
github.com/HamStudy/kubewatch/internal/ui/views/context_view.go:101.21,104.21 3 3
github.com/HamStudy/kubewatch/internal/ui/views/context_view.go:104.21,105.37 1 2
github.com/HamStudy/kubewatch/internal/ui/views/context_view.go:105.37,107.7 1 6
github.com/HamStudy/kubewatch/internal/ui/views/context_view.go:110.12,113.53 2 2
github.com/HamStudy/kubewatch/internal/ui/views/context_view.go:113.53,115.41 1 1
github.com/HamStudy/kubewatch/internal/ui/views/context_view.go:115.41,119.6 3 1
github.com/HamStudy/kubewatch/internal/ui/views/context_view.go:121.12,123.22 2 6
github.com/HamStudy/kubewatch/internal/ui/views/context_view.go:124.12,127.45 2 1
github.com/HamStudy/kubewatch/internal/ui/views/context_view.go:127.45,130.5 2 1
github.com/HamStudy/kubewatch/internal/ui/views/context_view.go:131.16,133.17 1 0
github.com/HamStudy/kubewatch/internal/ui/views/context_view.go:134.19,136.17 1 0
github.com/HamStudy/kubewatch/internal/ui/views/context_view.go:139.2,139.15 1 29
github.com/HamStudy/kubewatch/internal/ui/views/context_view.go:143.37,150.19 3 6
github.com/HamStudy/kubewatch/internal/ui/views/context_view.go:150.19,152.3 1 1
github.com/HamStudy/kubewatch/internal/ui/views/context_view.go:154.2,159.18 4 6
github.com/HamStudy/kubewatch/internal/ui/views/context_view.go:159.18,163.3 3 1
github.com/HamStudy/kubewatch/internal/ui/views/context_view.go:166.2,176.34 7 6
github.com/HamStudy/kubewatch/internal/ui/views/context_view.go:176.34,178.3 1 0
github.com/HamStudy/kubewatch/internal/ui/views/context_view.go:180.2,180.78 1 6
github.com/HamStudy/kubewatch/internal/ui/views/context_view.go:180.78,185.30 3 6
github.com/HamStudy/kubewatch/internal/ui/views/context_view.go:185.30,187.4 1 1
github.com/HamStudy/kubewatch/internal/ui/views/context_view.go:187.9,189.4 1 5
github.com/HamStudy/kubewatch/internal/ui/views/context_view.go:190.3,193.30 2 6
github.com/HamStudy/kubewatch/internal/ui/views/context_view.go:193.30,195.4 1 1
github.com/HamStudy/kubewatch/internal/ui/views/context_view.go:197.3,197.26 1 6
github.com/HamStudy/kubewatch/internal/ui/views/context_view.go:197.26,199.4 1 5
github.com/HamStudy/kubewatch/internal/ui/views/context_view.go:201.3,202.28 2 6
github.com/HamStudy/kubewatch/internal/ui/views/context_view.go:206.2,211.19 3 6
github.com/HamStudy/kubewatch/internal/ui/views/context_view.go:211.19,213.3 1 1
github.com/HamStudy/kubewatch/internal/ui/views/context_view.go:213.8,215.3 1 5
github.com/HamStudy/kubewatch/internal/ui/views/context_view.go:216.2,227.3 3 6
github.com/HamStudy/kubewatch/internal/ui/views/context_view.go:231.54,233.50 2 6
github.com/HamStudy/kubewatch/internal/ui/views/context_view.go:233.50,234.17 1 8
github.com/HamStudy/kubewatch/internal/ui/views/context_view.go:234.17,236.4 1 7
github.com/HamStudy/kubewatch/internal/ui/views/context_view.go:238.2,238.17 1 6
github.com/HamStudy/kubewatch/internal/ui/views/context_view.go:242.40,245.2 1 1
github.com/HamStudy/kubewatch/internal/ui/views/context_view.go:248.53,249.25 1 49
github.com/HamStudy/kubewatch/internal/ui/views/context_view.go:249.25,251.3 1 43
github.com/HamStudy/kubewatch/internal/ui/views/context_view.go:253.2,255.33 3 6
github.com/HamStudy/kubewatch/internal/ui/views/context_view.go:255.33,256.52 1 18
github.com/HamStudy/kubewatch/internal/ui/views/context_view.go:256.52,258.4 1 7
github.com/HamStudy/kubewatch/internal/ui/views/context_view.go:260.2,260.17 1 6
github.com/HamStudy/kubewatch/internal/ui/views/context_view.go:264.50,267.2 2 7
github.com/HamStudy/kubewatch/internal/ui/views/context_view.go:270.67,271.24 1 1
github.com/HamStudy/kubewatch/internal/ui/views/context_view.go:271.24,273.3 1 1
github.com/HamStudy/kubewatch/internal/ui/views/context_view.go:282.42,284.31 2 19
github.com/HamStudy/kubewatch/internal/ui/views/context_view.go:284.31,287.3 2 2
github.com/HamStudy/kubewatch/internal/ui/views/context_view.go:288.2,288.44 1 17
github.com/HamStudy/kubewatch/internal/ui/views/context_view.go:288.44,290.3 1 1
github.com/HamStudy/kubewatch/internal/ui/views/context_view.go:291.2,291.24 1 17
github.com/HamStudy/kubewatch/internal/ui/views/context_view.go:291.24,293.3 1 1
github.com/HamStudy/kubewatch/internal/ui/views/data_view.go:32.51,44.2 3 23
github.com/HamStudy/kubewatch/internal/ui/views/data_view.go:47.49,50.32 2 8
github.com/HamStudy/kubewatch/internal/ui/views/data_view.go:50.32,52.3 1 9
github.com/HamStudy/kubewatch/internal/ui/views/data_view.go:54.2,63.10 3 8
github.com/HamStudy/kubewatch/internal/ui/views/data_view.go:67.35,69.2 1 1
github.com/HamStudy/kubewatch/internal/ui/views/data_view.go:72.61,75.27 2 24
github.com/HamStudy/kubewatch/internal/ui/views/data_view.go:76.25,79.15 3 1
github.com/HamStudy/kubewatch/internal/ui/views/data_view.go:79.15,83.4 3 1
github.com/HamStudy/kubewatch/internal/ui/views/data_view.go:83.9,86.4 2 0
github.com/HamStudy/kubewatch/internal/ui/views/data_view.go:87.3,87.20 1 1
github.com/HamStudy/kubewatch/internal/ui/views/data_view.go:89.18,90.23 1 23
github.com/HamStudy/kubewatch/internal/ui/views/data_view.go:91.12,93.34 1 3
github.com/HamStudy/kubewatch/internal/ui/views/data_view.go:93.34,96.5 2 2
github.com/HamStudy/kubewatch/internal/ui/views/data_view.go:97.4,97.17 1 3
github.com/HamStudy/kubewatch/internal/ui/views/data_view.go:98.19,100.37 1 10
github.com/HamStudy/kubewatch/internal/ui/views/data_view.go:100.37,103.5 2 8
github.com/HamStudy/kubewatch/internal/ui/views/data_view.go:104.4,104.17 1 10
github.com/HamStudy/kubewatch/internal/ui/views/data_view.go:105.25,107.25 1 3
github.com/HamStudy/kubewatch/internal/ui/views/data_view.go:107.25,110.5 2 2
github.com/HamStudy/kubewatch/internal/ui/views/data_view.go:111.4,111.17 1 3
github.com/HamStudy/kubewatch/internal/ui/views/data_view.go:112.20,114.17 2 2
github.com/HamStudy/kubewatch/internal/ui/views/data_view.go:115.19,117.17 2 2
github.com/HamStudy/kubewatch/internal/ui/views/data_view.go:118.19,120.17 1 2
github.com/HamStudy/kubewatch/internal/ui/views/data_view.go:124.2,125.15 2 2
github.com/HamStudy/kubewatch/internal/ui/views/data_view.go:129.34,130.14 1 14
github.com/HamStudy/kubewatch/internal/ui/views/data_view.go:130.14,132.3 1 1
github.com/HamStudy/kubewatch/internal/ui/views/data_view.go:135.2,141.32 3 13
github.com/HamStudy/kubewatch/internal/ui/views/data_view.go:141.32,142.16 1 6
github.com/HamStudy/kubewatch/internal/ui/views/data_view.go:142.16,144.4 1 3
github.com/HamStudy/kubewatch/internal/ui/views/data_view.go:144.9,146.4 1 3
github.com/HamStudy/kubewatch/internal/ui/views/data_view.go:150.2,154.32 3 13
github.com/HamStudy/kubewatch/internal/ui/views/data_view.go:154.32,156.3 1 6
github.com/HamStudy/kubewatch/internal/ui/views/data_view.go:157.2,165.21 4 13
github.com/HamStudy/kubewatch/internal/ui/views/data_view.go:165.21,167.3 1 12
github.com/HamStudy/kubewatch/internal/ui/views/data_view.go:169.2,175.3 1 13
github.com/HamStudy/kubewatch/internal/ui/views/data_view.go:179.33,183.24 2 31
github.com/HamStudy/kubewatch/internal/ui/views/data_view.go:183.24,185.3 1 37
github.com/HamStudy/kubewatch/internal/ui/views/data_view.go:188.2,188.30 1 31
github.com/HamStudy/kubewatch/internal/ui/views/data_view.go:188.30,190.3 1 2
github.com/HamStudy/kubewatch/internal/ui/views/data_view.go:192.2,194.53 2 31
github.com/HamStudy/kubewatch/internal/ui/views/data_view.go:194.53,196.3 1 0
github.com/HamStudy/kubewatch/internal/ui/views/data_view.go:200.36,201.22 1 36
github.com/HamStudy/kubewatch/internal/ui/views/data_view.go:201.22,204.3 2 4
github.com/HamStudy/kubewatch/internal/ui/views/data_view.go:206.2,206.34 1 32
github.com/HamStudy/kubewatch/internal/ui/views/data_view.go:206.34,208.3 1 1
github.com/HamStudy/kubewatch/internal/ui/views/data_view.go:210.2,212.14 3 32
github.com/HamStudy/kubewatch/internal/ui/views/data_view.go:212.14,214.3 1 2
github.com/HamStudy/kubewatch/internal/ui/views/data_view.go:216.2,227.23 4 32
github.com/HamStudy/kubewatch/internal/ui/views/data_view.go:227.23,230.28 2 0
github.com/HamStudy/kubewatch/internal/ui/views/data_view.go:230.28,232.4 1 0
github.com/HamStudy/kubewatch/internal/ui/views/data_view.go:233.3,233.38 1 0
github.com/HamStudy/kubewatch/internal/ui/views/data_view.go:234.8,238.15 2 32
github.com/HamStudy/kubewatch/internal/ui/views/data_view.go:238.15,240.41 1 2
github.com/HamStudy/kubewatch/internal/ui/views/data_view.go:240.41,241.48 1 2
github.com/HamStudy/kubewatch/internal/ui/views/data_view.go:241.48,244.6 1 0
github.com/HamStudy/kubewatch/internal/ui/views/data_view.go:244.11,247.6 1 2
github.com/HamStudy/kubewatch/internal/ui/views/data_view.go:249.9,251.36 1 30
github.com/HamStudy/kubewatch/internal/ui/views/data_view.go:251.36,252.49 1 30
github.com/HamStudy/kubewatch/internal/ui/views/data_view.go:252.49,255.6 1 6
github.com/HamStudy/kubewatch/internal/ui/views/data_view.go:255.11,255.55 1 24
github.com/HamStudy/kubewatch/internal/ui/views/data_view.go:255.55,258.20 2 6
github.com/HamStudy/kubewatch/internal/ui/views/data_view.go:258.20,260.7 1 4
github.com/HamStudy/kubewatch/internal/ui/views/data_view.go:260.12,262.7 1 2
github.com/HamStudy/kubewatch/internal/ui/views/data_view.go:263.11,266.6 1 18
github.com/HamStudy/kubewatch/internal/ui/views/data_view.go:271.2,271.53 1 32
github.com/HamStudy/kubewatch/internal/ui/views/data_view.go:275.47,282.2 6 16
github.com/HamStudy/kubewatch/internal/ui/views/describe_view.go:30.91,39.2 1 23
github.com/HamStudy/kubewatch/internal/ui/views/describe_view.go:42.39,44.2 1 1
github.com/HamStudy/kubewatch/internal/ui/views/describe_view.go:47.47,48.24 1 1
github.com/HamStudy/kubewatch/internal/ui/views/describe_view.go:48.24,53.3 1 1
github.com/HamStudy/kubewatch/internal/ui/views/describe_view.go:57.96,58.24 1 0
github.com/HamStudy/kubewatch/internal/ui/views/describe_view.go:58.24,64.3 2 0
github.com/HamStudy/kubewatch/internal/ui/views/describe_view.go:68.52,75.21 4 5
github.com/HamStudy/kubewatch/internal/ui/views/describe_view.go:75.21,77.3 1 0
github.com/HamStudy/kubewatch/internal/ui/views/describe_view.go:78.2,82.24 3 5
github.com/HamStudy/kubewatch/internal/ui/views/describe_view.go:83.13,93.44 10 2
github.com/HamStudy/kubewatch/internal/ui/views/describe_view.go:95.20,104.46 9 1
github.com/HamStudy/kubewatch/internal/ui/views/describe_view.go:106.17,110.65 4 1
github.com/HamStudy/kubewatch/internal/ui/views/describe_view.go:112.10,113.64 1 1
github.com/HamStudy/kubewatch/internal/ui/views/describe_view.go:116.2,124.21 8 5
github.com/HamStudy/kubewatch/internal/ui/views/describe_view.go:128.128,130.2 1 0
github.com/HamStudy/kubewatch/internal/ui/views/describe_view.go:133.65,136.27 2 10
github.com/HamStudy/kubewatch/internal/ui/views/describe_view.go:137.25,140.15 3 2
github.com/HamStudy/kubewatch/internal/ui/views/describe_view.go:140.15,144.4 3 1
github.com/HamStudy/kubewatch/internal/ui/views/describe_view.go:144.9,147.4 2 1
github.com/HamStudy/kubewatch/internal/ui/views/describe_view.go:148.3,148.22 1 2
github.com/HamStudy/kubewatch/internal/ui/views/describe_view.go:148.22,150.4 1 0
github.com/HamStudy/kubewatch/internal/ui/views/describe_view.go:152.25,154.21 2 2
github.com/HamStudy/kubewatch/internal/ui/views/describe_view.go:154.21,156.4 1 1
github.com/HamStudy/kubewatch/internal/ui/views/describe_view.go:156.9,158.4 1 1
github.com/HamStudy/kubewatch/internal/ui/views/describe_view.go:159.3,160.16 2 2
github.com/HamStudy/kubewatch/internal/ui/views/describe_view.go:162.18,163.23 1 6
github.com/HamStudy/kubewatch/internal/ui/views/describe_view.go:164.20,166.17 2 2
github.com/HamStudy/kubewatch/internal/ui/views/describe_view.go:167.19,169.17 2 2
github.com/HamStudy/kubewatch/internal/ui/views/describe_view.go:170.19,172.17 1 2
github.com/HamStudy/kubewatch/internal/ui/views/describe_view.go:176.2,177.15 2 2
github.com/HamStudy/kubewatch/internal/ui/views/describe_view.go:181.38,182.14 1 5
github.com/HamStudy/kubewatch/internal/ui/views/describe_view.go:182.14,184.3 1 1
github.com/HamStudy/kubewatch/internal/ui/views/describe_view.go:187.2,192.23 3 4
github.com/HamStudy/kubewatch/internal/ui/views/describe_view.go:192.23,194.3 1 4
github.com/HamStudy/kubewatch/internal/ui/views/describe_view.go:195.2,195.21 1 4
github.com/HamStudy/kubewatch/internal/ui/views/describe_view.go:195.21,197.3 1 1
github.com/HamStudy/kubewatch/internal/ui/views/describe_view.go:199.2,208.15 4 4
github.com/HamStudy/kubewatch/internal/ui/views/describe_view.go:208.15,217.3 2 1
github.com/HamStudy/kubewatch/internal/ui/views/describe_view.go:219.2,224.3 1 3
github.com/HamStudy/kubewatch/internal/ui/views/describe_view.go:228.51,234.2 5 11
github.com/HamStudy/kubewatch/internal/ui/views/describe_view.go:243.53,245.71 1 6
github.com/HamStudy/kubewatch/internal/ui/views/describe_view.go:245.71,247.3 1 4
github.com/HamStudy/kubewatch/internal/ui/views/describe_view.go:248.2,248.21 1 2
github.com/HamStudy/kubewatch/internal/ui/views/help_view.go:18.30,22.2 1 14
github.com/HamStudy/kubewatch/internal/ui/views/help_view.go:25.47,27.2 1 8
github.com/HamStudy/kubewatch/internal/ui/views/help_view.go:30.51,33.2 0 1
github.com/HamStudy/kubewatch/internal/ui/views/help_view.go:36.35,38.2 1 1
github.com/HamStudy/kubewatch/internal/ui/views/help_view.go:41.61,42.27 1 2
github.com/HamStudy/kubewatch/internal/ui/views/help_view.go:43.25,45.24 2 1
github.com/HamStudy/kubewatch/internal/ui/views/help_view.go:47.2,47.15 1 2
github.com/HamStudy/kubewatch/internal/ui/views/help_view.go:51.34,52.29 1 10
github.com/HamStudy/kubewatch/internal/ui/views/help_view.go:52.29,54.3 1 3
github.com/HamStudy/kubewatch/internal/ui/views/help_view.go:55.2,55.31 1 7
github.com/HamStudy/kubewatch/internal/ui/views/help_view.go:59.48,116.2 30 7
github.com/HamStudy/kubewatch/internal/ui/views/help_view.go:119.43,175.2 29 3
github.com/HamStudy/kubewatch/internal/ui/views/log_view.go:59.28,69.2 1 11
github.com/HamStudy/kubewatch/internal/ui/views/log_view.go:72.39,74.2 1 1
github.com/HamStudy/kubewatch/internal/ui/views/log_view.go:77.34,79.2 1 1
github.com/HamStudy/kubewatch/internal/ui/views/log_view.go:82.60,85.27 2 27
github.com/HamStudy/kubewatch/internal/ui/views/log_view.go:86.18,88.19 1 27
github.com/HamStudy/kubewatch/internal/ui/views/log_view.go:88.19,89.24 1 2
github.com/HamStudy/kubewatch/internal/ui/views/log_view.go:90.17,93.18 3 0
github.com/HamStudy/kubewatch/internal/ui/views/log_view.go:94.15,99.18 4 1
github.com/HamStudy/kubewatch/internal/ui/views/log_view.go:100.21,101.31 1 0
github.com/HamStudy/kubewatch/internal/ui/views/log_view.go:101.31,103.6 1 0
github.com/HamStudy/kubewatch/internal/ui/views/log_view.go:104.5,104.18 1 0
github.com/HamStudy/kubewatch/internal/ui/views/log_view.go:105.12,106.31 1 1
github.com/HamStudy/kubewatch/internal/ui/views/log_view.go:106.31,108.6 1 1
github.com/HamStudy/kubewatch/internal/ui/views/log_view.go:109.5,109.18 1 1
github.com/HamStudy/kubewatch/internal/ui/views/log_view.go:114.3,114.28 1 25
github.com/HamStudy/kubewatch/internal/ui/views/log_view.go:114.28,117.4 1 0
github.com/HamStudy/kubewatch/internal/ui/views/log_view.go:120.3,120.23 1 25
github.com/HamStudy/kubewatch/internal/ui/views/log_view.go:121.12,125.17 3 2
github.com/HamStudy/kubewatch/internal/ui/views/log_view.go:126.12,128.32 1 0
github.com/HamStudy/kubewatch/internal/ui/views/log_view.go:128.32,131.5 2 0
github.com/HamStudy/kubewatch/internal/ui/views/log_view.go:132.4,132.17 1 0
github.com/HamStudy/kubewatch/internal/ui/views/log_view.go:133.12,135.32 1 0
github.com/HamStudy/kubewatch/internal/ui/views/log_view.go:135.32,137.27 2 0
github.com/HamStudy/kubewatch/internal/ui/views/log_view.go:137.27,139.6 1 0
github.com/HamStudy/kubewatch/internal/ui/views/log_view.go:140.5,140.20 1 0
github.com/HamStudy/kubewatch/internal/ui/views/log_view.go:142.4,142.17 1 0
github.com/HamStudy/kubewatch/internal/ui/views/log_view.go:143.12,146.19 2 3
github.com/HamStudy/kubewatch/internal/ui/views/log_view.go:146.19,148.5 1 1
github.com/HamStudy/kubewatch/internal/ui/views/log_view.go:149.4,149.17 1 3
github.com/HamStudy/kubewatch/internal/ui/views/log_view.go:150.12,152.29 1 4
github.com/HamStudy/kubewatch/internal/ui/views/log_view.go:152.29,154.49 2 4
github.com/HamStudy/kubewatch/internal/ui/views/log_view.go:154.49,156.6 1 1
github.com/HamStudy/kubewatch/internal/ui/views/log_view.go:158.5,158.35 1 4
github.com/HamStudy/kubewatch/internal/ui/views/log_view.go:160.4,160.17 1 0
github.com/HamStudy/kubewatch/internal/ui/views/log_view.go:161.12,163.23 1 4
github.com/HamStudy/kubewatch/internal/ui/views/log_view.go:163.23,165.37 2 4
github.com/HamStudy/kubewatch/internal/ui/views/log_view.go:165.37,167.6 1 1
github.com/HamStudy/kubewatch/internal/ui/views/log_view.go:169.5,169.35 1 4
github.com/HamStudy/kubewatch/internal/ui/views/log_view.go:171.4,171.17 1 0
github.com/HamStudy/kubewatch/internal/ui/views/log_view.go:172.12,175.36 1 0
github.com/HamStudy/kubewatch/internal/ui/views/log_view.go:175.36,178.5 2 0
github.com/HamStudy/kubewatch/internal/ui/views/log_view.go:178.10,178.44 1 0
github.com/HamStudy/kubewatch/internal/ui/views/log_view.go:178.44,181.5 2 0
github.com/HamStudy/kubewatch/internal/ui/views/log_view.go:181.10,184.5 2 0
github.com/HamStudy/kubewatch/internal/ui/views/log_view.go:187.4,188.17 2 0
github.com/HamStudy/kubewatch/internal/ui/views/log_view.go:189.12,193.17 3 1
github.com/HamStudy/kubewatch/internal/ui/views/log_view.go:194.20,197.17 3 2
github.com/HamStudy/kubewatch/internal/ui/views/log_view.go:198.19,201.17 3 3
github.com/HamStudy/kubewatch/internal/ui/views/log_view.go:204.25,207.15 3 0
github.com/HamStudy/kubewatch/internal/ui/views/log_view.go:207.15,211.4 3 0
github.com/HamStudy/kubewatch/internal/ui/views/log_view.go:211.9,214.4 2 0
github.com/HamStudy/kubewatch/internal/ui/views/log_view.go:216.27,219.29 2 0
github.com/HamStudy/kubewatch/internal/ui/views/log_view.go:219.29,221.4 1 0
github.com/HamStudy/kubewatch/internal/ui/views/log_view.go:222.3,222.31 1 0
github.com/HamStudy/kubewatch/internal/ui/views/log_view.go:224.18,227.28 2 0
github.com/HamStudy/kubewatch/internal/ui/views/log_view.go:227.28,229.4 1 0
github.com/HamStudy/kubewatch/internal/ui/views/log_view.go:230.3,231.29 2 0
github.com/HamStudy/kubewatch/internal/ui/views/log_view.go:231.29,234.4 1 0
github.com/HamStudy/kubewatch/internal/ui/views/log_view.go:235.3,236.18 2 0
github.com/HamStudy/kubewatch/internal/ui/views/log_view.go:236.18,238.4 1 0
github.com/HamStudy/kubewatch/internal/ui/views/log_view.go:240.3,240.42 1 0
github.com/HamStudy/kubewatch/internal/ui/views/log_view.go:240.42,241.34 1 0
github.com/HamStudy/kubewatch/internal/ui/views/log_view.go:241.34,243.5 1 0
github.com/HamStudy/kubewatch/internal/ui/views/log_view.go:245.3,245.16 1 0
github.com/HamStudy/kubewatch/internal/ui/views/log_view.go:247.14,251.16 3 0
github.com/HamStudy/kubewatch/internal/ui/views/log_view.go:255.2,257.102 3 6
github.com/HamStudy/kubewatch/internal/ui/views/log_view.go:257.102,259.3 1 0
github.com/HamStudy/kubewatch/internal/ui/views/log_view.go:261.2,261.15 1 6
github.com/HamStudy/kubewatch/internal/ui/views/log_view.go:265.33,266.14 1 2
github.com/HamStudy/kubewatch/internal/ui/views/log_view.go:266.14,268.3 1 0
github.com/HamStudy/kubewatch/internal/ui/views/log_view.go:271.2,272.18 2 2
github.com/HamStudy/kubewatch/internal/ui/views/log_view.go:272.18,274.3 1 2
github.com/HamStudy/kubewatch/internal/ui/views/log_view.go:277.2,278.73 2 2
github.com/HamStudy/kubewatch/internal/ui/views/log_view.go:278.73,280.3 1 0
github.com/HamStudy/kubewatch/internal/ui/views/log_view.go:280.8,280.34 1 2
github.com/HamStudy/kubewatch/internal/ui/views/log_view.go:280.34,282.3 1 0
github.com/HamStudy/kubewatch/internal/ui/views/log_view.go:284.2,284.55 1 2
github.com/HamStudy/kubewatch/internal/ui/views/log_view.go:284.55,286.3 1 0
github.com/HamStudy/kubewatch/internal/ui/views/log_view.go:286.8,286.28 1 2
github.com/HamStudy/kubewatch/internal/ui/views/log_view.go:286.28,288.3 1 0
github.com/HamStudy/kubewatch/internal/ui/views/log_view.go:290.2,298.18 4 2
github.com/HamStudy/kubewatch/internal/ui/views/log_view.go:298.18,302.3 2 0
github.com/HamStudy/kubewatch/internal/ui/views/log_view.go:302.8,302.37 1 2
github.com/HamStudy/kubewatch/internal/ui/views/log_view.go:302.37,306.3 1 0
github.com/HamStudy/kubewatch/internal/ui/views/log_view.go:306.8,314.3 1 2
github.com/HamStudy/kubewatch/internal/ui/views/log_view.go:316.2,320.53 3 2
github.com/HamStudy/kubewatch/internal/ui/views/log_view.go:320.53,322.3 1 0
github.com/HamStudy/kubewatch/internal/ui/views/log_view.go:322.8,324.3 1 2
github.com/HamStudy/kubewatch/internal/ui/views/log_view.go:326.2,326.67 1 2
github.com/HamStudy/kubewatch/internal/ui/views/log_view.go:330.46,336.2 5 12
github.com/HamStudy/kubewatch/internal/ui/views/log_view.go:339.35,341.25 2 0
github.com/HamStudy/kubewatch/internal/ui/views/log_view.go:341.25,345.3 2 0
github.com/HamStudy/kubewatch/internal/ui/views/log_view.go:347.2,348.33 2 0
github.com/HamStudy/kubewatch/internal/ui/views/log_view.go:348.33,349.53 1 0
github.com/HamStudy/kubewatch/internal/ui/views/log_view.go:349.53,351.4 1 0
github.com/HamStudy/kubewatch/internal/ui/views/log_view.go:354.2,354.30 1 0
github.com/HamStudy/kubewatch/internal/ui/views/log_view.go:354.30,357.3 2 0
github.com/HamStudy/kubewatch/internal/ui/views/log_view.go:363.33,364.66 1 0
github.com/HamStudy/kubewatch/internal/ui/views/log_view.go:364.66,370.29 3 0
github.com/HamStudy/kubewatch/internal/ui/views/log_view.go:370.29,372.4 1 0
github.com/HamStudy/kubewatch/internal/ui/views/log_view.go:374.3,375.20 2 0
github.com/HamStudy/kubewatch/internal/ui/views/log_view.go:375.20,377.4 1 0
github.com/HamStudy/kubewatch/internal/ui/views/log_view.go:378.3,378.37 1 0
github.com/HamStudy/kubewatch/internal/ui/views/log_view.go:378.37,380.4 1 0
github.com/HamStudy/kubewatch/internal/ui/views/log_view.go:382.3,382.22 1 0
github.com/HamStudy/kubewatch/internal/ui/views/log_view.go:387.50,390.19 2 0
github.com/HamStudy/kubewatch/internal/ui/views/log_view.go:390.19,392.3 1 0
github.com/HamStudy/kubewatch/internal/ui/views/log_view.go:394.2,395.30 2 0
github.com/HamStudy/kubewatch/internal/ui/views/log_view.go:395.30,397.3 1 0
github.com/HamStudy/kubewatch/internal/ui/views/log_view.go:400.2,412.39 5 0
github.com/HamStudy/kubewatch/internal/ui/views/log_view.go:412.39,413.35 1 0
github.com/HamStudy/kubewatch/internal/ui/views/log_view.go:413.35,415.12 2 0
github.com/HamStudy/kubewatch/internal/ui/views/log_view.go:418.3,422.41 3 0
github.com/HamStudy/kubewatch/internal/ui/views/log_view.go:422.41,425.68 2 0
github.com/HamStudy/kubewatch/internal/ui/views/log_view.go:425.68,427.5 1 0
github.com/HamStudy/kubewatch/internal/ui/views/log_view.go:430.4,433.8 3 0
github.com/HamStudy/kubewatch/internal/ui/views/log_view.go:433.8,435.18 2 0
github.com/HamStudy/kubewatch/internal/ui/views/log_view.go:435.18,438.11 2 0
github.com/HamStudy/kubewatch/internal/ui/views/log_view.go:442.5,447.23 4 0
github.com/HamStudy/kubewatch/internal/ui/views/log_view.go:447.23,449.6 1 0
github.com/HamStudy/kubewatch/internal/ui/views/log_view.go:449.11,451.6 1 0
github.com/HamStudy/kubewatch/internal/ui/views/log_view.go:453.5,453.45 1 0
github.com/HamStudy/kubewatch/internal/ui/views/log_view.go:456.4,456.44 1 0
github.com/HamStudy/kubewatch/internal/ui/views/log_view.go:457.9,459.4 1 0
github.com/HamStudy/kubewatch/internal/ui/views/log_view.go:463.2,463.38 1 0
github.com/HamStudy/kubewatch/internal/ui/views/log_view.go:463.38,465.3 1 0
github.com/HamStudy/kubewatch/internal/ui/views/log_view.go:467.2,467.35 1 0
github.com/HamStudy/kubewatch/internal/ui/views/log_view.go:471.131,491.24 13 0
github.com/HamStudy/kubewatch/internal/ui/views/log_view.go:491.24,496.36 4 0
github.com/HamStudy/kubewatch/internal/ui/views/log_view.go:497.29,499.35 1 0
github.com/HamStudy/kubewatch/internal/ui/views/log_view.go:499.35,500.41 1 0
github.com/HamStudy/kubewatch/internal/ui/views/log_view.go:500.41,503.52 2 0
github.com/HamStudy/kubewatch/internal/ui/views/log_view.go:503.52,505.7 1 0
github.com/HamStudy/kubewatch/internal/ui/views/log_view.go:506.6,510.78 3 0
github.com/HamStudy/kubewatch/internal/ui/views/log_view.go:510.78,513.7 1 0
github.com/HamStudy/kubewatch/internal/ui/views/log_view.go:513.12,516.7 1 0
github.com/HamStudy/kubewatch/internal/ui/views/log_view.go:519.6,519.55 1 0
github.com/HamStudy/kubewatch/internal/ui/views/log_view.go:519.55,521.21 2 0
github.com/HamStudy/kubewatch/internal/ui/views/log_view.go:521.21,523.16 2 0
github.com/HamStudy/kubewatch/internal/ui/views/log_view.go:525.7,526.61 2 0
github.com/HamStudy/kubewatch/internal/ui/views/log_view.go:530.6,530.34 1 0
github.com/HamStudy/kubewatch/internal/ui/views/log_view.go:530.34,532.7 1 0
github.com/HamStudy/kubewatch/internal/ui/views/log_view.go:532.12,532.45 1 0
github.com/HamStudy/kubewatch/internal/ui/views/log_view.go:532.45,534.7 1 0
github.com/HamStudy/kubewatch/internal/ui/views/log_view.go:535.6,535.11 1 0
github.com/HamStudy/kubewatch/internal/ui/views/log_view.go:538.36,540.49 1 0
github.com/HamStudy/kubewatch/internal/ui/views/log_view.go:540.49,541.48 1 0
github.com/HamStudy/kubewatch/internal/ui/views/log_view.go:541.48,544.37 2 0
github.com/HamStudy/kubewatch/internal/ui/views/log_view.go:544.37,548.32 3 0
github.com/HamStudy/kubewatch/internal/ui/views/log_view.go:548.32,550.8 1 0
github.com/HamStudy/kubewatch/internal/ui/views/log_view.go:551.7,554.24 2 0
github.com/HamStudy/kubewatch/internal/ui/views/log_view.go:554.24,556.58 2 0
github.com/HamStudy/kubewatch/internal/ui/views/log_view.go:556.58,558.9 1 0
github.com/HamStudy/kubewatch/internal/ui/views/log_view.go:559.8,559.36 1 0
github.com/HamStudy/kubewatch/internal/ui/views/log_view.go:563.7,564.58 2 0
github.com/HamStudy/kubewatch/internal/ui/views/log_view.go:564.58,567.8 1 0
github.com/HamStudy/kubewatch/internal/ui/views/log_view.go:570.7,571.78 2 0
github.com/HamStudy/kubewatch/internal/ui/views/log_view.go:571.78,574.8 1 0
github.com/HamStudy/kubewatch/internal/ui/views/log_view.go:577.7,577.40 1 0
github.com/HamStudy/kubewatch/internal/ui/views/log_view.go:577.40,578.57 1 0
github.com/HamStudy/kubewatch/internal/ui/views/log_view.go:578.57,580.23 2 0
github.com/HamStudy/kubewatch/internal/ui/views/log_view.go:580.23,582.18 2 0
github.com/HamStudy/kubewatch/internal/ui/views/log_view.go:584.9,586.95 2 0
github.com/HamStudy/kubewatch/internal/ui/views/log_view.go:591.7,592.29 2 0
github.com/HamStudy/kubewatch/internal/ui/views/log_view.go:592.29,594.8 1 0
github.com/HamStudy/kubewatch/internal/ui/views/log_view.go:594.13,596.8 1 0
github.com/HamStudy/kubewatch/internal/ui/views/log_view.go:597.7,597.35 1 0
github.com/HamStudy/kubewatch/internal/ui/views/log_view.go:597.35,599.8 1 0
github.com/HamStudy/kubewatch/internal/ui/views/log_view.go:599.13,601.8 1 0
github.com/HamStudy/kubewatch/internal/ui/views/log_view.go:602.7,602.90 1 0
github.com/HamStudy/kubewatch/internal/ui/views/log_view.go:604.6,604.11 1 0
github.com/HamStudy/kubewatch/internal/ui/views/log_view.go:607.37,609.43 1 0
github.com/HamStudy/kubewatch/internal/ui/views/log_view.go:609.43,610.41 1 0
github.com/HamStudy/kubewatch/internal/ui/views/log_view.go:610.41,613.37 2 0
github.com/HamStudy/kubewatch/internal/ui/views/log_view.go:613.37,617.32 3 0
github.com/HamStudy/kubewatch/internal/ui/views/log_view.go:617.32,619.8 1 0
github.com/HamStudy/kubewatch/internal/ui/views/log_view.go:620.7,623.24 2 0
github.com/HamStudy/kubewatch/internal/ui/views/log_view.go:623.24,625.58 2 0
github.com/HamStudy/kubewatch/internal/ui/views/log_view.go:625.58,627.9 1 0
github.com/HamStudy/kubewatch/internal/ui/views/log_view.go:628.8,628.36 1 0
github.com/HamStudy/kubewatch/internal/ui/views/log_view.go:632.7,633.58 2 0
github.com/HamStudy/kubewatch/internal/ui/views/log_view.go:633.58,636.8 1 0
github.com/HamStudy/kubewatch/internal/ui/views/log_view.go:639.7,640.78 2 0
github.com/HamStudy/kubewatch/internal/ui/views/log_view.go:640.78,643.8 1 0
github.com/HamStudy/kubewatch/internal/ui/views/log_view.go:646.7,646.40 1 0
github.com/HamStudy/kubewatch/internal/ui/views/log_view.go:646.40,647.57 1 0
github.com/HamStudy/kubewatch/internal/ui/views/log_view.go:647.57,649.23 2 0
github.com/HamStudy/kubewatch/internal/ui/views/log_view.go:649.23,651.18 2 0
github.com/HamStudy/kubewatch/internal/ui/views/log_view.go:653.9,654.95 2 0
github.com/HamStudy/kubewatch/internal/ui/views/log_view.go:659.7,660.29 2 0
github.com/HamStudy/kubewatch/internal/ui/views/log_view.go:660.29,662.8 1 0
github.com/HamStudy/kubewatch/internal/ui/views/log_view.go:662.13,664.8 1 0
github.com/HamStudy/kubewatch/internal/ui/views/log_view.go:665.7,665.35 1 0
github.com/HamStudy/kubewatch/internal/ui/views/log_view.go:665.35,667.8 1 0
github.com/HamStudy/kubewatch/internal/ui/views/log_view.go:667.13,669.8 1 0
github.com/HamStudy/kubewatch/internal/ui/views/log_view.go:670.7,670.90 1 0
github.com/HamStudy/kubewatch/internal/ui/views/log_view.go:672.6,672.11 1 0
github.com/HamStudy/kubewatch/internal/ui/views/log_view.go:677.3,677.38 1 0
github.com/HamStudy/kubewatch/internal/ui/views/log_view.go:677.38,679.4 1 0
github.com/HamStudy/kubewatch/internal/ui/views/log_view.go:681.3,681.23 1 0
github.com/HamStudy/kubewatch/internal/ui/views/log_view.go:681.23,685.35 3 0
github.com/HamStudy/kubewatch/internal/ui/views/log_view.go:685.35,687.5 1 0
github.com/HamStudy/kubewatch/internal/ui/views/log_view.go:689.4,689.60 1 0
github.com/HamStudy/kubewatch/internal/ui/views/log_view.go:692.3,692.71 1 0
github.com/HamStudy/kubewatch/internal/ui/views/log_view.go:697.43,698.25 1 1
github.com/HamStudy/kubewatch/internal/ui/views/log_view.go:698.25,700.3 1 0
github.com/HamStudy/kubewatch/internal/ui/views/log_view.go:702.2,702.38 1 1
github.com/HamStudy/kubewatch/internal/ui/views/log_view.go:702.38,703.20 1 0
github.com/HamStudy/kubewatch/internal/ui/views/log_view.go:703.20,705.4 1 0
github.com/HamStudy/kubewatch/internal/ui/views/log_view.go:707.2,710.12 4 1
github.com/HamStudy/kubewatch/internal/ui/views/log_view.go:714.46,716.25 1 8
github.com/HamStudy/kubewatch/internal/ui/views/log_view.go:716.25,718.3 1 0
github.com/HamStudy/kubewatch/internal/ui/views/log_view.go:719.2,719.38 1 8
github.com/HamStudy/kubewatch/internal/ui/views/log_view.go:719.38,720.20 1 0
github.com/HamStudy/kubewatch/internal/ui/views/log_view.go:720.20,722.4 1 0
github.com/HamStudy/kubewatch/internal/ui/views/log_view.go:724.2,732.63 5 8
github.com/HamStudy/kubewatch/internal/ui/views/log_view.go:732.63,737.3 3 0
github.com/HamStudy/kubewatch/internal/ui/views/log_view.go:739.2,739.12 1 8
github.com/HamStudy/kubewatch/internal/ui/views/log_view.go:743.60,744.24 1 0
github.com/HamStudy/kubewatch/internal/ui/views/log_view.go:744.24,745.79 1 0
github.com/HamStudy/kubewatch/internal/ui/views/log_view.go:745.79,747.4 1 0
github.com/HamStudy/kubewatch/internal/ui/views/log_view.go:749.3,752.21 3 0
github.com/HamStudy/kubewatch/internal/ui/views/log_view.go:752.21,754.4 1 0
github.com/HamStudy/kubewatch/internal/ui/views/log_view.go:757.3,757.10 1 0
github.com/HamStudy/kubewatch/internal/ui/views/log_view.go:758.23,759.14 1 0
github.com/HamStudy/kubewatch/internal/ui/views/log_view.go:760.11,760.11 0 0
github.com/HamStudy/kubewatch/internal/ui/views/log_view.go:764.3,767.13 3 0
github.com/HamStudy/kubewatch/internal/ui/views/log_view.go:767.13,768.22 1 0
github.com/HamStudy/kubewatch/internal/ui/views/log_view.go:768.22,770.5 1 0
github.com/HamStudy/kubewatch/internal/ui/views/log_view.go:770.10,770.47 1 0
github.com/HamStudy/kubewatch/internal/ui/views/log_view.go:770.47,772.5 1 0
github.com/HamStudy/kubewatch/internal/ui/views/log_view.go:772.10,775.5 1 0
github.com/HamStudy/kubewatch/internal/ui/views/log_view.go:779.3,779.10 1 0
github.com/HamStudy/kubewatch/internal/ui/views/log_view.go:780.23,781.14 1 0
github.com/HamStudy/kubewatch/internal/ui/views/log_view.go:782.27,783.59 1 0
github.com/HamStudy/kubewatch/internal/ui/views/log_view.go:784.25,785.21 1 0
github.com/HamStudy/kubewatch/internal/ui/views/log_view.go:785.21,789.5 1 0
github.com/HamStudy/kubewatch/internal/ui/views/log_view.go:790.4,790.22 1 0
github.com/HamStudy/kubewatch/internal/ui/views/log_view.go:791.45,793.43 1 0
github.com/HamStudy/kubewatch/internal/ui/views/namespace_view.go:24.90,38.57 6 37
github.com/HamStudy/kubewatch/internal/ui/views/namespace_view.go:38.57,40.3 1 20
github.com/HamStudy/kubewatch/internal/ui/views/namespace_view.go:40.8,41.36 1 17
github.com/HamStudy/kubewatch/internal/ui/views/namespace_view.go:41.36,42.35 1 35
github.com/HamStudy/kubewatch/internal/ui/views/namespace_view.go:42.35,44.10 2 17
github.com/HamStudy/kubewatch/internal/ui/views/namespace_view.go:49.2,49.11 1 37
github.com/HamStudy/kubewatch/internal/ui/views/namespace_view.go:53.40,55.2 1 1
github.com/HamStudy/kubewatch/internal/ui/views/namespace_view.go:58.66,59.27 1 58
github.com/HamStudy/kubewatch/internal/ui/views/namespace_view.go:60.18,61.23 1 57
github.com/HamStudy/kubewatch/internal/ui/views/namespace_view.go:62.18,63.27 1 3
github.com/HamStudy/kubewatch/internal/ui/views/namespace_view.go:63.27,65.5 1 3
github.com/HamStudy/kubewatch/internal/ui/views/namespace_view.go:66.20,67.48 1 9
github.com/HamStudy/kubewatch/internal/ui/views/namespace_view.go:67.48,69.5 1 8
github.com/HamStudy/kubewatch/internal/ui/views/namespace_view.go:70.15,71.23 1 1
github.com/HamStudy/kubewatch/internal/ui/views/namespace_view.go:72.14,73.46 1 3
github.com/HamStudy/kubewatch/internal/ui/views/namespace_view.go:74.15,76.27 2 1
github.com/HamStudy/kubewatch/internal/ui/views/namespace_view.go:76.27,78.5 1 1
github.com/HamStudy/kubewatch/internal/ui/views/namespace_view.go:79.17,81.47 2 1
github.com/HamStudy/kubewatch/internal/ui/views/namespace_view.go:81.47,83.5 1 1
github.com/HamStudy/kubewatch/internal/ui/views/namespace_view.go:84.12,86.17 1 6
github.com/HamStudy/kubewatch/internal/ui/views/namespace_view.go:87.20,88.25 1 1
github.com/HamStudy/kubewatch/internal/ui/views/namespace_view.go:88.25,91.5 2 1
github.com/HamStudy/kubewatch/internal/ui/views/namespace_view.go:92.14,95.19 2 1
github.com/HamStudy/kubewatch/internal/ui/views/namespace_view.go:96.16,98.17 1 1
github.com/HamStudy/kubewatch/internal/ui/views/namespace_view.go:99.12,101.17 1 1
github.com/HamStudy/kubewatch/internal/ui/views/namespace_view.go:102.12,104.22 1 2
github.com/HamStudy/kubewatch/internal/ui/views/namespace_view.go:104.22,106.5 1 1
github.com/HamStudy/kubewatch/internal/ui/views/namespace_view.go:108.4,109.19 2 1
github.com/HamStudy/kubewatch/internal/ui/views/namespace_view.go:110.11,112.80 1 27
github.com/HamStudy/kubewatch/internal/ui/views/namespace_view.go:112.80,115.5 2 26
github.com/HamStudy/kubewatch/internal/ui/views/namespace_view.go:118.2,118.15 1 55
github.com/HamStudy/kubewatch/internal/ui/views/namespace_view.go:122.39,157.20 10 6
github.com/HamStudy/kubewatch/internal/ui/views/namespace_view.go:157.20,160.3 2 1
github.com/HamStudy/kubewatch/internal/ui/views/namespace_view.go:163.2,168.37 4 6
github.com/HamStudy/kubewatch/internal/ui/views/namespace_view.go:168.37,170.19 2 0
github.com/HamStudy/kubewatch/internal/ui/views/namespace_view.go:170.19,172.4 1 0
github.com/HamStudy/kubewatch/internal/ui/views/namespace_view.go:175.2,175.36 1 6
github.com/HamStudy/kubewatch/internal/ui/views/namespace_view.go:175.36,177.3 1 1
github.com/HamStudy/kubewatch/internal/ui/views/namespace_view.go:180.2,180.65 1 6
github.com/HamStudy/kubewatch/internal/ui/views/namespace_view.go:180.65,185.23 3 28
github.com/HamStudy/kubewatch/internal/ui/views/namespace_view.go:185.23,187.4 1 5
github.com/HamStudy/kubewatch/internal/ui/views/namespace_view.go:187.9,187.43 1 23
github.com/HamStudy/kubewatch/internal/ui/views/namespace_view.go:187.43,189.4 1 4
github.com/HamStudy/kubewatch/internal/ui/views/namespace_view.go:189.9,191.4 1 19
github.com/HamStudy/kubewatch/internal/ui/views/namespace_view.go:194.3,194.27 1 28
github.com/HamStudy/kubewatch/internal/ui/views/namespace_view.go:194.27,196.4 1 6
github.com/HamStudy/kubewatch/internal/ui/views/namespace_view.go:196.9,196.63 1 22
github.com/HamStudy/kubewatch/internal/ui/views/namespace_view.go:196.63,198.4 1 0
github.com/HamStudy/kubewatch/internal/ui/views/namespace_view.go:200.3,201.28 2 28
github.com/HamStudy/kubewatch/internal/ui/views/namespace_view.go:205.2,205.41 1 6
github.com/HamStudy/kubewatch/internal/ui/views/namespace_view.go:205.41,208.3 2 1
github.com/HamStudy/kubewatch/internal/ui/views/namespace_view.go:211.2,221.3 3 6
github.com/HamStudy/kubewatch/internal/ui/views/namespace_view.go:225.52,228.2 2 7
github.com/HamStudy/kubewatch/internal/ui/views/namespace_view.go:231.55,232.68 1 3
github.com/HamStudy/kubewatch/internal/ui/views/namespace_view.go:232.68,234.23 2 3
github.com/HamStudy/kubewatch/internal/ui/views/namespace_view.go:234.23,236.4 1 1
github.com/HamStudy/kubewatch/internal/ui/views/namespace_view.go:237.3,237.17 1 2
github.com/HamStudy/kubewatch/internal/ui/views/namespace_view.go:239.2,239.27 1 0
github.com/HamStudy/kubewatch/internal/ui/views/namespace_view.go:243.39,244.20 1 31
github.com/HamStudy/kubewatch/internal/ui/views/namespace_view.go:244.20,247.3 2 1
github.com/HamStudy/kubewatch/internal/ui/views/namespace_view.go:249.2,252.34 3 30
github.com/HamStudy/kubewatch/internal/ui/views/namespace_view.go:252.34,253.62 1 104
github.com/HamStudy/kubewatch/internal/ui/views/namespace_view.go:253.62,255.4 1 24
github.com/HamStudy/kubewatch/internal/ui/views/namespace_view.go:259.2,259.45 1 30
github.com/HamStudy/kubewatch/internal/ui/views/namespace_view.go:259.45,261.3 1 13
github.com/HamStudy/kubewatch/internal/ui/views/resource_view.go:61.78,78.2 3 28
github.com/HamStudy/kubewatch/internal/ui/views/resource_view.go:81.108,98.2 3 4
github.com/HamStudy/kubewatch/internal/ui/views/resource_view.go:101.39,103.2 1 1
github.com/HamStudy/kubewatch/internal/ui/views/resource_view.go:106.65,107.27 1 42
github.com/HamStudy/kubewatch/internal/ui/views/resource_view.go:108.18,109.23 1 42
github.com/HamStudy/kubewatch/internal/ui/views/resource_view.go:110.20,112.37 1 34
github.com/HamStudy/kubewatch/internal/ui/views/resource_view.go:112.37,115.5 2 33
github.com/HamStudy/kubewatch/internal/ui/views/resource_view.go:116.4,116.17 1 34
github.com/HamStudy/kubewatch/internal/ui/views/resource_view.go:117.18,119.25 1 2
github.com/HamStudy/kubewatch/internal/ui/views/resource_view.go:119.25,122.5 2 2
github.com/HamStudy/kubewatch/internal/ui/views/resource_view.go:123.4,123.17 1 2
github.com/HamStudy/kubewatch/internal/ui/views/resource_view.go:124.12,127.17 2 2
github.com/HamStudy/kubewatch/internal/ui/views/resource_view.go:128.15,131.17 3 1
github.com/HamStudy/kubewatch/internal/ui/views/resource_view.go:132.14,133.23 1 1
github.com/HamStudy/kubewatch/internal/ui/views/resource_view.go:133.23,136.5 2 1
github.com/HamStudy/kubewatch/internal/ui/views/resource_view.go:137.4,137.17 1 1
github.com/HamStudy/kubewatch/internal/ui/views/resource_view.go:138.15,140.40 1 1
github.com/HamStudy/kubewatch/internal/ui/views/resource_view.go:140.40,142.5 1 0
github.com/HamStudy/kubewatch/internal/ui/views/resource_view.go:142.10,144.5 1 1
github.com/HamStudy/kubewatch/internal/ui/views/resource_view.go:145.4,146.17 2 1
github.com/HamStudy/kubewatch/internal/ui/views/resource_view.go:147.17,149.52 1 1
github.com/HamStudy/kubewatch/internal/ui/views/resource_view.go:149.52,151.5 1 1
github.com/HamStudy/kubewatch/internal/ui/views/resource_view.go:151.10,151.30 1 0
github.com/HamStudy/kubewatch/internal/ui/views/resource_view.go:151.30,153.5 1 0
github.com/HamStudy/kubewatch/internal/ui/views/resource_view.go:154.4,155.17 2 1
github.com/HamStudy/kubewatch/internal/ui/views/resource_view.go:156.20,158.30 1 0
github.com/HamStudy/kubewatch/internal/ui/views/resource_view.go:158.30,160.5 1 0
github.com/HamStudy/kubewatch/internal/ui/views/resource_view.go:161.4,161.17 1 0
github.com/HamStudy/kubewatch/internal/ui/views/resource_view.go:162.21,165.17 2 0
github.com/HamStudy/kubewatch/internal/ui/views/resource_view.go:169.2,169.15 1 0
github.com/HamStudy/kubewatch/internal/ui/views/resource_view.go:173.38,178.2 3 5
github.com/HamStudy/kubewatch/internal/ui/views/resource_view.go:181.51,184.19 3 28
github.com/HamStudy/kubewatch/internal/ui/views/resource_view.go:184.19,187.3 1 0
github.com/HamStudy/kubewatch/internal/ui/views/resource_view.go:187.8,189.3 1 28
github.com/HamStudy/kubewatch/internal/ui/views/resource_view.go:193.53,195.13 2 4
github.com/HamStudy/kubewatch/internal/ui/views/resource_view.go:195.13,198.3 1 2
github.com/HamStudy/kubewatch/internal/ui/views/resource_view.go:202.48,204.53 1 2
github.com/HamStudy/kubewatch/internal/ui/views/resource_view.go:204.53,206.3 1 0
github.com/HamStudy/kubewatch/internal/ui/views/resource_view.go:207.2,207.42 1 2
github.com/HamStudy/kubewatch/internal/ui/views/resource_view.go:207.42,209.3 1 0
github.com/HamStudy/kubewatch/internal/ui/views/resource_view.go:212.2,212.36 1 2
github.com/HamStudy/kubewatch/internal/ui/views/resource_view.go:212.36,214.37 2 0
github.com/HamStudy/kubewatch/internal/ui/views/resource_view.go:214.37,216.4 1 0
github.com/HamStudy/kubewatch/internal/ui/views/resource_view.go:218.2,218.25 1 2
github.com/HamStudy/kubewatch/internal/ui/views/resource_view.go:218.25,220.3 1 0
github.com/HamStudy/kubewatch/internal/ui/views/resource_view.go:223.2,223.37 1 2
github.com/HamStudy/kubewatch/internal/ui/views/resource_view.go:223.37,225.3 1 0
github.com/HamStudy/kubewatch/internal/ui/views/resource_view.go:225.8,225.62 1 2
github.com/HamStudy/kubewatch/internal/ui/views/resource_view.go:225.62,227.3 1 0
github.com/HamStudy/kubewatch/internal/ui/views/resource_view.go:230.2,231.57 2 2
github.com/HamStudy/kubewatch/internal/ui/views/resource_view.go:231.57,233.68 2 2
github.com/HamStudy/kubewatch/internal/ui/views/resource_view.go:233.68,235.4 1 0
github.com/HamStudy/kubewatch/internal/ui/views/resource_view.go:240.51,241.24 1 1
github.com/HamStudy/kubewatch/internal/ui/views/resource_view.go:241.24,244.47 2 0
github.com/HamStudy/kubewatch/internal/ui/views/resource_view.go:244.47,246.4 1 0
github.com/HamStudy/kubewatch/internal/ui/views/resource_view.go:249.3,249.25 1 0
github.com/HamStudy/kubewatch/internal/ui/views/resource_view.go:249.25,251.4 1 0
github.com/HamStudy/kubewatch/internal/ui/views/resource_view.go:253.3,253.38 1 0
github.com/HamStudy/kubewatch/internal/ui/views/resource_view.go:254.29,256.18 2 0
github.com/HamStudy/kubewatch/internal/ui/views/resource_view.go:256.18,258.5 1 0
github.com/HamStudy/kubewatch/internal/ui/views/resource_view.go:261.4,265.31 4 0
github.com/HamStudy/kubewatch/internal/ui/views/resource_view.go:267.36,269.18 2 0
github.com/HamStudy/kubewatch/internal/ui/views/resource_view.go:269.18,271.5 1 0
github.com/HamStudy/kubewatch/internal/ui/views/resource_view.go:272.4,273.45 2 0
[...]
github.com/HamStudy/kubewatch/internal/ui/modes.go:57.38,59.2 1 21
github.com/HamStudy/kubewatch/internal/ui/modes.go:62.95,71.2 1 8953
github.com/HamStudy/kubewatch/internal/ui/modes.go:78.30,85.2 1 314
github.com/HamStudy/kubewatch/internal/ui/modes.go:87.59,108.2 1 343
github.com/HamStudy/kubewatch/internal/ui/modes.go:110.62,114.35 3 2
github.com/HamStudy/kubewatch/internal/ui/modes.go:114.35,116.3 1 36
github.com/HamStudy/kubewatch/internal/ui/modes.go:118.2,118.17 1 2
github.com/HamStudy/kubewatch/internal/ui/modes.go:121.72,124.9 2 336
github.com/HamStudy/kubewatch/internal/ui/modes.go:125.46,126.24 1 3
github.com/HamStudy/kubewatch/internal/ui/modes.go:128.46,130.19 2 19
github.com/HamStudy/kubewatch/internal/ui/modes.go:132.51,133.43 1 15
github.com/HamStudy/kubewatch/internal/ui/modes.go:135.49,136.41 1 15
github.com/HamStudy/kubewatch/internal/ui/modes.go:138.45,140.51 2 19
github.com/HamStudy/kubewatch/internal/ui/modes.go:142.51,144.51 2 4
github.com/HamStudy/kubewatch/internal/ui/modes.go:146.87,148.25 2 22
github.com/HamStudy/kubewatch/internal/ui/modes.go:148.25,151.26 2 8
github.com/HamStudy/kubewatch/internal/ui/modes.go:151.26,153.26 2 0
github.com/HamStudy/kubewatch/internal/ui/modes.go:153.26,155.6 1 0
github.com/HamStudy/kubewatch/internal/ui/modes.go:156.10,158.5 1 8
github.com/HamStudy/kubewatch/internal/ui/modes.go:161.4,161.21 1 8
github.com/HamStudy/kubewatch/internal/ui/modes.go:161.21,165.5 3 0
github.com/HamStudy/kubewatch/internal/ui/modes.go:167.46,169.25 2 11
github.com/HamStudy/kubewatch/internal/ui/modes.go:169.25,172.26 2 2
github.com/HamStudy/kubewatch/internal/ui/modes.go:172.26,174.26 2 0
github.com/HamStudy/kubewatch/internal/ui/modes.go:174.26,177.6 2 0
github.com/HamStudy/kubewatch/internal/ui/modes.go:178.10,180.5 1 2
github.com/HamStudy/kubewatch/internal/ui/modes.go:182.4,182.17 1 2
github.com/HamStudy/kubewatch/internal/ui/modes.go:182.17,185.5 2 0
github.com/HamStudy/kubewatch/internal/ui/modes.go:187.3,187.19 1 11
github.com/HamStudy/kubewatch/internal/ui/modes.go:189.50,191.25 2 5
github.com/HamStudy/kubewatch/internal/ui/modes.go:191.25,194.26 2 0
github.com/HamStudy/kubewatch/internal/ui/modes.go:194.26,196.26 2 0
github.com/HamStudy/kubewatch/internal/ui/modes.go:196.26,199.6 2 0
github.com/HamStudy/kubewatch/internal/ui/modes.go:200.10,202.5 1 0
github.com/HamStudy/kubewatch/internal/ui/modes.go:204.4,204.17 1 0
github.com/HamStudy/kubewatch/internal/ui/modes.go:204.17,207.5 2 0
github.com/HamStudy/kubewatch/internal/ui/modes.go:209.3,209.19 1 5
github.com/HamStudy/kubewatch/internal/ui/modes.go:211.48,213.25 2 8
github.com/HamStudy/kubewatch/internal/ui/modes.go:213.25,216.4 2 2
github.com/HamStudy/kubewatch/internal/ui/modes.go:218.49,219.51 1 12
github.com/HamStudy/kubewatch/internal/ui/modes.go:221.46,223.51 2 30
github.com/HamStudy/kubewatch/internal/ui/modes.go:226.2,226.19 1 201
github.com/HamStudy/kubewatch/internal/ui/modes.go:234.28,241.2 1 308
github.com/HamStudy/kubewatch/internal/ui/modes.go:243.58,260.2 1 146
github.com/HamStudy/kubewatch/internal/ui/modes.go:262.61,266.35 3 2
github.com/HamStudy/kubewatch/internal/ui/modes.go:266.35,268.3 1 28
github.com/HamStudy/kubewatch/internal/ui/modes.go:270.2,270.17 1 2
github.com/HamStudy/kubewatch/internal/ui/modes.go:273.71,277.32 2 139
github.com/HamStudy/kubewatch/internal/ui/modes.go:277.32,278.47 1 35
github.com/HamStudy/kubewatch/internal/ui/modes.go:278.47,281.4 1 1
github.com/HamStudy/kubewatch/internal/ui/modes.go:283.3,283.20 1 34
github.com/HamStudy/kubewatch/internal/ui/modes.go:286.2,286.9 1 104
github.com/HamStudy/kubewatch/internal/ui/modes.go:287.46,288.24 1 2
github.com/HamStudy/kubewatch/internal/ui/modes.go:290.46,292.19 2 1
github.com/HamStudy/kubewatch/internal/ui/modes.go:294.48,298.43 4 6
github.com/HamStudy/kubewatch/internal/ui/modes.go:302.2,302.19 1 95
github.com/HamStudy/kubewatch/internal/ui/modes.go:310.38,317.2 1 304
github.com/HamStudy/kubewatch/internal/ui/modes.go:319.63,331.2 1 22
github.com/HamStudy/kubewatch/internal/ui/modes.go:333.66,337.35 3 2
github.com/HamStudy/kubewatch/internal/ui/modes.go:337.35,339.3 1 18
github.com/HamStudy/kubewatch/internal/ui/modes.go:341.2,341.17 1 2
github.com/HamStudy/kubewatch/internal/ui/modes.go:344.76,347.9 2 15
github.com/HamStudy/kubewatch/internal/ui/modes.go:348.46,349.24 1 2
github.com/HamStudy/kubewatch/internal/ui/modes.go:351.46,353.19 2 1
github.com/HamStudy/kubewatch/internal/ui/modes.go:355.48,357.19 2 1
github.com/HamStudy/kubewatch/internal/ui/modes.go:361.2,361.19 1 11
github.com/HamStudy/kubewatch/internal/ui/modes.go:369.30,376.2 1 296
github.com/HamStudy/kubewatch/internal/ui/modes.go:378.59,384.2 1 27
github.com/HamStudy/kubewatch/internal/ui/modes.go:386.62,390.35 3 2
github.com/HamStudy/kubewatch/internal/ui/modes.go:390.35,392.3 1 6
github.com/HamStudy/kubewatch/internal/ui/modes.go:394.2,394.17 1 2
github.com/HamStudy/kubewatch/internal/ui/modes.go:397.72,400.9 2 20
github.com/HamStudy/kubewatch/internal/ui/modes.go:401.46,402.24 1 2
github.com/HamStudy/kubewatch/internal/ui/modes.go:404.88,406.19 2 15
github.com/HamStudy/kubewatch/internal/ui/modes.go:409.2,409.19 1 3
github.com/HamStudy/kubewatch/internal/ui/modes.go:417.52,424.2 1 300
github.com/HamStudy/kubewatch/internal/ui/modes.go:426.70,435.2 1 33
github.com/HamStudy/kubewatch/internal/ui/modes.go:437.73,441.35 3 2
github.com/HamStudy/kubewatch/internal/ui/modes.go:441.35,443.3 1 12
github.com/HamStudy/kubewatch/internal/ui/modes.go:445.2,445.17 1 2
github.com/HamStudy/kubewatch/internal/ui/modes.go:448.83,451.9 2 27
github.com/HamStudy/kubewatch/internal/ui/modes.go:452.46,453.24 1 2
github.com/HamStudy/kubewatch/internal/ui/modes.go:455.47,456.43 1 4
github.com/HamStudy/kubewatch/internal/ui/modes.go:458.48,460.19 2 12
github.com/HamStudy/kubewatch/internal/ui/modes.go:464.2,464.19 1 9
github.com/HamStudy/kubewatch/internal/ui/modes.go:472.56,479.2 1 299
github.com/HamStudy/kubewatch/internal/ui/modes.go:481.72,489.2 1 33
github.com/HamStudy/kubewatch/internal/ui/modes.go:491.75,495.35 3 2
github.com/HamStudy/kubewatch/internal/ui/modes.go:495.35,497.3 1 10
github.com/HamStudy/kubewatch/internal/ui/modes.go:499.2,499.17 1 2
github.com/HamStudy/kubewatch/internal/ui/modes.go:502.85,505.9 2 27
github.com/HamStudy/kubewatch/internal/ui/modes.go:506.46,507.24 1 2
github.com/HamStudy/kubewatch/internal/ui/modes.go:509.47,510.45 1 5
github.com/HamStudy/kubewatch/internal/ui/modes.go:512.48,514.19 2 10
github.com/HamStudy/kubewatch/internal/ui/modes.go:518.2,518.19 1 10
github.com/HamStudy/kubewatch/internal/ui/modes.go:526.48,533.2 1 299
github.com/HamStudy/kubewatch/internal/ui/modes.go:535.68,543.2 1 18
github.com/HamStudy/kubewatch/internal/ui/modes.go:545.71,549.35 3 2
github.com/HamStudy/kubewatch/internal/ui/modes.go:549.35,551.3 1 10
github.com/HamStudy/kubewatch/internal/ui/modes.go:553.2,553.17 1 2
github.com/HamStudy/kubewatch/internal/ui/modes.go:556.81,559.9 2 12
github.com/HamStudy/kubewatch/internal/ui/modes.go:560.46,561.24 1 2
github.com/HamStudy/kubewatch/internal/ui/modes.go:563.47,564.47 1 2
github.com/HamStudy/kubewatch/internal/ui/modes.go:566.48,568.19 2 1
github.com/HamStudy/kubewatch/internal/ui/modes.go:572.2,572.19 1 7
github.com/HamStudy/kubewatch/internal/ui/streaming_test_helpers.go:35.50,41.2 1 63
github.com/HamStudy/kubewatch/internal/ui/streaming_test_helpers.go:44.93,55.2 3 146
github.com/HamStudy/kubewatch/internal/ui/streaming_test_helpers.go:58.139,63.13 4 164
github.com/HamStudy/kubewatch/internal/ui/streaming_test_helpers.go:63.13,68.3 4 13
github.com/HamStudy/kubewatch/internal/ui/streaming_test_helpers.go:71.2,71.17 1 151
github.com/HamStudy/kubewatch/internal/ui/streaming_test_helpers.go:71.17,72.57 1 146
github.com/HamStudy/kubewatch/internal/ui/streaming_test_helpers.go:72.57,74.4 1 146
github.com/HamStudy/kubewatch/internal/ui/streaming_test_helpers.go:74.9,76.49 1 0
github.com/HamStudy/kubewatch/internal/ui/streaming_test_helpers.go:76.49,78.10 2 0
github.com/HamStudy/kubewatch/internal/ui/streaming_test_helpers.go:83.2,86.12 3 151
github.com/HamStudy/kubewatch/internal/ui/streaming_test_helpers.go:86.12,90.28 3 151
github.com/HamStudy/kubewatch/internal/ui/streaming_test_helpers.go:90.28,91.11 1 6674
github.com/HamStudy/kubewatch/internal/ui/streaming_test_helpers.go:92.22,94.24 1 6673
github.com/HamStudy/kubewatch/internal/ui/streaming_test_helpers.go:94.24,96.6 1 673
github.com/HamStudy/kubewatch/internal/ui/streaming_test_helpers.go:96.11,98.6 1 6000
github.com/HamStudy/kubewatch/internal/ui/streaming_test_helpers.go:99.22,100.11 1 1
github.com/HamStudy/kubewatch/internal/ui/streaming_test_helpers.go:105.2,105.21 1 151
github.com/HamStudy/kubewatch/internal/ui/streaming_test_helpers.go:109.145,112.37 2 0
github.com/HamStudy/kubewatch/internal/ui/streaming_test_helpers.go:112.37,115.3 2 0
github.com/HamStudy/kubewatch/internal/ui/streaming_test_helpers.go:117.2,117.15 1 0
github.com/HamStudy/kubewatch/internal/ui/streaming_test_helpers.go:121.71,125.2 3 10
github.com/HamStudy/kubewatch/internal/ui/streaming_test_helpers.go:137.99,144.52 4 0
github.com/HamStudy/kubewatch/internal/ui/streaming_test_helpers.go:144.52,145.48 1 0
github.com/HamStudy/kubewatch/internal/ui/streaming_test_helpers.go:145.48,147.4 1 0
github.com/HamStudy/kubewatch/internal/ui/streaming_test_helpers.go:151.2,151.42 1 0
github.com/HamStudy/kubewatch/internal/ui/streaming_test_helpers.go:151.42,153.3 1 0
github.com/HamStudy/kubewatch/internal/ui/streaming_test_helpers.go:171.113,175.39 3 16
github.com/HamStudy/kubewatch/internal/ui/streaming_test_helpers.go:175.39,184.3 2 33
github.com/HamStudy/kubewatch/internal/ui/streaming_test_helpers.go:186.2,203.3 2 16
github.com/HamStudy/kubewatch/internal/ui/streaming_test_helpers.go:207.92,208.54 1 33
github.com/HamStudy/kubewatch/internal/ui/streaming_test_helpers.go:208.54,210.3 1 33
github.com/HamStudy/kubewatch/internal/ui/streaming_test_helpers.go:214.124,216.13 2 20
github.com/HamStudy/kubewatch/internal/ui/streaming_test_helpers.go:216.13,218.3 1 0
github.com/HamStudy/kubewatch/internal/ui/streaming_test_helpers.go:220.2,222.12 2 20
github.com/HamStudy/kubewatch/internal/ui/streaming_test_helpers.go:222.12,225.16 3 20
github.com/HamStudy/kubewatch/internal/ui/streaming_test_helpers.go:225.16,225.39 1 20
github.com/HamStudy/kubewatch/internal/ui/streaming_test_helpers.go:227.3,227.30 1 20
github.com/HamStudy/kubewatch/internal/ui/streaming_test_helpers.go:227.30,228.11 1 60
github.com/HamStudy/kubewatch/internal/ui/streaming_test_helpers.go:229.22,230.37 1 60
github.com/HamStudy/kubewatch/internal/ui/streaming_test_helpers.go:231.22,232.11 1 0
github.com/HamStudy/kubewatch/internal/ui/streaming_test_helpers.go:237.2,237.19 1 20
github.com/HamStudy/kubewatch/internal/ui/streaming_test_helpers.go:249.94,252.32 2 4
github.com/HamStudy/kubewatch/internal/ui/streaming_test_helpers.go:252.32,266.3 4 13
github.com/HamStudy/kubewatch/internal/ui/streaming_test_helpers.go:268.2,273.3 1 4
github.com/HamStudy/kubewatch/internal/ui/streaming_test_helpers.go:277.97,280.29 2 4
github.com/HamStudy/kubewatch/internal/ui/streaming_test_helpers.go:280.29,283.3 2 13
github.com/HamStudy/kubewatch/internal/ui/streaming_test_helpers.go:285.2,285.15 1 4
github.com/HamStudy/kubewatch/internal/ui/streaming_test_helpers.go:294.79,299.31 2 16
github.com/HamStudy/kubewatch/internal/ui/streaming_test_helpers.go:299.31,301.3 1 50
github.com/HamStudy/kubewatch/internal/ui/streaming_test_helpers.go:303.2,303.10 1 16
github.com/HamStudy/kubewatch/internal/ui/streaming_test_helpers.go:307.120,308.48 1 118
github.com/HamStudy/kubewatch/internal/ui/streaming_test_helpers.go:308.48,310.3 1 118
github.com/HamStudy/kubewatch/internal/ui/streaming_test_helpers.go:314.156,316.13 2 117
github.com/HamStudy/kubewatch/internal/ui/streaming_test_helpers.go:316.13,318.3 1 0
github.com/HamStudy/kubewatch/internal/ui/streaming_test_helpers.go:320.2,321.26 2 117
github.com/HamStudy/kubewatch/internal/ui/streaming_test_helpers.go:325.135,328.39 2 5
github.com/HamStudy/kubewatch/internal/ui/streaming_test_helpers.go:328.39,329.82 1 15
github.com/HamStudy/kubewatch/internal/ui/streaming_test_helpers.go:329.82,331.4 1 12
github.com/HamStudy/kubewatch/internal/ui/streaming_test_helpers.go:334.2,334.15 1 5
github.com/HamStudy/kubewatch/internal/ui/streaming_test_helpers.go:343.64,345.2 1 7
github.com/HamStudy/kubewatch/internal/ui/streaming_test_helpers.go:348.113,355.37 5 10
github.com/HamStudy/kubewatch/internal/ui/streaming_test_helpers.go:355.37,356.10 1 27
github.com/HamStudy/kubewatch/internal/ui/streaming_test_helpers.go:357.23,358.36 1 27
github.com/HamStudy/kubewatch/internal/ui/streaming_test_helpers.go:359.18,361.10 2 0
github.com/HamStudy/kubewatch/internal/ui/streaming_test_helpers.go:366.2,366.39 1 10
github.com/HamStudy/kubewatch/internal/ui/streaming_test_helpers.go:366.39,367.25 1 27
github.com/HamStudy/kubewatch/internal/ui/streaming_test_helpers.go:367.25,369.12 2 0
github.com/HamStudy/kubewatch/internal/ui/streaming_test_helpers.go:371.3,371.33 1 27
github.com/HamStudy/kubewatch/internal/ui/streaming_test_helpers.go:371.33,373.4 1 0
github.com/HamStudy/kubewatch/internal/ui/streaming_test_helpers.go:378.89,384.9 4 3
github.com/HamStudy/kubewatch/internal/ui/streaming_test_helpers.go:385.22,386.17 1 3
github.com/HamStudy/kubewatch/internal/ui/streaming_test_helpers.go:386.17,388.4 1 0
github.com/HamStudy/kubewatch/internal/ui/streaming_test_helpers.go:389.17,389.17 0 0
github.com/HamStudy/kubewatch/internal/ui/streaming_test_helpers.go:395.96,401.9 4 0
github.com/HamStudy/kubewatch/internal/ui/streaming_test_helpers.go:402.24,403.9 1 0
github.com/HamStudy/kubewatch/internal/ui/streaming_test_helpers.go:403.9,405.4 1 0
github.com/HamStudy/kubewatch/internal/ui/streaming_test_helpers.go:406.17,407.50 1 0
github.com/HamStudy/kubewatch/internal/ui/test_helpers.go:21.39,39.22 7 216
github.com/HamStudy/kubewatch/internal/ui/test_helpers.go:39.22,49.3 1 0
github.com/HamStudy/kubewatch/internal/ui/test_helpers.go:51.2,51.12 1 216
github.com/HamStudy/kubewatch/internal/ui/test_helpers.go:55.59,71.2 1 1672
github.com/HamStudy/kubewatch/internal/ui/test_helpers.go:74.63,81.2 1 0
github.com/HamStudy/kubewatch/internal/ui/test_helpers.go:84.60,91.2 1 0
github.com/HamStudy/kubewatch/internal/ui/test_helpers.go:94.61,97.13 2 111
github.com/HamStudy/kubewatch/internal/ui/test_helpers.go:98.12,99.39 1 10
github.com/HamStudy/kubewatch/internal/ui/test_helpers.go:100.14,101.41 1 43
github.com/HamStudy/kubewatch/internal/ui/test_helpers.go:102.14,103.41 1 0
github.com/HamStudy/kubewatch/internal/ui/test_helpers.go:104.15,105.42 1 0
github.com/HamStudy/kubewatch/internal/ui/test_helpers.go:106.15,107.42 1 5
github.com/HamStudy/kubewatch/internal/ui/test_helpers.go:108.13,109.40 1 11
github.com/HamStudy/kubewatch/internal/ui/test_helpers.go:110.13,111.40 1 0
github.com/HamStudy/kubewatch/internal/ui/test_helpers.go:112.15,113.42 1 0
github.com/HamStudy/kubewatch/internal/ui/test_helpers.go:114.10,116.62 1 42
github.com/HamStudy/kubewatch/internal/ui/test_helpers.go:119.2,120.26 2 111
github.com/HamStudy/kubewatch/internal/ui/test_helpers.go:124.70,126.37 2 0
github.com/HamStudy/kubewatch/internal/ui/test_helpers.go:126.37,128.3 1 0
github.com/HamStudy/kubewatch/internal/ui/test_helpers.go:132.70,135.39 3 0
github.com/HamStudy/kubewatch/internal/ui/test_helpers.go:135.39,137.3 1 0
github.com/HamStudy/kubewatch/internal/ui/test_helpers.go:141.75,144.40 3 0
github.com/HamStudy/kubewatch/internal/ui/test_helpers.go:144.40,146.3 1 0
github.com/HamStudy/kubewatch/internal/ui/test_helpers.go:150.43,154.2 1 0
github.com/HamStudy/kubewatch/internal/ui/test_helpers.go:157.50,158.33 1 0
github.com/HamStudy/kubewatch/internal/ui/test_helpers.go:158.33,160.3 1 0
github.com/HamStudy/kubewatch/internal/ui/test_helpers.go:162.2,162.50 1 0
github.com/HamStudy/kubewatch/internal/ui/test_helpers.go:162.50,163.42 1 0
github.com/HamStudy/kubewatch/internal/ui/test_helpers.go:163.42,165.4 1 0
github.com/HamStudy/kubewatch/internal/ui/test_helpers.go:167.2,167.14 1 0
github.com/HamStudy/kubewatch/internal/ui/test_helpers.go:182.43,189.2 1 19
github.com/HamStudy/kubewatch/internal/ui/test_helpers.go:192.33,198.2 1 20
github.com/HamStudy/kubewatch/internal/ui/test_helpers.go:201.91,203.29 2 0
github.com/HamStudy/kubewatch/internal/ui/test_helpers.go:203.29,204.52 1 0
github.com/HamStudy/kubewatch/internal/ui/test_helpers.go:204.52,206.4 1 0
github.com/HamStudy/kubewatch/internal/ui/test_helpers.go:208.2,208.20 1 0
github.com/HamStudy/kubewatch/internal/ui/test_helpers.go:212.109,214.2 1 0
github.com/HamStudy/kubewatch/internal/ui/test_helpers.go:217.99,219.2 1 0
github.com/HamStudy/kubewatch/internal/ui/test_helpers.go:222.78,224.2 1 0
github.com/HamStudy/kubewatch/internal/ui/test_helpers.go:227.57,229.2 1 0
github.com/HamStudy/kubewatch/internal/ui/test_helpers.go:232.52,233.25 1 0
github.com/HamStudy/kubewatch/internal/ui/test_helpers.go:233.25,235.3 1 0
github.com/HamStudy/kubewatch/internal/ui/test_helpers.go:236.2,236.23 1 0
github.com/HamStudy/kubewatch/internal/ui/test_helpers.go:240.61,242.2 1 0
github.com/HamStudy/kubewatch/internal/ui/test_helpers.go:245.152,246.27 1 0
github.com/HamStudy/kubewatch/internal/ui/test_helpers.go:246.27,248.3 1 0
github.com/HamStudy/kubewatch/internal/ui/test_helpers.go:250.2,251.51 2 0
github.com/HamStudy/kubewatch/internal/ui/test_helpers.go:255.86,256.29 1 0
github.com/HamStudy/kubewatch/internal/ui/test_helpers.go:256.29,257.53 1 0
github.com/HamStudy/kubewatch/internal/ui/test_helpers.go:257.53,260.4 2 0
github.com/HamStudy/kubewatch/internal/ui/test_helpers.go:262.2,262.36 1 0
github.com/HamStudy/kubewatch/internal/ui/test_helpers.go:266.98,267.29 1 0
github.com/HamStudy/kubewatch/internal/ui/test_helpers.go:267.29,268.53 1 0
github.com/HamStudy/kubewatch/internal/ui/test_helpers.go:268.53,270.4 1 0
github.com/HamStudy/kubewatch/internal/ui/test_helpers.go:272.2,272.40 1 0
github.com/HamStudy/kubewatch/internal/ui/test_helpers.go:276.139,277.27 1 0
github.com/HamStudy/kubewatch/internal/ui/test_helpers.go:277.27,279.3 1 0
github.com/HamStudy/kubewatch/internal/ui/test_helpers.go:281.2,284.12 3 0
github.com/HamStudy/kubewatch/internal/ui/test_helpers.go:284.12,295.28 4 0
github.com/HamStudy/kubewatch/internal/ui/test_helpers.go:295.28,296.11 1 0
github.com/HamStudy/kubewatch/internal/ui/test_helpers.go:297.22,298.39 1 0
github.com/HamStudy/kubewatch/internal/ui/test_helpers.go:299.22,300.11 1 0
github.com/HamStudy/kubewatch/internal/ui/test_helpers.go:305.3,305.15 1 0
github.com/HamStudy/kubewatch/internal/ui/test_helpers.go:308.2,308.26 1 0
github.com/HamStudy/kubewatch/internal/ui/test_helpers.go:318.64,324.31 2 2
github.com/HamStudy/kubewatch/internal/ui/test_helpers.go:324.31,327.3 2 6
github.com/HamStudy/kubewatch/internal/ui/test_helpers.go:329.2,329.10 1 2
github.com/HamStudy/kubewatch/internal/ui/test_helpers.go:333.56,335.2 1 0
github.com/HamStudy/kubewatch/internal/ui/test_helpers.go:338.84,341.2 1 0
github.com/HamStudy/kubewatch/internal/ui/test_helpers.go:344.130,348.35 3 0
github.com/HamStudy/kubewatch/internal/ui/test_helpers.go:348.35,349.44 1 0
github.com/HamStudy/kubewatch/internal/ui/test_helpers.go:349.44,351.18 2 0
github.com/HamStudy/kubewatch/internal/ui/test_helpers.go:351.18,353.5 1 0
github.com/HamStudy/kubewatch/internal/ui/test_helpers.go:353.10,355.5 1 0
github.com/HamStudy/kubewatch/internal/ui/test_helpers.go:359.2,359.24 1 0
github.com/HamStudy/kubewatch/internal/ui/test_helpers.go:363.186,368.35 4 0
github.com/HamStudy/kubewatch/internal/ui/test_helpers.go:368.35,369.44 1 0
github.com/HamStudy/kubewatch/internal/ui/test_helpers.go:369.44,371.18 2 0
github.com/HamStudy/kubewatch/internal/ui/test_helpers.go:371.18,373.5 1 0
github.com/HamStudy/kubewatch/internal/ui/test_helpers.go:373.10,376.5 2 0
github.com/HamStudy/kubewatch/internal/ui/test_helpers.go:380.2,380.41 1 0
