mode: set
github.com/HamStudy/kubewatch/internal/ui/views/confirm_view.go:22.57,30.2 1 1
github.com/HamStudy/kubewatch/internal/ui/views/confirm_view.go:33.38,35.2 1 1
github.com/HamStudy/kubewatch/internal/ui/views/confirm_view.go:38.64,39.27 1 1
github.com/HamStudy/kubewatch/internal/ui/views/confirm_view.go:40.18,41.23 1 1
github.com/HamStudy/kubewatch/internal/ui/views/confirm_view.go:42.27,43.30 1 1
github.com/HamStudy/kubewatch/internal/ui/views/confirm_view.go:44.21,45.30 1 1
github.com/HamStudy/kubewatch/internal/ui/views/confirm_view.go:46.17,48.17 2 1
github.com/HamStudy/kubewatch/internal/ui/views/confirm_view.go:49.17,51.17 2 1
github.com/HamStudy/kubewatch/internal/ui/views/confirm_view.go:52.21,54.17 1 1
github.com/HamStudy/kubewatch/internal/ui/views/confirm_view.go:55.12,58.17 2 1
github.com/HamStudy/kubewatch/internal/ui/views/confirm_view.go:62.2,62.15 1 1
github.com/HamStudy/kubewatch/internal/ui/views/confirm_view.go:66.37,107.17 12 1
github.com/HamStudy/kubewatch/internal/ui/views/confirm_view.go:107.17,110.3 2 1
github.com/HamStudy/kubewatch/internal/ui/views/confirm_view.go:110.8,113.3 2 1
github.com/HamStudy/kubewatch/internal/ui/views/confirm_view.go:115.2,126.17 5 1
github.com/HamStudy/kubewatch/internal/ui/views/confirm_view.go:126.17,128.3 1 1
github.com/HamStudy/kubewatch/internal/ui/views/confirm_view.go:130.2,143.3 4 1
github.com/HamStudy/kubewatch/internal/ui/views/confirm_view.go:147.50,150.2 2 1
github.com/HamStudy/kubewatch/internal/ui/views/confirm_view.go:153.42,155.2 1 1
github.com/HamStudy/kubewatch/internal/ui/views/confirm_view.go:158.51,160.2 1 1
github.com/HamStudy/kubewatch/internal/ui/views/confirm_view.go:163.50,165.2 1 1
github.com/HamStudy/kubewatch/internal/ui/views/context_view.go:24.79,26.38 2 1
github.com/HamStudy/kubewatch/internal/ui/views/context_view.go:26.38,28.3 1 1
github.com/HamStudy/kubewatch/internal/ui/views/context_view.go:30.2,35.3 1 1
github.com/HamStudy/kubewatch/internal/ui/views/context_view.go:39.38,41.2 1 1
github.com/HamStudy/kubewatch/internal/ui/views/context_view.go:44.64,45.27 1 1
github.com/HamStudy/kubewatch/internal/ui/views/context_view.go:46.25,48.24 2 1
github.com/HamStudy/kubewatch/internal/ui/views/context_view.go:50.18,51.19 1 1
github.com/HamStudy/kubewatch/internal/ui/views/context_view.go:51.19,52.24 1 1
github.com/HamStudy/kubewatch/internal/ui/views/context_view.go:53.17,56.25 3 1
github.com/HamStudy/kubewatch/internal/ui/views/context_view.go:57.15,60.25 3 1
github.com/HamStudy/kubewatch/internal/ui/views/context_view.go:61.21,62.31 1 1
github.com/HamStudy/kubewatch/internal/ui/views/context_view.go:62.31,65.6 2 1
github.com/HamStudy/kubewatch/internal/ui/views/context_view.go:66.12,67.31 1 1
github.com/HamStudy/kubewatch/internal/ui/views/context_view.go:67.31,70.6 2 1
github.com/HamStudy/kubewatch/internal/ui/views/context_view.go:72.4,72.17 1 1
github.com/HamStudy/kubewatch/internal/ui/views/context_view.go:75.3,75.23 1 1
github.com/HamStudy/kubewatch/internal/ui/views/context_view.go:76.18,77.26 1 1
github.com/HamStudy/kubewatch/internal/ui/views/context_view.go:77.26,79.5 1 1
github.com/HamStudy/kubewatch/internal/ui/views/context_view.go:80.4,80.24 1 1
github.com/HamStudy/kubewatch/internal/ui/views/context_view.go:81.20,83.47 2 1
github.com/HamStudy/kubewatch/internal/ui/views/context_view.go:83.47,85.5 1 1
github.com/HamStudy/kubewatch/internal/ui/views/context_view.go:86.4,86.24 1 1
github.com/HamStudy/kubewatch/internal/ui/views/context_view.go:87.16,90.45 2 0
github.com/HamStudy/kubewatch/internal/ui/views/context_view.go:90.45,92.22 2 0
github.com/HamStudy/kubewatch/internal/ui/views/context_view.go:92.22,94.6 1 0
github.com/HamStudy/kubewatch/internal/ui/views/context_view.go:94.11,98.6 2 0
github.com/HamStudy/kubewatch/internal/ui/views/context_view.go:100.12,102.21 1 1
github.com/HamStudy/kubewatch/internal/ui/views/context_view.go:102.21,105.21 3 1
github.com/HamStudy/kubewatch/internal/ui/views/context_view.go:105.21,106.37 1 1
github.com/HamStudy/kubewatch/internal/ui/views/context_view.go:106.37,108.7 1 1
github.com/HamStudy/kubewatch/internal/ui/views/context_view.go:111.12,114.53 2 1
github.com/HamStudy/kubewatch/internal/ui/views/context_view.go:114.53,116.41 1 1
github.com/HamStudy/kubewatch/internal/ui/views/context_view.go:116.41,120.6 3 1
github.com/HamStudy/kubewatch/internal/ui/views/context_view.go:122.12,124.22 2 1
github.com/HamStudy/kubewatch/internal/ui/views/context_view.go:125.12,128.45 2 1
github.com/HamStudy/kubewatch/internal/ui/views/context_view.go:128.45,131.5 2 1
github.com/HamStudy/kubewatch/internal/ui/views/context_view.go:132.16,134.17 1 0
github.com/HamStudy/kubewatch/internal/ui/views/context_view.go:135.19,137.17 1 0
github.com/HamStudy/kubewatch/internal/ui/views/context_view.go:140.2,140.15 1 1
github.com/HamStudy/kubewatch/internal/ui/views/context_view.go:144.37,151.19 3 1
github.com/HamStudy/kubewatch/internal/ui/views/context_view.go:151.19,153.3 1 1
github.com/HamStudy/kubewatch/internal/ui/views/context_view.go:155.2,160.18 4 1
github.com/HamStudy/kubewatch/internal/ui/views/context_view.go:160.18,164.3 3 1
github.com/HamStudy/kubewatch/internal/ui/views/context_view.go:167.2,177.34 7 1
github.com/HamStudy/kubewatch/internal/ui/views/context_view.go:177.34,179.3 1 0
github.com/HamStudy/kubewatch/internal/ui/views/context_view.go:181.2,181.78 1 1
github.com/HamStudy/kubewatch/internal/ui/views/context_view.go:181.78,186.30 3 1
github.com/HamStudy/kubewatch/internal/ui/views/context_view.go:186.30,188.4 1 1
github.com/HamStudy/kubewatch/internal/ui/views/context_view.go:188.9,190.4 1 1
github.com/HamStudy/kubewatch/internal/ui/views/context_view.go:191.3,194.30 2 1
github.com/HamStudy/kubewatch/internal/ui/views/context_view.go:194.30,196.4 1 1
github.com/HamStudy/kubewatch/internal/ui/views/context_view.go:198.3,198.26 1 1
github.com/HamStudy/kubewatch/internal/ui/views/context_view.go:198.26,200.4 1 1
github.com/HamStudy/kubewatch/internal/ui/views/context_view.go:202.3,203.28 2 1
github.com/HamStudy/kubewatch/internal/ui/views/context_view.go:207.2,212.19 3 1
github.com/HamStudy/kubewatch/internal/ui/views/context_view.go:212.19,214.3 1 1
github.com/HamStudy/kubewatch/internal/ui/views/context_view.go:214.8,216.3 1 1
github.com/HamStudy/kubewatch/internal/ui/views/context_view.go:217.2,228.3 3 1
github.com/HamStudy/kubewatch/internal/ui/views/context_view.go:232.54,234.50 2 1
github.com/HamStudy/kubewatch/internal/ui/views/context_view.go:234.50,235.17 1 1
github.com/HamStudy/kubewatch/internal/ui/views/context_view.go:235.17,237.4 1 1
github.com/HamStudy/kubewatch/internal/ui/views/context_view.go:239.2,239.17 1 1
github.com/HamStudy/kubewatch/internal/ui/views/context_view.go:243.40,246.2 1 1
github.com/HamStudy/kubewatch/internal/ui/views/context_view.go:249.53,250.25 1 1
github.com/HamStudy/kubewatch/internal/ui/views/context_view.go:250.25,252.3 1 1
github.com/HamStudy/kubewatch/internal/ui/views/context_view.go:254.2,256.33 3 1
github.com/HamStudy/kubewatch/internal/ui/views/context_view.go:256.33,257.52 1 1
github.com/HamStudy/kubewatch/internal/ui/views/context_view.go:257.52,259.4 1 1
github.com/HamStudy/kubewatch/internal/ui/views/context_view.go:261.2,261.17 1 1
github.com/HamStudy/kubewatch/internal/ui/views/context_view.go:265.50,268.2 2 1
github.com/HamStudy/kubewatch/internal/ui/views/context_view.go:271.67,272.24 1 1
github.com/HamStudy/kubewatch/internal/ui/views/context_view.go:272.24,274.3 1 1
github.com/HamStudy/kubewatch/internal/ui/views/context_view.go:283.42,285.31 2 1
github.com/HamStudy/kubewatch/internal/ui/views/context_view.go:285.31,288.3 2 1
github.com/HamStudy/kubewatch/internal/ui/views/context_view.go:289.2,289.44 1 1
github.com/HamStudy/kubewatch/internal/ui/views/context_view.go:289.44,291.3 1 1
github.com/HamStudy/kubewatch/internal/ui/views/context_view.go:292.2,292.24 1 1
github.com/HamStudy/kubewatch/internal/ui/views/context_view.go:292.24,294.3 1 1
github.com/HamStudy/kubewatch/internal/ui/views/data_view.go:32.51,44.2 3 1
github.com/HamStudy/kubewatch/internal/ui/views/data_view.go:47.49,50.32 2 1
github.com/HamStudy/kubewatch/internal/ui/views/data_view.go:50.32,52.3 1 1
github.com/HamStudy/kubewatch/internal/ui/views/data_view.go:54.2,63.10 3 1
github.com/HamStudy/kubewatch/internal/ui/views/data_view.go:67.35,69.2 1 1
github.com/HamStudy/kubewatch/internal/ui/views/data_view.go:72.61,75.27 2 1
github.com/HamStudy/kubewatch/internal/ui/views/data_view.go:76.25,79.15 3 1
github.com/HamStudy/kubewatch/internal/ui/views/data_view.go:79.15,83.4 3 1
github.com/HamStudy/kubewatch/internal/ui/views/data_view.go:83.9,86.4 2 0
github.com/HamStudy/kubewatch/internal/ui/views/data_view.go:87.3,87.20 1 1
github.com/HamStudy/kubewatch/internal/ui/views/data_view.go:89.18,90.23 1 1
github.com/HamStudy/kubewatch/internal/ui/views/data_view.go:91.12,93.34 1 1
github.com/HamStudy/kubewatch/internal/ui/views/data_view.go:93.34,96.5 2 1
github.com/HamStudy/kubewatch/internal/ui/views/data_view.go:97.4,97.17 1 1
github.com/HamStudy/kubewatch/internal/ui/views/data_view.go:98.19,100.37 1 1
github.com/HamStudy/kubewatch/internal/ui/views/data_view.go:100.37,103.5 2 1
github.com/HamStudy/kubewatch/internal/ui/views/data_view.go:104.4,104.17 1 1
github.com/HamStudy/kubewatch/internal/ui/views/data_view.go:105.25,107.25 1 1
github.com/HamStudy/kubewatch/internal/ui/views/data_view.go:107.25,110.5 2 1
github.com/HamStudy/kubewatch/internal/ui/views/data_view.go:111.4,111.17 1 1
github.com/HamStudy/kubewatch/internal/ui/views/data_view.go:112.20,114.17 2 1
github.com/HamStudy/kubewatch/internal/ui/views/data_view.go:115.19,117.17 2 1
github.com/HamStudy/kubewatch/internal/ui/views/data_view.go:118.19,120.17 1 1
github.com/HamStudy/kubewatch/internal/ui/views/data_view.go:124.2,125.15 2 1
github.com/HamStudy/kubewatch/internal/ui/views/data_view.go:129.34,130.14 1 1
github.com/HamStudy/kubewatch/internal/ui/views/data_view.go:130.14,132.3 1 1
github.com/HamStudy/kubewatch/internal/ui/views/data_view.go:135.2,140.32 3 1
github.com/HamStudy/kubewatch/internal/ui/views/data_view.go:140.32,141.16 1 1
github.com/HamStudy/kubewatch/internal/ui/views/data_view.go:141.16,143.4 1 1
github.com/HamStudy/kubewatch/internal/ui/views/data_view.go:143.9,145.4 1 1
github.com/HamStudy/kubewatch/internal/ui/views/data_view.go:149.2,153.32 3 1
github.com/HamStudy/kubewatch/internal/ui/views/data_view.go:153.32,155.3 1 1
github.com/HamStudy/kubewatch/internal/ui/views/data_view.go:156.2,164.21 4 1
github.com/HamStudy/kubewatch/internal/ui/views/data_view.go:164.21,166.3 1 1
github.com/HamStudy/kubewatch/internal/ui/views/data_view.go:168.2,174.3 1 1
github.com/HamStudy/kubewatch/internal/ui/views/data_view.go:178.33,182.24 2 1
github.com/HamStudy/kubewatch/internal/ui/views/data_view.go:182.24,184.3 1 1
github.com/HamStudy/kubewatch/internal/ui/views/data_view.go:187.2,187.30 1 1
github.com/HamStudy/kubewatch/internal/ui/views/data_view.go:187.30,189.3 1 1
github.com/HamStudy/kubewatch/internal/ui/views/data_view.go:191.2,193.53 2 1
github.com/HamStudy/kubewatch/internal/ui/views/data_view.go:193.53,195.3 1 0
github.com/HamStudy/kubewatch/internal/ui/views/data_view.go:199.36,200.22 1 1
github.com/HamStudy/kubewatch/internal/ui/views/data_view.go:200.22,203.3 2 1
github.com/HamStudy/kubewatch/internal/ui/views/data_view.go:205.2,205.34 1 1
github.com/HamStudy/kubewatch/internal/ui/views/data_view.go:205.34,207.3 1 1
github.com/HamStudy/kubewatch/internal/ui/views/data_view.go:209.2,211.14 3 1
github.com/HamStudy/kubewatch/internal/ui/views/data_view.go:211.14,213.3 1 1
github.com/HamStudy/kubewatch/internal/ui/views/data_view.go:215.2,226.23 4 1
github.com/HamStudy/kubewatch/internal/ui/views/data_view.go:226.23,229.28 2 0
github.com/HamStudy/kubewatch/internal/ui/views/data_view.go:229.28,231.4 1 0
github.com/HamStudy/kubewatch/internal/ui/views/data_view.go:232.3,232.38 1 0
github.com/HamStudy/kubewatch/internal/ui/views/data_view.go:233.8,237.15 2 1
github.com/HamStudy/kubewatch/internal/ui/views/data_view.go:237.15,239.41 1 1
github.com/HamStudy/kubewatch/internal/ui/views/data_view.go:239.41,240.48 1 1
github.com/HamStudy/kubewatch/internal/ui/views/data_view.go:240.48,243.6 1 0
github.com/HamStudy/kubewatch/internal/ui/views/data_view.go:243.11,246.6 1 1
github.com/HamStudy/kubewatch/internal/ui/views/data_view.go:248.9,250.36 1 1
github.com/HamStudy/kubewatch/internal/ui/views/data_view.go:250.36,251.49 1 1
github.com/HamStudy/kubewatch/internal/ui/views/data_view.go:251.49,254.6 1 1
github.com/HamStudy/kubewatch/internal/ui/views/data_view.go:254.11,254.55 1 1
github.com/HamStudy/kubewatch/internal/ui/views/data_view.go:254.55,257.20 2 1
github.com/HamStudy/kubewatch/internal/ui/views/data_view.go:257.20,259.7 1 1
github.com/HamStudy/kubewatch/internal/ui/views/data_view.go:259.12,261.7 1 1
github.com/HamStudy/kubewatch/internal/ui/views/data_view.go:262.11,265.6 1 1
github.com/HamStudy/kubewatch/internal/ui/views/data_view.go:270.2,270.53 1 1
github.com/HamStudy/kubewatch/internal/ui/views/data_view.go:274.47,281.2 6 1
github.com/HamStudy/kubewatch/internal/ui/views/describe_view.go:30.91,39.2 1 1
github.com/HamStudy/kubewatch/internal/ui/views/describe_view.go:42.39,44.2 1 1
github.com/HamStudy/kubewatch/internal/ui/views/describe_view.go:47.47,48.24 1 1
github.com/HamStudy/kubewatch/internal/ui/views/describe_view.go:48.24,53.3 1 1
github.com/HamStudy/kubewatch/internal/ui/views/describe_view.go:57.96,58.24 1 0
github.com/HamStudy/kubewatch/internal/ui/views/describe_view.go:58.24,64.3 2 0
github.com/HamStudy/kubewatch/internal/ui/views/describe_view.go:68.52,75.21 4 1
github.com/HamStudy/kubewatch/internal/ui/views/describe_view.go:75.21,77.3 1 0
github.com/HamStudy/kubewatch/internal/ui/views/describe_view.go:78.2,82.24 3 1
github.com/HamStudy/kubewatch/internal/ui/views/describe_view.go:83.13,93.44 10 1
github.com/HamStudy/kubewatch/internal/ui/views/describe_view.go:95.20,104.46 9 1
github.com/HamStudy/kubewatch/internal/ui/views/describe_view.go:106.17,110.65 4 1
github.com/HamStudy/kubewatch/internal/ui/views/describe_view.go:112.10,113.64 1 1
github.com/HamStudy/kubewatch/internal/ui/views/describe_view.go:116.2,124.21 8 1
github.com/HamStudy/kubewatch/internal/ui/views/describe_view.go:128.128,130.2 1 0
github.com/HamStudy/kubewatch/internal/ui/views/describe_view.go:133.65,136.27 2 1
github.com/HamStudy/kubewatch/internal/ui/views/describe_view.go:137.25,140.15 3 1
github.com/HamStudy/kubewatch/internal/ui/views/describe_view.go:140.15,144.4 3 1
github.com/HamStudy/kubewatch/internal/ui/views/describe_view.go:144.9,147.4 2 1
github.com/HamStudy/kubewatch/internal/ui/views/describe_view.go:148.3,148.22 1 1
github.com/HamStudy/kubewatch/internal/ui/views/describe_view.go:148.22,150.4 1 0
github.com/HamStudy/kubewatch/internal/ui/views/describe_view.go:152.25,154.21 2 1
github.com/HamStudy/kubewatch/internal/ui/views/describe_view.go:154.21,156.4 1 1
github.com/HamStudy/kubewatch/internal/ui/views/describe_view.go:156.9,158.4 1 1
github.com/HamStudy/kubewatch/internal/ui/views/describe_view.go:159.3,160.16 2 1
github.com/HamStudy/kubewatch/internal/ui/views/describe_view.go:162.18,163.23 1 1
github.com/HamStudy/kubewatch/internal/ui/views/describe_view.go:164.20,166.17 2 1
github.com/HamStudy/kubewatch/internal/ui/views/describe_view.go:167.19,169.17 2 1
github.com/HamStudy/kubewatch/internal/ui/views/describe_view.go:170.19,172.17 1 1
github.com/HamStudy/kubewatch/internal/ui/views/describe_view.go:176.2,177.15 2 1
github.com/HamStudy/kubewatch/internal/ui/views/describe_view.go:181.38,182.14 1 1
github.com/HamStudy/kubewatch/internal/ui/views/describe_view.go:182.14,184.3 1 1
github.com/HamStudy/kubewatch/internal/ui/views/describe_view.go:187.2,192.23 3 1
github.com/HamStudy/kubewatch/internal/ui/views/describe_view.go:192.23,194.3 1 1
github.com/HamStudy/kubewatch/internal/ui/views/describe_view.go:195.2,195.21 1 1
github.com/HamStudy/kubewatch/internal/ui/views/describe_view.go:195.21,197.3 1 1
github.com/HamStudy/kubewatch/internal/ui/views/describe_view.go:199.2,208.15 4 1
github.com/HamStudy/kubewatch/internal/ui/views/describe_view.go:208.15,217.3 2 1
github.com/HamStudy/kubewatch/internal/ui/views/describe_view.go:219.2,224.3 1 1
github.com/HamStudy/kubewatch/internal/ui/views/describe_view.go:228.51,234.2 5 1
github.com/HamStudy/kubewatch/internal/ui/views/describe_view.go:243.53,245.71 1 1
github.com/HamStudy/kubewatch/internal/ui/views/describe_view.go:245.71,247.3 1 1
github.com/HamStudy/kubewatch/internal/ui/views/describe_view.go:248.2,248.21 1 1
github.com/HamStudy/kubewatch/internal/ui/views/help_view.go:18.30,22.2 1 1
github.com/HamStudy/kubewatch/internal/ui/views/help_view.go:25.47,27.2 1 1
github.com/HamStudy/kubewatch/internal/ui/views/help_view.go:30.51,33.2 0 1
github.com/HamStudy/kubewatch/internal/ui/views/help_view.go:36.35,38.2 1 1
github.com/HamStudy/kubewatch/internal/ui/views/help_view.go:41.61,42.27 1 1
github.com/HamStudy/kubewatch/internal/ui/views/help_view.go:43.25,45.24 2 1
github.com/HamStudy/kubewatch/internal/ui/views/help_view.go:47.2,47.15 1 1
github.com/HamStudy/kubewatch/internal/ui/views/help_view.go:51.34,52.29 1 1
github.com/HamStudy/kubewatch/internal/ui/views/help_view.go:52.29,54.3 1 1
github.com/HamStudy/kubewatch/internal/ui/views/help_view.go:55.2,55.31 1 1
github.com/HamStudy/kubewatch/internal/ui/views/help_view.go:59.48,116.2 30 1
github.com/HamStudy/kubewatch/internal/ui/views/help_view.go:119.43,175.2 29 1
github.com/HamStudy/kubewatch/internal/ui/views/log_view.go:59.28,69.2 1 1
github.com/HamStudy/kubewatch/internal/ui/views/log_view.go:72.39,74.2 1 1
github.com/HamStudy/kubewatch/internal/ui/views/log_view.go:77.34,79.2 1 1
github.com/HamStudy/kubewatch/internal/ui/views/log_view.go:82.60,85.27 2 1
github.com/HamStudy/kubewatch/internal/ui/views/log_view.go:86.18,88.19 1 1
github.com/HamStudy/kubewatch/internal/ui/views/log_view.go:88.19,89.24 1 1
github.com/HamStudy/kubewatch/internal/ui/views/log_view.go:90.17,93.18 3 0
github.com/HamStudy/kubewatch/internal/ui/views/log_view.go:94.15,99.18 4 1
github.com/HamStudy/kubewatch/internal/ui/views/log_view.go:100.21,101.31 1 0
github.com/HamStudy/kubewatch/internal/ui/views/log_view.go:101.31,103.6 1 0
github.com/HamStudy/kubewatch/internal/ui/views/log_view.go:104.5,104.18 1 0
github.com/HamStudy/kubewatch/internal/ui/views/log_view.go:105.12,106.31 1 1
github.com/HamStudy/kubewatch/internal/ui/views/log_view.go:106.31,108.6 1 1
github.com/HamStudy/kubewatch/internal/ui/views/log_view.go:109.5,109.18 1 1
github.com/HamStudy/kubewatch/internal/ui/views/log_view.go:114.3,114.28 1 1
github.com/HamStudy/kubewatch/internal/ui/views/log_view.go:114.28,117.4 1 0
github.com/HamStudy/kubewatch/internal/ui/views/log_view.go:120.3,120.23 1 1
github.com/HamStudy/kubewatch/internal/ui/views/log_view.go:121.12,125.17 3 1
github.com/HamStudy/kubewatch/internal/ui/views/log_view.go:126.12,128.32 1 0
github.com/HamStudy/kubewatch/internal/ui/views/log_view.go:128.32,131.5 2 0
github.com/HamStudy/kubewatch/internal/ui/views/log_view.go:132.4,132.17 1 0
github.com/HamStudy/kubewatch/internal/ui/views/log_view.go:133.12,135.32 1 0
github.com/HamStudy/kubewatch/internal/ui/views/log_view.go:135.32,137.27 2 0
github.com/HamStudy/kubewatch/internal/ui/views/log_view.go:137.27,139.6 1 0
github.com/HamStudy/kubewatch/internal/ui/views/log_view.go:140.5,140.20 1 0
github.com/HamStudy/kubewatch/internal/ui/views/log_view.go:142.4,142.17 1 0
github.com/HamStudy/kubewatch/internal/ui/views/log_view.go:143.12,146.19 2 1
github.com/HamStudy/kubewatch/internal/ui/views/log_view.go:146.19,148.5 1 1
github.com/HamStudy/kubewatch/internal/ui/views/log_view.go:149.4,149.17 1 1
github.com/HamStudy/kubewatch/internal/ui/views/log_view.go:150.12,152.29 1 1
github.com/HamStudy/kubewatch/internal/ui/views/log_view.go:152.29,154.49 2 1
github.com/HamStudy/kubewatch/internal/ui/views/log_view.go:154.49,156.6 1 1
github.com/HamStudy/kubewatch/internal/ui/views/log_view.go:158.5,158.35 1 1
github.com/HamStudy/kubewatch/internal/ui/views/log_view.go:160.4,160.17 1 0
github.com/HamStudy/kubewatch/internal/ui/views/log_view.go:161.12,163.23 1 1
github.com/HamStudy/kubewatch/internal/ui/views/log_view.go:163.23,165.37 2 1
github.com/HamStudy/kubewatch/internal/ui/views/log_view.go:165.37,167.6 1 1
github.com/HamStudy/kubewatch/internal/ui/views/log_view.go:169.5,169.35 1 1
github.com/HamStudy/kubewatch/internal/ui/views/log_view.go:171.4,171.17 1 0
github.com/HamStudy/kubewatch/internal/ui/views/log_view.go:172.12,175.36 1 0
github.com/HamStudy/kubewatch/internal/ui/views/log_view.go:175.36,178.5 2 0
github.com/HamStudy/kubewatch/internal/ui/views/log_view.go:178.10,178.44 1 0
github.com/HamStudy/kubewatch/internal/ui/views/log_view.go:178.44,181.5 2 0
github.com/HamStudy/kubewatch/internal/ui/views/log_view.go:181.10,184.5 2 0
github.com/HamStudy/kubewatch/internal/ui/views/log_view.go:187.4,188.17 2 0
github.com/HamStudy/kubewatch/internal/ui/views/log_view.go:189.12,193.17 3 1
github.com/HamStudy/kubewatch/internal/ui/views/log_view.go:194.20,197.17 3 1
github.com/HamStudy/kubewatch/internal/ui/views/log_view.go:198.19,201.17 3 1
github.com/HamStudy/kubewatch/internal/ui/views/log_view.go:204.25,207.15 3 0
github.com/HamStudy/kubewatch/internal/ui/views/log_view.go:207.15,211.4 3 0
github.com/HamStudy/kubewatch/internal/ui/views/log_view.go:211.9,214.4 2 0
github.com/HamStudy/kubewatch/internal/ui/views/log_view.go:216.27,219.29 2 0
github.com/HamStudy/kubewatch/internal/ui/views/log_view.go:219.29,221.4 1 0
github.com/HamStudy/kubewatch/internal/ui/views/log_view.go:222.3,222.31 1 0
github.com/HamStudy/kubewatch/internal/ui/views/log_view.go:224.18,227.28 2 0
github.com/HamStudy/kubewatch/internal/ui/views/log_view.go:227.28,229.4 1 0
github.com/HamStudy/kubewatch/internal/ui/views/log_view.go:230.3,231.29 2 0
github.com/HamStudy/kubewatch/internal/ui/views/log_view.go:231.29,234.4 1 0
github.com/HamStudy/kubewatch/internal/ui/views/log_view.go:235.3,236.18 2 0
github.com/HamStudy/kubewatch/internal/ui/views/log_view.go:236.18,238.4 1 0
github.com/HamStudy/kubewatch/internal/ui/views/log_view.go:240.3,240.42 1 0
github.com/HamStudy/kubewatch/internal/ui/views/log_view.go:240.42,241.34 1 0
github.com/HamStudy/kubewatch/internal/ui/views/log_view.go:241.34,243.5 1 0
github.com/HamStudy/kubewatch/internal/ui/views/log_view.go:245.3,245.16 1 0
github.com/HamStudy/kubewatch/internal/ui/views/log_view.go:247.14,251.16 3 0
github.com/HamStudy/kubewatch/internal/ui/views/log_view.go:255.2,257.102 3 1
github.com/HamStudy/kubewatch/internal/ui/views/log_view.go:257.102,259.3 1 0
github.com/HamStudy/kubewatch/internal/ui/views/log_view.go:261.2,261.15 1 1
github.com/HamStudy/kubewatch/internal/ui/views/log_view.go:265.33,266.14 1 1
github.com/HamStudy/kubewatch/internal/ui/views/log_view.go:266.14,268.3 1 0
github.com/HamStudy/kubewatch/internal/ui/views/log_view.go:271.2,272.18 2 1
github.com/HamStudy/kubewatch/internal/ui/views/log_view.go:272.18,274.3 1 1
github.com/HamStudy/kubewatch/internal/ui/views/log_view.go:277.2,278.73 2 1
github.com/HamStudy/kubewatch/internal/ui/views/log_view.go:278.73,280.3 1 0
github.com/HamStudy/kubewatch/internal/ui/views/log_view.go:280.8,280.34 1 1
github.com/HamStudy/kubewatch/internal/ui/views/log_view.go:280.34,282.3 1 0
github.com/HamStudy/kubewatch/internal/ui/views/log_view.go:284.2,284.55 1 1
github.com/HamStudy/kubewatch/internal/ui/views/log_view.go:284.55,286.3 1 0
github.com/HamStudy/kubewatch/internal/ui/views/log_view.go:286.8,286.28 1 1
github.com/HamStudy/kubewatch/internal/ui/views/log_view.go:286.28,288.3 1 0
github.com/HamStudy/kubewatch/internal/ui/views/log_view.go:290.2,298.18 4 1
github.com/HamStudy/kubewatch/internal/ui/views/log_view.go:298.18,302.3 2 0
github.com/HamStudy/kubewatch/internal/ui/views/log_view.go:302.8,302.37 1 1
github.com/HamStudy/kubewatch/internal/ui/views/log_view.go:302.37,306.3 1 0
github.com/HamStudy/kubewatch/internal/ui/views/log_view.go:306.8,314.3 1 1
github.com/HamStudy/kubewatch/internal/ui/views/log_view.go:316.2,320.53 3 1
github.com/HamStudy/kubewatch/internal/ui/views/log_view.go:320.53,322.3 1 0
github.com/HamStudy/kubewatch/internal/ui/views/log_view.go:322.8,324.3 1 1
github.com/HamStudy/kubewatch/internal/ui/views/log_view.go:326.2,326.67 1 1
github.com/HamStudy/kubewatch/internal/ui/views/log_view.go:330.46,336.2 5 1
github.com/HamStudy/kubewatch/internal/ui/views/log_view.go:339.35,341.25 2 0
github.com/HamStudy/kubewatch/internal/ui/views/log_view.go:341.25,345.3 2 0
github.com/HamStudy/kubewatch/internal/ui/views/log_view.go:347.2,348.33 2 0
github.com/HamStudy/kubewatch/internal/ui/views/log_view.go:348.33,349.53 1 0
github.com/HamStudy/kubewatch/internal/ui/views/log_view.go:349.53,351.4 1 0
github.com/HamStudy/kubewatch/internal/ui/views/log_view.go:354.2,354.30 1 0
github.com/HamStudy/kubewatch/internal/ui/views/log_view.go:354.30,357.3 2 0
github.com/HamStudy/kubewatch/internal/ui/views/log_view.go:363.33,364.66 1 0
github.com/HamStudy/kubewatch/internal/ui/views/log_view.go:364.66,370.29 3 0
github.com/HamStudy/kubewatch/internal/ui/views/log_view.go:370.29,372.4 1 0
github.com/HamStudy/kubewatch/internal/ui/views/log_view.go:374.3,375.20 2 0
github.com/HamStudy/kubewatch/internal/ui/views/log_view.go:375.20,377.4 1 0
github.com/HamStudy/kubewatch/internal/ui/views/log_view.go:378.3,378.37 1 0
github.com/HamStudy/kubewatch/internal/ui/views/log_view.go:378.37,380.4 1 0
github.com/HamStudy/kubewatch/internal/ui/views/log_view.go:382.3,382.22 1 0
github.com/HamStudy/kubewatch/internal/ui/views/log_view.go:387.50,390.19 2 0
github.com/HamStudy/kubewatch/internal/ui/views/log_view.go:390.19,392.3 1 0
github.com/HamStudy/kubewatch/internal/ui/views/log_view.go:394.2,395.30 2 0
github.com/HamStudy/kubewatch/internal/ui/views/log_view.go:395.30,397.3 1 0
github.com/HamStudy/kubewatch/internal/ui/views/log_view.go:400.2,412.39 5 0
github.com/HamStudy/kubewatch/internal/ui/views/log_view.go:412.39,413.35 1 0
github.com/HamStudy/kubewatch/internal/ui/views/log_view.go:413.35,415.12 2 0
github.com/HamStudy/kubewatch/internal/ui/views/log_view.go:418.3,422.41 3 0
github.com/HamStudy/kubewatch/internal/ui/views/log_view.go:422.41,425.68 2 0
github.com/HamStudy/kubewatch/internal/ui/views/log_view.go:425.68,427.5 1 0
github.com/HamStudy/kubewatch/internal/ui/views/log_view.go:430.4,433.8 3 0
github.com/HamStudy/kubewatch/internal/ui/views/log_view.go:433.8,435.18 2 0
github.com/HamStudy/kubewatch/internal/ui/views/log_view.go:435.18,438.11 2 0
github.com/HamStudy/kubewatch/internal/ui/views/log_view.go:442.5,447.23 4 0
github.com/HamStudy/kubewatch/internal/ui/views/log_view.go:447.23,449.6 1 0
github.com/HamStudy/kubewatch/internal/ui/views/log_view.go:449.11,451.6 1 0
github.com/HamStudy/kubewatch/internal/ui/views/log_view.go:453.5,453.45 1 0
github.com/HamStudy/kubewatch/internal/ui/views/log_view.go:456.4,456.44 1 0
github.com/HamStudy/kubewatch/internal/ui/views/log_view.go:457.9,459.4 1 0
github.com/HamStudy/kubewatch/internal/ui/views/log_view.go:463.2,463.38 1 0
github.com/HamStudy/kubewatch/internal/ui/views/log_view.go:463.38,465.3 1 0
github.com/HamStudy/kubewatch/internal/ui/views/log_view.go:467.2,467.35 1 0
github.com/HamStudy/kubewatch/internal/ui/views/log_view.go:471.131,491.24 13 0
github.com/HamStudy/kubewatch/internal/ui/views/log_view.go:491.24,496.36 4 0
github.com/HamStudy/kubewatch/internal/ui/views/log_view.go:497.29,499.35 1 0
github.com/HamStudy/kubewatch/internal/ui/views/log_view.go:499.35,500.41 1 0
github.com/HamStudy/kubewatch/internal/ui/views/log_view.go:500.41,503.52 2 0
github.com/HamStudy/kubewatch/internal/ui/views/log_view.go:503.52,505.7 1 0
github.com/HamStudy/kubewatch/internal/ui/views/log_view.go:506.6,510.78 3 0
github.com/HamStudy/kubewatch/internal/ui/views/log_view.go:510.78,513.7 1 0
github.com/HamStudy/kubewatch/internal/ui/views/log_view.go:513.12,516.7 1 0
github.com/HamStudy/kubewatch/internal/ui/views/log_view.go:519.6,519.55 1 0
github.com/HamStudy/kubewatch/internal/ui/views/log_view.go:519.55,521.21 2 0
github.com/HamStudy/kubewatch/internal/ui/views/log_view.go:521.21,523.16 2 0
github.com/HamStudy/kubewatch/internal/ui/views/log_view.go:525.7,526.61 2 0
github.com/HamStudy/kubewatch/internal/ui/views/log_view.go:530.6,530.34 1 0
github.com/HamStudy/kubewatch/internal/ui/views/log_view.go:530.34,532.7 1 0
github.com/HamStudy/kubewatch/internal/ui/views/log_view.go:532.12,532.45 1 0
github.com/HamStudy/kubewatch/internal/ui/views/log_view.go:532.45,534.7 1 0
github.com/HamStudy/kubewatch/internal/ui/views/log_view.go:535.6,535.11 1 0
github.com/HamStudy/kubewatch/internal/ui/views/log_view.go:538.36,540.49 1 0
github.com/HamStudy/kubewatch/internal/ui/views/log_view.go:540.49,541.48 1 0
github.com/HamStudy/kubewatch/internal/ui/views/log_view.go:541.48,544.37 2 0
github.com/HamStudy/kubewatch/internal/ui/views/log_view.go:544.37,548.32 3 0
github.com/HamStudy/kubewatch/internal/ui/views/log_view.go:548.32,550.8 1 0
github.com/HamStudy/kubewatch/internal/ui/views/log_view.go:551.7,554.24 2 0
github.com/HamStudy/kubewatch/internal/ui/views/log_view.go:554.24,556.58 2 0
github.com/HamStudy/kubewatch/internal/ui/views/log_view.go:556.58,558.9 1 0
github.com/HamStudy/kubewatch/internal/ui/views/log_view.go:559.8,559.36 1 0
github.com/HamStudy/kubewatch/internal/ui/views/log_view.go:563.7,564.58 2 0
github.com/HamStudy/kubewatch/internal/ui/views/log_view.go:564.58,567.8 1 0
github.com/HamStudy/kubewatch/internal/ui/views/log_view.go:570.7,571.78 2 0
github.com/HamStudy/kubewatch/internal/ui/views/log_view.go:571.78,574.8 1 0
github.com/HamStudy/kubewatch/internal/ui/views/log_view.go:577.7,577.40 1 0
github.com/HamStudy/kubewatch/internal/ui/views/log_view.go:577.40,578.57 1 0
github.com/HamStudy/kubewatch/internal/ui/views/log_view.go:578.57,580.23 2 0
github.com/HamStudy/kubewatch/internal/ui/views/log_view.go:580.23,582.18 2 0
github.com/HamStudy/kubewatch/internal/ui/views/log_view.go:584.9,586.95 2 0
github.com/HamStudy/kubewatch/internal/ui/views/log_view.go:591.7,592.29 2 0
github.com/HamStudy/kubewatch/internal/ui/views/log_view.go:592.29,594.8 1 0
github.com/HamStudy/kubewatch/internal/ui/views/log_view.go:594.13,596.8 1 0
github.com/HamStudy/kubewatch/internal/ui/views/log_view.go:597.7,597.35 1 0
github.com/HamStudy/kubewatch/internal/ui/views/log_view.go:597.35,599.8 1 0
github.com/HamStudy/kubewatch/internal/ui/views/log_view.go:599.13,601.8 1 0
github.com/HamStudy/kubewatch/internal/ui/views/log_view.go:602.7,602.90 1 0
github.com/HamStudy/kubewatch/internal/ui/views/log_view.go:604.6,604.11 1 0
github.com/HamStudy/kubewatch/internal/ui/views/log_view.go:607.37,609.43 1 0
github.com/HamStudy/kubewatch/internal/ui/views/log_view.go:609.43,610.41 1 0
github.com/HamStudy/kubewatch/internal/ui/views/log_view.go:610.41,613.37 2 0
github.com/HamStudy/kubewatch/internal/ui/views/log_view.go:613.37,617.32 3 0
github.com/HamStudy/kubewatch/internal/ui/views/log_view.go:617.32,619.8 1 0
github.com/HamStudy/kubewatch/internal/ui/views/log_view.go:620.7,623.24 2 0
github.com/HamStudy/kubewatch/internal/ui/views/log_view.go:623.24,625.58 2 0
github.com/HamStudy/kubewatch/internal/ui/views/log_view.go:625.58,627.9 1 0
github.com/HamStudy/kubewatch/internal/ui/views/log_view.go:628.8,628.36 1 0
github.com/HamStudy/kubewatch/internal/ui/views/log_view.go:632.7,633.58 2 0
github.com/HamStudy/kubewatch/internal/ui/views/log_view.go:633.58,636.8 1 0
github.com/HamStudy/kubewatch/internal/ui/views/log_view.go:639.7,640.78 2 0
github.com/HamStudy/kubewatch/internal/ui/views/log_view.go:640.78,643.8 1 0
github.com/HamStudy/kubewatch/internal/ui/views/log_view.go:646.7,646.40 1 0
github.com/HamStudy/kubewatch/internal/ui/views/log_view.go:646.40,647.57 1 0
github.com/HamStudy/kubewatch/internal/ui/views/log_view.go:647.57,649.23 2 0
github.com/HamStudy/kubewatch/internal/ui/views/log_view.go:649.23,651.18 2 0
github.com/HamStudy/kubewatch/internal/ui/views/log_view.go:653.9,654.95 2 0
github.com/HamStudy/kubewatch/internal/ui/views/log_view.go:659.7,660.29 2 0
github.com/HamStudy/kubewatch/internal/ui/views/log_view.go:660.29,662.8 1 0
github.com/HamStudy/kubewatch/internal/ui/views/log_view.go:662.13,664.8 1 0
github.com/HamStudy/kubewatch/internal/ui/views/log_view.go:665.7,665.35 1 0
github.com/HamStudy/kubewatch/internal/ui/views/log_view.go:665.35,667.8 1 0
github.com/HamStudy/kubewatch/internal/ui/views/log_view.go:667.13,669.8 1 0
github.com/HamStudy/kubewatch/internal/ui/views/log_view.go:670.7,670.90 1 0
github.com/HamStudy/kubewatch/internal/ui/views/log_view.go:672.6,672.11 1 0
github.com/HamStudy/kubewatch/internal/ui/views/log_view.go:677.3,677.38 1 0
github.com/HamStudy/kubewatch/internal/ui/views/log_view.go:677.38,679.4 1 0
github.com/HamStudy/kubewatch/internal/ui/views/log_view.go:681.3,681.23 1 0
github.com/HamStudy/kubewatch/internal/ui/views/log_view.go:681.23,685.35 3 0
github.com/HamStudy/kubewatch/internal/ui/views/log_view.go:685.35,687.5 1 0
github.com/HamStudy/kubewatch/internal/ui/views/log_view.go:689.4,689.60 1 0
github.com/HamStudy/kubewatch/internal/ui/views/log_view.go:692.3,692.71 1 0
github.com/HamStudy/kubewatch/internal/ui/views/log_view.go:697.43,698.25 1 1
github.com/HamStudy/kubewatch/internal/ui/views/log_view.go:698.25,700.3 1 0
github.com/HamStudy/kubewatch/internal/ui/views/log_view.go:702.2,702.38 1 1
github.com/HamStudy/kubewatch/internal/ui/views/log_view.go:702.38,703.20 1 0
github.com/HamStudy/kubewatch/internal/ui/views/log_view.go:703.20,705.4 1 0
github.com/HamStudy/kubewatch/internal/ui/views/log_view.go:707.2,710.12 4 1
github.com/HamStudy/kubewatch/internal/ui/views/log_view.go:714.46,716.25 1 1
github.com/HamStudy/kubewatch/internal/ui/views/log_view.go:716.25,718.3 1 0
github.com/HamStudy/kubewatch/internal/ui/views/log_view.go:719.2,719.38 1 1
github.com/HamStudy/kubewatch/internal/ui/views/log_view.go:719.38,720.20 1 0
github.com/HamStudy/kubewatch/internal/ui/views/log_view.go:720.20,722.4 1 0
github.com/HamStudy/kubewatch/internal/ui/views/log_view.go:724.2,732.63 5 1
github.com/HamStudy/kubewatch/internal/ui/views/log_view.go:732.63,737.3 3 0
github.com/HamStudy/kubewatch/internal/ui/views/log_view.go:739.2,739.12 1 1
github.com/HamStudy/kubewatch/internal/ui/views/log_view.go:743.60,744.24 1 0
github.com/HamStudy/kubewatch/internal/ui/views/log_view.go:744.24,745.79 1 0
github.com/HamStudy/kubewatch/internal/ui/views/log_view.go:745.79,747.4 1 0
github.com/HamStudy/kubewatch/internal/ui/views/log_view.go:749.3,752.21 3 0
github.com/HamStudy/kubewatch/internal/ui/views/log_view.go:752.21,754.4 1 0
github.com/HamStudy/kubewatch/internal/ui/views/log_view.go:757.3,757.10 1 0
github.com/HamStudy/kubewatch/internal/ui/views/log_view.go:758.23,759.14 1 0
github.com/HamStudy/kubewatch/internal/ui/views/log_view.go:760.11,760.11 0 0
github.com/HamStudy/kubewatch/internal/ui/views/log_view.go:764.3,767.13 3 0
github.com/HamStudy/kubewatch/internal/ui/views/log_view.go:767.13,768.22 1 0
github.com/HamStudy/kubewatch/internal/ui/views/log_view.go:768.22,770.5 1 0
github.com/HamStudy/kubewatch/internal/ui/views/log_view.go:770.10,770.47 1 0
github.com/HamStudy/kubewatch/internal/ui/views/log_view.go:770.47,772.5 1 0
github.com/HamStudy/kubewatch/internal/ui/views/log_view.go:772.10,775.5 1 0
github.com/HamStudy/kubewatch/internal/ui/views/log_view.go:779.3,779.10 1 0
github.com/HamStudy/kubewatch/internal/ui/views/log_view.go:780.23,781.14 1 0
github.com/HamStudy/kubewatch/internal/ui/views/log_view.go:782.27,783.59 1 0
github.com/HamStudy/kubewatch/internal/ui/views/log_view.go:784.25,785.21 1 0
github.com/HamStudy/kubewatch/internal/ui/views/log_view.go:785.21,789.5 1 0
github.com/HamStudy/kubewatch/internal/ui/views/log_view.go:790.4,790.22 1 0
github.com/HamStudy/kubewatch/internal/ui/views/log_view.go:791.45,793.43 1 0
github.com/HamStudy/kubewatch/internal/ui/views/namespace_view.go:24.90,32.32 2 1
github.com/HamStudy/kubewatch/internal/ui/views/namespace_view.go:32.32,33.34 1 1
github.com/HamStudy/kubewatch/internal/ui/views/namespace_view.go:33.34,35.9 2 1
github.com/HamStudy/kubewatch/internal/ui/views/namespace_view.go:40.2,46.57 5 1
github.com/HamStudy/kubewatch/internal/ui/views/namespace_view.go:46.57,48.3 1 1
github.com/HamStudy/kubewatch/internal/ui/views/namespace_view.go:48.8,50.3 1 1
github.com/HamStudy/kubewatch/internal/ui/views/namespace_view.go:52.2,52.11 1 1
github.com/HamStudy/kubewatch/internal/ui/views/namespace_view.go:56.40,58.2 1 1
github.com/HamStudy/kubewatch/internal/ui/views/namespace_view.go:61.66,62.27 1 1
github.com/HamStudy/kubewatch/internal/ui/views/namespace_view.go:63.18,64.23 1 1
github.com/HamStudy/kubewatch/internal/ui/views/namespace_view.go:65.18,66.27 1 1
github.com/HamStudy/kubewatch/internal/ui/views/namespace_view.go:66.27,68.5 1 1
github.com/HamStudy/kubewatch/internal/ui/views/namespace_view.go:69.20,70.48 1 1
github.com/HamStudy/kubewatch/internal/ui/views/namespace_view.go:70.48,72.5 1 1
github.com/HamStudy/kubewatch/internal/ui/views/namespace_view.go:73.15,74.23 1 1
github.com/HamStudy/kubewatch/internal/ui/views/namespace_view.go:75.14,76.46 1 1
github.com/HamStudy/kubewatch/internal/ui/views/namespace_view.go:77.15,79.27 2 1
github.com/HamStudy/kubewatch/internal/ui/views/namespace_view.go:79.27,81.5 1 1
github.com/HamStudy/kubewatch/internal/ui/views/namespace_view.go:82.17,84.47 2 1
github.com/HamStudy/kubewatch/internal/ui/views/namespace_view.go:84.47,86.5 1 1
github.com/HamStudy/kubewatch/internal/ui/views/namespace_view.go:87.12,89.17 1 1
github.com/HamStudy/kubewatch/internal/ui/views/namespace_view.go:90.20,91.25 1 1
github.com/HamStudy/kubewatch/internal/ui/views/namespace_view.go:91.25,94.5 2 1
github.com/HamStudy/kubewatch/internal/ui/views/namespace_view.go:95.14,98.19 2 1
github.com/HamStudy/kubewatch/internal/ui/views/namespace_view.go:99.16,101.17 1 1
github.com/HamStudy/kubewatch/internal/ui/views/namespace_view.go:102.17,104.17 1 1
github.com/HamStudy/kubewatch/internal/ui/views/namespace_view.go:105.11,107.80 1 1
github.com/HamStudy/kubewatch/internal/ui/views/namespace_view.go:107.80,110.5 2 1
github.com/HamStudy/kubewatch/internal/ui/views/namespace_view.go:113.2,113.15 1 1
github.com/HamStudy/kubewatch/internal/ui/views/namespace_view.go:117.39,152.20 10 1
github.com/HamStudy/kubewatch/internal/ui/views/namespace_view.go:152.20,155.3 2 1
github.com/HamStudy/kubewatch/internal/ui/views/namespace_view.go:158.2,163.37 4 1
github.com/HamStudy/kubewatch/internal/ui/views/namespace_view.go:163.37,165.19 2 0
github.com/HamStudy/kubewatch/internal/ui/views/namespace_view.go:165.19,167.4 1 0
github.com/HamStudy/kubewatch/internal/ui/views/namespace_view.go:170.2,170.36 1 1
github.com/HamStudy/kubewatch/internal/ui/views/namespace_view.go:170.36,172.3 1 1
github.com/HamStudy/kubewatch/internal/ui/views/namespace_view.go:175.2,175.65 1 1
github.com/HamStudy/kubewatch/internal/ui/views/namespace_view.go:175.65,180.23 3 1
github.com/HamStudy/kubewatch/internal/ui/views/namespace_view.go:180.23,182.4 1 1
github.com/HamStudy/kubewatch/internal/ui/views/namespace_view.go:182.9,182.43 1 1
github.com/HamStudy/kubewatch/internal/ui/views/namespace_view.go:182.43,184.4 1 1
github.com/HamStudy/kubewatch/internal/ui/views/namespace_view.go:184.9,186.4 1 1
github.com/HamStudy/kubewatch/internal/ui/views/namespace_view.go:189.3,189.27 1 1
github.com/HamStudy/kubewatch/internal/ui/views/namespace_view.go:189.27,191.4 1 1
github.com/HamStudy/kubewatch/internal/ui/views/namespace_view.go:191.9,191.63 1 1
github.com/HamStudy/kubewatch/internal/ui/views/namespace_view.go:191.63,193.4 1 0
github.com/HamStudy/kubewatch/internal/ui/views/namespace_view.go:195.3,196.28 2 1
github.com/HamStudy/kubewatch/internal/ui/views/namespace_view.go:200.2,200.41 1 1
github.com/HamStudy/kubewatch/internal/ui/views/namespace_view.go:200.41,203.3 2 1
github.com/HamStudy/kubewatch/internal/ui/views/namespace_view.go:206.2,216.3 3 1
github.com/HamStudy/kubewatch/internal/ui/views/namespace_view.go:220.52,223.2 2 1
github.com/HamStudy/kubewatch/internal/ui/views/namespace_view.go:226.55,227.68 1 1
github.com/HamStudy/kubewatch/internal/ui/views/namespace_view.go:227.68,229.23 2 1
github.com/HamStudy/kubewatch/internal/ui/views/namespace_view.go:229.23,231.4 1 1
github.com/HamStudy/kubewatch/internal/ui/views/namespace_view.go:232.3,232.17 1 1
github.com/HamStudy/kubewatch/internal/ui/views/namespace_view.go:234.2,234.27 1 0
github.com/HamStudy/kubewatch/internal/ui/views/namespace_view.go:238.39,239.20 1 1
github.com/HamStudy/kubewatch/internal/ui/views/namespace_view.go:239.20,242.3 2 1
github.com/HamStudy/kubewatch/internal/ui/views/namespace_view.go:244.2,247.34 3 1
github.com/HamStudy/kubewatch/internal/ui/views/namespace_view.go:247.34,248.62 1 1
github.com/HamStudy/kubewatch/internal/ui/views/namespace_view.go:248.62,250.4 1 1
github.com/HamStudy/kubewatch/internal/ui/views/namespace_view.go:254.2,254.45 1 1
github.com/HamStudy/kubewatch/internal/ui/views/namespace_view.go:254.45,256.3 1 1
github.com/HamStudy/kubewatch/internal/ui/views/resource_view.go:61.78,78.2 3 1
github.com/HamStudy/kubewatch/internal/ui/views/resource_view.go:81.108,98.2 3 1
github.com/HamStudy/kubewatch/internal/ui/views/resource_view.go:101.39,103.2 1 1
github.com/HamStudy/kubewatch/internal/ui/views/resource_view.go:106.65,107.27 1 1
github.com/HamStudy/kubewatch/internal/ui/views/resource_view.go:108.18,109.23 1 1
github.com/HamStudy/kubewatch/internal/ui/views/resource_view.go:110.20,112.37 1 1
github.com/HamStudy/kubewatch/internal/ui/views/resource_view.go:112.37,115.5 2 1
github.com/HamStudy/kubewatch/internal/ui/views/resource_view.go:116.4,116.17 1 1
github.com/HamStudy/kubewatch/internal/ui/views/resource_view.go:117.18,119.25 1 1
github.com/HamStudy/kubewatch/internal/ui/views/resource_view.go:119.25,122.5 2 1
github.com/HamStudy/kubewatch/internal/ui/views/resource_view.go:123.4,123.17 1 1
github.com/HamStudy/kubewatch/internal/ui/views/resource_view.go:124.12,127.17 2 1
github.com/HamStudy/kubewatch/internal/ui/views/resource_view.go:128.15,131.17 3 1
github.com/HamStudy/kubewatch/internal/ui/views/resource_view.go:132.14,133.23 1 1
github.com/HamStudy/kubewatch/internal/ui/views/resource_view.go:133.23,136.5 2 1
github.com/HamStudy/kubewatch/internal/ui/views/resource_view.go:137.4,137.17 1 1
github.com/HamStudy/kubewatch/internal/ui/views/resource_view.go:138.15,140.40 1 1
github.com/HamStudy/kubewatch/internal/ui/views/resource_view.go:140.40,142.5 1 0
github.com/HamStudy/kubewatch/internal/ui/views/resource_view.go:142.10,144.5 1 1
github.com/HamStudy/kubewatch/internal/ui/views/resource_view.go:145.4,146.17 2 1
github.com/HamStudy/kubewatch/internal/ui/views/resource_view.go:147.17,149.52 1 1
github.com/HamStudy/kubewatch/internal/ui/views/resource_view.go:149.52,151.5 1 1
github.com/HamStudy/kubewatch/internal/ui/views/resource_view.go:151.10,151.30 1 0
github.com/HamStudy/kubewatch/internal/ui/views/resource_view.go:151.30,153.5 1 0
github.com/HamStudy/kubewatch/internal/ui/views/resource_view.go:154.4,155.17 2 1
github.com/HamStudy/kubewatch/internal/ui/views/resource_view.go:156.20,158.30 1 0
github.com/HamStudy/kubewatch/internal/ui/views/resource_view.go:158.30,160.5 1 0
github.com/HamStudy/kubewatch/internal/ui/views/resource_view.go:161.4,161.17 1 0
github.com/HamStudy/kubewatch/internal/ui/views/resource_view.go:162.21,165.17 2 0
github.com/HamStudy/kubewatch/internal/ui/views/resource_view.go:169.2,169.15 1 0
github.com/HamStudy/kubewatch/internal/ui/views/resource_view.go:173.38,178.2 3 1
github.com/HamStudy/kubewatch/internal/ui/views/resource_view.go:181.51,184.19 3 1
github.com/HamStudy/kubewatch/internal/ui/views/resource_view.go:184.19,187.3 1 0
github.com/HamStudy/kubewatch/internal/ui/views/resource_view.go:187.8,189.3 1 1
github.com/HamStudy/kubewatch/internal/ui/views/resource_view.go:193.53,195.13 2 1
github.com/HamStudy/kubewatch/internal/ui/views/resource_view.go:195.13,198.3 1 1
github.com/HamStudy/kubewatch/internal/ui/views/resource_view.go:202.48,204.53 1 1
github.com/HamStudy/kubewatch/internal/ui/views/resource_view.go:204.53,206.3 1 0
github.com/HamStudy/kubewatch/internal/ui/views/resource_view.go:207.2,207.42 1 1
github.com/HamStudy/kubewatch/internal/ui/views/resource_view.go:207.42,209.3 1 0
github.com/HamStudy/kubewatch/internal/ui/views/resource_view.go:212.2,212.36 1 1
github.com/HamStudy/kubewatch/internal/ui/views/resource_view.go:212.36,214.37 2 0
github.com/HamStudy/kubewatch/internal/ui/views/resource_view.go:214.37,216.4 1 0
github.com/HamStudy/kubewatch/internal/ui/views/resource_view.go:218.2,218.25 1 1
github.com/HamStudy/kubewatch/internal/ui/views/resource_view.go:218.25,220.3 1 0
github.com/HamStudy/kubewatch/internal/ui/views/resource_view.go:223.2,223.37 1 1
github.com/HamStudy/kubewatch/internal/ui/views/resource_view.go:223.37,225.3 1 0
github.com/HamStudy/kubewatch/internal/ui/views/resource_view.go:225.8,225.62 1 1
github.com/HamStudy/kubewatch/internal/ui/views/resource_view.go:225.62,227.3 1 0
github.com/HamStudy/kubewatch/internal/ui/views/resource_view.go:230.2,231.57 2 1
github.com/HamStudy/kubewatch/internal/ui/views/resource_view.go:231.57,233.68 2 1
github.com/HamStudy/kubewatch/internal/ui/views/resource_view.go:233.68,235.4 1 0
github.com/HamStudy/kubewatch/internal/ui/views/resource_view.go:240.51,241.24 1 1
github.com/HamStudy/kubewatch/internal/ui/views/resource_view.go:241.24,244.47 2 0
github.com/HamStudy/kubewatch/internal/ui/views/resource_view.go:244.47,246.4 1 0
github.com/HamStudy/kubewatch/internal/ui/views/resource_view.go:249.3,249.25 1 0
github.com/HamStudy/kubewatch/internal/ui/views/resource_view.go:249.25,251.4 1 0
github.com/HamStudy/kubewatch/internal/ui/views/resource_view.go:253.3,253.38 1 0
github.com/HamStudy/kubewatch/internal/ui/views/resource_view.go:254.29,256.18 2 0
github.com/HamStudy/kubewatch/internal/ui/views/resource_view.go:256.18,258.5 1 0
github.com/HamStudy/kubewatch/internal/ui/views/resource_view.go:261.4,265.31 4 0
github.com/HamStudy/kubewatch/internal/ui/views/resource_view.go:267.36,269.18 2 0
github.com/HamStudy/kubewatch/internal/ui/views/resource_view.go:269.18,271.5 1 0
github.com/HamStudy/kubewatch/internal/ui/views/resource_view.go:272.4,273.45 2 0
github.com/HamStudy/kubewatch/internal/ui/views/resource_view.go:275.37,277.18 2 0
github.com/HamStudy/kubewatch/internal/ui/views/resource_view.go:277.18,279.5 1 0
github.com/HamStudy/kubewatch/internal/ui/views/resource_view.go:280.4,281.47 2 0
github.com/HamStudy/kubewatch/internal/ui/views/resource_view.go:283.33,285.18 2 0
github.com/HamStudy/kubewatch/internal/ui/views/resource_view.go:285.18,287.5 1 0
github.com/HamStudy/kubewatch/internal/ui/views/resource_view.go:288.4,289.39 2 0
github.com/HamStudy/kubewatch/internal/ui/views/resource_view.go:291.33,293.18 2 0
github.com/HamStudy/kubewatch/internal/ui/views/resource_view.go:293.18,295.5 1 0
github.com/HamStudy/kubewatch/internal/ui/views/resource_view.go:296.4,297.41 2 0
github.com/HamStudy/kubewatch/internal/ui/views/resource_view.go:299.35,301.18 2 0
github.com/HamStudy/kubewatch/internal/ui/views/resource_view.go:301.18,303.5 1 0
github.com/HamStudy/kubewatch/internal/ui/views/resource_view.go:304.4,305.43 2 0
github.com/HamStudy/kubewatch/internal/ui/views/resource_view.go:307.32,309.18 2 0
github.com/HamStudy/kubewatch/internal/ui/views/resource_view.go:309.18,311.5 1 0
github.com/HamStudy/kubewatch/internal/ui/views/resource_view.go:312.4,313.37 2 0
github.com/HamStudy/kubewatch/internal/ui/views/resource_view.go:317.3,319.30 2 0
github.com/HamStudy/kubewatch/internal/ui/views/resource_view.go:324.82,325.37 1 0
github.com/HamStudy/kubewatch/internal/ui/views/resource_view.go:326.28,328.17 2 0
github.com/HamStudy/kubewatch/internal/ui/views/resource_view.go:328.17,330.4 1 0
github.com/HamStudy/kubewatch/internal/ui/views/resource_view.go:333.3,334.39 2 0
github.com/HamStudy/kubewatch/internal/ui/views/resource_view.go:334.39,338.4 2 0
github.com/HamStudy/kubewatch/internal/ui/views/resource_view.go:340.3,341.53 2 0
github.com/HamStudy/kubewatch/internal/ui/views/resource_view.go:343.35,345.17 2 0
github.com/HamStudy/kubewatch/internal/ui/views/resource_view.go:345.17,347.4 1 0
github.com/HamStudy/kubewatch/internal/ui/views/resource_view.go:350.3,351.46 2 0
github.com/HamStudy/kubewatch/internal/ui/views/resource_view.go:351.46,354.4 2 0
github.com/HamStudy/kubewatch/internal/ui/views/resource_view.go:356.3,357.67 2 0
github.com/HamStudy/kubewatch/internal/ui/views/resource_view.go:360.10,362.39 1 0
github.com/HamStudy/kubewatch/internal/ui/views/resource_view.go:362.39,364.18 2 0
github.com/HamStudy/kubewatch/internal/ui/views/resource_view.go:364.18,366.5 1 0
github.com/HamStudy/kubewatch/internal/ui/views/resource_view.go:367.4,368.47 2 0
github.com/HamStudy/kubewatch/internal/ui/views/resource_view.go:373.2,374.29 2 0
github.com/HamStudy/kubewatch/internal/ui/views/resource_view.go:378.83,379.37 1 0
github.com/HamStudy/kubewatch/internal/ui/views/resource_view.go:380.28,382.17 2 0
github.com/HamStudy/kubewatch/internal/ui/views/resource_view.go:382.17,384.4 1 0
github.com/HamStudy/kubewatch/internal/ui/views/resource_view.go:387.3,391.30 4 0
github.com/HamStudy/kubewatch/internal/ui/views/resource_view.go:393.35,395.17 2 0
github.com/HamStudy/kubewatch/internal/ui/views/resource_view.go:395.17,397.4 1 0
github.com/HamStudy/kubewatch/internal/ui/views/resource_view.go:398.3,399.44 2 0
github.com/HamStudy/kubewatch/internal/ui/views/resource_view.go:401.36,403.17 2 0
github.com/HamStudy/kubewatch/internal/ui/views/resource_view.go:403.17,405.4 1 0
github.com/HamStudy/kubewatch/internal/ui/views/resource_view.go:406.3,407.46 2 0
github.com/HamStudy/kubewatch/internal/ui/views/resource_view.go:409.32,411.17 2 0
github.com/HamStudy/kubewatch/internal/ui/views/resource_view.go:411.17,413.4 1 0
github.com/HamStudy/kubewatch/internal/ui/views/resource_view.go:414.3,415.38 2 0
github.com/HamStudy/kubewatch/internal/ui/views/resource_view.go:417.32,419.17 2 0
github.com/HamStudy/kubewatch/internal/ui/views/resource_view.go:419.17,421.4 1 0
github.com/HamStudy/kubewatch/internal/ui/views/resource_view.go:422.3,423.40 2 0
github.com/HamStudy/kubewatch/internal/ui/views/resource_view.go:425.34,427.17 2 0
github.com/HamStudy/kubewatch/internal/ui/views/resource_view.go:427.17,429.4 1 0
github.com/HamStudy/kubewatch/internal/ui/views/resource_view.go:430.3,431.42 2 0
github.com/HamStudy/kubewatch/internal/ui/views/resource_view.go:433.31,435.17 2 0
github.com/HamStudy/kubewatch/internal/ui/views/resource_view.go:435.17,437.4 1 0
github.com/HamStudy/kubewatch/internal/ui/views/resource_view.go:438.3,439.36 2 0
github.com/HamStudy/kubewatch/internal/ui/views/resource_view.go:443.2,444.29 2 0
github.com/HamStudy/kubewatch/internal/ui/views/resource_view.go:448.57,449.74 1 1
github.com/HamStudy/kubewatch/internal/ui/views/resource_view.go:449.74,451.71 2 1
github.com/HamStudy/kubewatch/internal/ui/views/resource_view.go:451.71,453.4 1 0
github.com/HamStudy/kubewatch/internal/ui/views/resource_view.go:453.9,453.35 1 1
github.com/HamStudy/kubewatch/internal/ui/views/resource_view.go:453.35,455.4 1 1
github.com/HamStudy/kubewatch/internal/ui/views/resource_view.go:457.2,457.11 1 1
github.com/HamStudy/kubewatch/internal/ui/views/resource_view.go:461.60,462.23 1 1
github.com/HamStudy/kubewatch/internal/ui/views/resource_view.go:462.23,464.3 1 1
github.com/HamStudy/kubewatch/internal/ui/views/resource_view.go:466.2,466.31 1 0
github.com/HamStudy/kubewatch/internal/ui/views/resource_view.go:466.31,468.3 1 0
github.com/HamStudy/kubewatch/internal/ui/views/resource_view.go:471.2,471.74 1 0
github.com/HamStudy/kubewatch/internal/ui/views/resource_view.go:471.74,473.28 2 0
github.com/HamStudy/kubewatch/internal/ui/views/resource_view.go:473.28,475.4 1 0
github.com/HamStudy/kubewatch/internal/ui/views/resource_view.go:477.2,477.11 1 0
github.com/HamStudy/kubewatch/internal/ui/views/resource_view.go:481.47,482.55 1 0
github.com/HamStudy/kubewatch/internal/ui/views/resource_view.go:482.55,483.63 1 0
github.com/HamStudy/kubewatch/internal/ui/views/resource_view.go:483.63,485.4 1 0
github.com/HamStudy/kubewatch/internal/ui/views/resource_view.go:490.49,491.55 1 1
github.com/HamStudy/kubewatch/internal/ui/views/resource_view.go:491.55,492.63 1 1
github.com/HamStudy/kubewatch/internal/ui/views/resource_view.go:492.63,494.4 1 1
github.com/HamStudy/kubewatch/internal/ui/views/resource_view.go:499.79,500.21 1 1
github.com/HamStudy/kubewatch/internal/ui/views/resource_view.go:500.21,502.3 1 0
github.com/HamStudy/kubewatch/internal/ui/views/resource_view.go:504.2,504.56 1 1
github.com/HamStudy/kubewatch/internal/ui/views/resource_view.go:504.56,509.43 1 1
github.com/HamStudy/kubewatch/internal/ui/views/resource_view.go:509.43,511.4 1 1
github.com/HamStudy/kubewatch/internal/ui/views/resource_view.go:513.2,513.11 1 0
github.com/HamStudy/kubewatch/internal/ui/views/resource_view.go:517.53,518.31 1 1
github.com/HamStudy/kubewatch/internal/ui/views/resource_view.go:518.31,520.3 1 0
github.com/HamStudy/kubewatch/internal/ui/views/resource_view.go:523.2,524.19 2 1
github.com/HamStudy/kubewatch/internal/ui/views/resource_view.go:524.19,527.3 2 1
github.com/HamStudy/kubewatch/internal/ui/views/resource_view.go:530.2,530.48 1 0
github.com/HamStudy/kubewatch/internal/ui/views/resource_view.go:530.48,534.55 1 0
github.com/HamStudy/kubewatch/internal/ui/views/resource_view.go:534.55,537.4 2 0
github.com/HamStudy/kubewatch/internal/ui/views/resource_view.go:541.2,541.34 1 0
github.com/HamStudy/kubewatch/internal/ui/views/resource_view.go:541.34,543.3 1 0
github.com/HamStudy/kubewatch/internal/ui/views/resource_view.go:544.2,544.42 1 0
github.com/HamStudy/kubewatch/internal/ui/views/resource_view.go:544.42,546.3 1 0
github.com/HamStudy/kubewatch/internal/ui/views/resource_view.go:550.49,551.24 1 0
github.com/HamStudy/kubewatch/internal/ui/views/resource_view.go:551.24,555.56 2 0
github.com/HamStudy/kubewatch/internal/ui/views/resource_view.go:555.56,557.4 1 0
github.com/HamStudy/kubewatch/internal/ui/views/resource_view.go:559.3,560.28 2 0
github.com/HamStudy/kubewatch/internal/ui/views/resource_view.go:560.28,562.4 1 0
github.com/HamStudy/kubewatch/internal/ui/views/resource_view.go:565.3,568.46 3 0
github.com/HamStudy/kubewatch/internal/ui/views/resource_view.go:568.46,570.28 1 0
github.com/HamStudy/kubewatch/internal/ui/views/resource_view.go:570.28,572.5 1 0
github.com/HamStudy/kubewatch/internal/ui/views/resource_view.go:573.4,579.18 5 0
github.com/HamStudy/kubewatch/internal/ui/views/resource_view.go:579.18,581.5 1 0
github.com/HamStudy/kubewatch/internal/ui/views/resource_view.go:582.9,586.4 2 0
github.com/HamStudy/kubewatch/internal/ui/views/resource_view.go:588.3,591.38 3 0
github.com/HamStudy/kubewatch/internal/ui/views/resource_view.go:592.29,593.48 1 0
github.com/HamStudy/kubewatch/internal/ui/views/resource_view.go:594.36,595.55 1 0
github.com/HamStudy/kubewatch/internal/ui/views/resource_view.go:596.37,597.56 1 0
github.com/HamStudy/kubewatch/internal/ui/views/resource_view.go:598.33,599.52 1 0
github.com/HamStudy/kubewatch/internal/ui/views/resource_view.go:600.33,601.52 1 0
github.com/HamStudy/kubewatch/internal/ui/views/resource_view.go:602.35,603.54 1 0
github.com/HamStudy/kubewatch/internal/ui/views/resource_view.go:604.32,605.51 1 0
github.com/HamStudy/kubewatch/internal/ui/views/resource_view.go:608.3,608.17 1 0
github.com/HamStudy/kubewatch/internal/ui/views/resource_view.go:608.17,610.4 1 0
github.com/HamStudy/kubewatch/internal/ui/views/resource_view.go:612.3,612.33 1 0
github.com/HamStudy/kubewatch/internal/ui/views/resource_view.go:617.51,618.45 1 1
github.com/HamStudy/kubewatch/internal/ui/views/resource_view.go:618.45,620.3 1 1
github.com/HamStudy/kubewatch/internal/ui/views/resource_view.go:623.2,623.34 1 1
github.com/HamStudy/kubewatch/internal/ui/views/resource_view.go:623.34,625.3 1 0
github.com/HamStudy/kubewatch/internal/ui/views/resource_view.go:626.2,626.23 1 1
github.com/HamStudy/kubewatch/internal/ui/views/resource_view.go:626.23,628.3 1 0
github.com/HamStudy/kubewatch/internal/ui/views/resource_view.go:631.2,631.43 1 1
github.com/HamStudy/kubewatch/internal/ui/views/resource_view.go:631.43,633.3 1 1
github.com/HamStudy/kubewatch/internal/ui/views/resource_view.go:636.2,637.35 2 1
github.com/HamStudy/kubewatch/internal/ui/views/resource_view.go:637.35,639.30 2 1
github.com/HamStudy/kubewatch/internal/ui/views/resource_view.go:639.30,641.4 1 1
github.com/HamStudy/kubewatch/internal/ui/views/resource_view.go:642.3,643.42 2 1
github.com/HamStudy/kubewatch/internal/ui/views/resource_view.go:645.2,658.27 4 1
github.com/HamStudy/kubewatch/internal/ui/views/resource_view.go:658.27,660.3 1 0
github.com/HamStudy/kubewatch/internal/ui/views/resource_view.go:663.2,663.53 1 1
github.com/HamStudy/kubewatch/internal/ui/views/resource_view.go:663.53,665.3 1 0
github.com/HamStudy/kubewatch/internal/ui/views/resource_view.go:666.2,666.42 1 1
github.com/HamStudy/kubewatch/internal/ui/views/resource_view.go:666.42,668.3 1 0
github.com/HamStudy/kubewatch/internal/ui/views/resource_view.go:671.2,671.36 1 1
github.com/HamStudy/kubewatch/internal/ui/views/resource_view.go:671.36,673.37 2 0
github.com/HamStudy/kubewatch/internal/ui/views/resource_view.go:673.37,675.4 1 0
github.com/HamStudy/kubewatch/internal/ui/views/resource_view.go:677.2,677.25 1 1
github.com/HamStudy/kubewatch/internal/ui/views/resource_view.go:677.25,679.3 1 0
github.com/HamStudy/kubewatch/internal/ui/views/resource_view.go:682.2,682.37 1 1
github.com/HamStudy/kubewatch/internal/ui/views/resource_view.go:682.37,684.3 1 0
github.com/HamStudy/kubewatch/internal/ui/views/resource_view.go:684.8,684.62 1 1
github.com/HamStudy/kubewatch/internal/ui/views/resource_view.go:684.62,686.3 1 0
github.com/HamStudy/kubewatch/internal/ui/views/resource_view.go:689.2,691.26 3 1
github.com/HamStudy/kubewatch/internal/ui/views/resource_view.go:691.26,693.3 1 1
github.com/HamStudy/kubewatch/internal/ui/views/resource_view.go:695.2,695.63 1 1
github.com/HamStudy/kubewatch/internal/ui/views/resource_view.go:695.63,696.32 1 1
github.com/HamStudy/kubewatch/internal/ui/views/resource_view.go:696.32,697.12 1 0
github.com/HamStudy/kubewatch/internal/ui/views/resource_view.go:699.3,703.28 4 1
github.com/HamStudy/kubewatch/internal/ui/views/resource_view.go:703.28,704.26 1 1
github.com/HamStudy/kubewatch/internal/ui/views/resource_view.go:704.26,706.32 2 1
github.com/HamStudy/kubewatch/internal/ui/views/resource_view.go:706.32,708.6 1 1
github.com/HamStudy/kubewatch/internal/ui/views/resource_view.go:709.5,710.38 2 1
github.com/HamStudy/kubewatch/internal/ui/views/resource_view.go:714.3,715.46 2 1
github.com/HamStudy/kubewatch/internal/ui/views/resource_view.go:719.2,722.49 2 1
github.com/HamStudy/kubewatch/internal/ui/views/resource_view.go:722.49,726.3 3 0
github.com/HamStudy/kubewatch/internal/ui/views/resource_view.go:729.2,729.73 1 1
github.com/HamStudy/kubewatch/internal/ui/views/resource_view.go:733.73,739.25 2 1
github.com/HamStudy/kubewatch/internal/ui/views/resource_view.go:739.25,741.3 1 1
github.com/HamStudy/kubewatch/internal/ui/views/resource_view.go:743.2,743.29 1 1
github.com/HamStudy/kubewatch/internal/ui/views/resource_view.go:747.103,752.16 3 1
github.com/HamStudy/kubewatch/internal/ui/views/resource_view.go:752.16,754.40 1 0
github.com/HamStudy/kubewatch/internal/ui/views/resource_view.go:754.40,756.4 1 0
github.com/HamStudy/kubewatch/internal/ui/views/resource_view.go:757.8,760.25 1 1
github.com/HamStudy/kubewatch/internal/ui/views/resource_view.go:760.25,762.4 1 0
github.com/HamStudy/kubewatch/internal/ui/views/resource_view.go:765.2,765.20 1 1
github.com/HamStudy/kubewatch/internal/ui/views/resource_view.go:766.16,767.66 1 1
github.com/HamStudy/kubewatch/internal/ui/views/resource_view.go:768.13,769.72 1 0
github.com/HamStudy/kubewatch/internal/ui/views/resource_view.go:770.16,771.73 1 0
github.com/HamStudy/kubewatch/internal/ui/views/resource_view.go:772.18,773.68 1 1
github.com/HamStudy/kubewatch/internal/ui/views/resource_view.go:774.50,777.17 2 1
github.com/HamStudy/kubewatch/internal/ui/views/resource_view.go:777.17,779.4 1 1
github.com/HamStudy/kubewatch/internal/ui/views/resource_view.go:780.3,780.36 1 1
github.com/HamStudy/kubewatch/internal/ui/views/resource_view.go:781.10,784.17 2 1
github.com/HamStudy/kubewatch/internal/ui/views/resource_view.go:784.17,786.4 1 1
github.com/HamStudy/kubewatch/internal/ui/views/resource_view.go:787.3,787.36 1 1
github.com/HamStudy/kubewatch/internal/ui/views/resource_view.go:792.90,796.16 2 1
github.com/HamStudy/kubewatch/internal/ui/views/resource_view.go:796.16,799.3 2 1
github.com/HamStudy/kubewatch/internal/ui/views/resource_view.go:802.2,802.16 1 1
github.com/HamStudy/kubewatch/internal/ui/views/resource_view.go:803.17,804.48 1 1
github.com/HamStudy/kubewatch/internal/ui/views/resource_view.go:805.38,806.48 1 1
github.com/HamStudy/kubewatch/internal/ui/views/resource_view.go:807.65,808.48 1 0
github.com/HamStudy/kubewatch/internal/ui/views/resource_view.go:809.19,810.48 1 0
github.com/HamStudy/kubewatch/internal/ui/views/resource_view.go:811.21,812.48 1 0
github.com/HamStudy/kubewatch/internal/ui/views/resource_view.go:813.10,814.48 1 0
github.com/HamStudy/kubewatch/internal/ui/views/resource_view.go:817.2,817.29 1 1
github.com/HamStudy/kubewatch/internal/ui/views/resource_view.go:821.101,825.16 2 0
github.com/HamStudy/kubewatch/internal/ui/views/resource_view.go:825.16,828.3 2 0
github.com/HamStudy/kubewatch/internal/ui/views/resource_view.go:831.2,831.33 1 0
github.com/HamStudy/kubewatch/internal/ui/views/resource_view.go:831.33,834.3 2 0
github.com/HamStudy/kubewatch/internal/ui/views/resource_view.go:837.2,838.11 2 0
github.com/HamStudy/kubewatch/internal/ui/views/resource_view.go:838.11,840.36 1 0
github.com/HamStudy/kubewatch/internal/ui/views/resource_view.go:840.36,843.62 2 0
github.com/HamStudy/kubewatch/internal/ui/views/resource_view.go:843.62,845.5 1 0
github.com/HamStudy/kubewatch/internal/ui/views/resource_view.go:846.9,848.61 1 0
github.com/HamStudy/kubewatch/internal/ui/views/resource_view.go:848.61,850.5 1 0
github.com/HamStudy/kubewatch/internal/ui/views/resource_view.go:854.3,854.21 1 0
github.com/HamStudy/kubewatch/internal/ui/views/resource_view.go:854.21,856.4 1 0
github.com/HamStudy/kubewatch/internal/ui/views/resource_view.go:856.9,856.28 1 0
github.com/HamStudy/kubewatch/internal/ui/views/resource_view.go:856.28,858.4 1 0
github.com/HamStudy/kubewatch/internal/ui/views/resource_view.go:858.9,860.4 1 0
github.com/HamStudy/kubewatch/internal/ui/views/resource_view.go:861.8,866.37 3 0
github.com/HamStudy/kubewatch/internal/ui/views/resource_view.go:866.37,869.4 2 0
github.com/HamStudy/kubewatch/internal/ui/views/resource_view.go:869.9,869.44 1 0
github.com/HamStudy/kubewatch/internal/ui/views/resource_view.go:869.44,872.4 2 0
github.com/HamStudy/kubewatch/internal/ui/views/resource_view.go:872.9,872.44 1 0
github.com/HamStudy/kubewatch/internal/ui/views/resource_view.go:872.44,875.4 2 0
github.com/HamStudy/kubewatch/internal/ui/views/resource_view.go:877.3,877.65 1 0
github.com/HamStudy/kubewatch/internal/ui/views/resource_view.go:877.65,879.4 1 0
github.com/HamStudy/kubewatch/internal/ui/views/resource_view.go:882.3,882.21 1 0
github.com/HamStudy/kubewatch/internal/ui/views/resource_view.go:882.21,884.4 1 0
github.com/HamStudy/kubewatch/internal/ui/views/resource_view.go:884.9,884.28 1 0
github.com/HamStudy/kubewatch/internal/ui/views/resource_view.go:884.28,886.4 1 0
github.com/HamStudy/kubewatch/internal/ui/views/resource_view.go:886.9,888.4 1 0
github.com/HamStudy/kubewatch/internal/ui/views/resource_view.go:891.2,891.28 1 0
github.com/HamStudy/kubewatch/internal/ui/views/resource_view.go:895.91,899.16 2 1
github.com/HamStudy/kubewatch/internal/ui/views/resource_view.go:899.16,902.3 2 1
github.com/HamStudy/kubewatch/internal/ui/views/resource_view.go:905.2,908.16 3 1
github.com/HamStudy/kubewatch/internal/ui/views/resource_view.go:908.16,909.20 1 1
github.com/HamStudy/kubewatch/internal/ui/views/resource_view.go:909.20,911.4 1 1
github.com/HamStudy/kubewatch/internal/ui/views/resource_view.go:911.9,911.26 1 1
github.com/HamStudy/kubewatch/internal/ui/views/resource_view.go:911.26,913.4 1 1
github.com/HamStudy/kubewatch/internal/ui/views/resource_view.go:913.9,915.4 1 0
github.com/HamStudy/kubewatch/internal/ui/views/resource_view.go:918.2,918.28 1 1
github.com/HamStudy/kubewatch/internal/ui/views/resource_view.go:922.82,923.25 1 0
github.com/HamStudy/kubewatch/internal/ui/views/resource_view.go:923.25,926.3 1 0
github.com/HamStudy/kubewatch/internal/ui/views/resource_view.go:926.8,926.46 1 0
github.com/HamStudy/kubewatch/internal/ui/views/resource_view.go:926.46,929.3 1 0
github.com/HamStudy/kubewatch/internal/ui/views/resource_view.go:929.8,929.28 1 0
github.com/HamStudy/kubewatch/internal/ui/views/resource_view.go:929.28,932.3 1 0
github.com/HamStudy/kubewatch/internal/ui/views/resource_view.go:932.8,937.3 3 0
github.com/HamStudy/kubewatch/internal/ui/views/resource_view.go:940.2,940.36 1 0
github.com/HamStudy/kubewatch/internal/ui/views/resource_view.go:940.36,942.37 2 0
github.com/HamStudy/kubewatch/internal/ui/views/resource_view.go:942.37,944.4 1 0
github.com/HamStudy/kubewatch/internal/ui/views/resource_view.go:946.2,946.25 1 0
github.com/HamStudy/kubewatch/internal/ui/views/resource_view.go:946.25,948.3 1 0
github.com/HamStudy/kubewatch/internal/ui/views/resource_view.go:951.2,951.55 1 0
github.com/HamStudy/kubewatch/internal/ui/views/resource_view.go:951.55,953.26 2 0
github.com/HamStudy/kubewatch/internal/ui/views/resource_view.go:953.26,955.4 1 0
github.com/HamStudy/kubewatch/internal/ui/views/resource_view.go:956.8,956.44 1 0
github.com/HamStudy/kubewatch/internal/ui/views/resource_view.go:956.44,958.3 1 0
github.com/HamStudy/kubewatch/internal/ui/views/resource_view.go:962.48,963.25 1 1
github.com/HamStudy/kubewatch/internal/ui/views/resource_view.go:963.25,965.3 1 0
github.com/HamStudy/kubewatch/internal/ui/views/resource_view.go:968.2,969.35 2 1
github.com/HamStudy/kubewatch/internal/ui/views/resource_view.go:969.35,971.3 1 1
github.com/HamStudy/kubewatch/internal/ui/views/resource_view.go:974.2,974.29 1 1
github.com/HamStudy/kubewatch/internal/ui/views/resource_view.go:974.29,975.28 1 1
github.com/HamStudy/kubewatch/internal/ui/views/resource_view.go:975.28,976.31 1 1
github.com/HamStudy/kubewatch/internal/ui/views/resource_view.go:976.31,978.36 2 1
github.com/HamStudy/kubewatch/internal/ui/views/resource_view.go:978.36,980.6 1 1
github.com/HamStudy/kubewatch/internal/ui/views/resource_view.go:986.2,986.32 1 1
github.com/HamStudy/kubewatch/internal/ui/views/resource_view.go:986.32,987.28 1 1
github.com/HamStudy/kubewatch/internal/ui/views/resource_view.go:987.28,989.4 1 1
github.com/HamStudy/kubewatch/internal/ui/views/resource_view.go:991.3,991.43 1 1
github.com/HamStudy/kubewatch/internal/ui/views/resource_view.go:991.43,993.4 1 0
github.com/HamStudy/kubewatch/internal/ui/views/resource_view.go:998.46,1005.58 5 1
github.com/HamStudy/kubewatch/internal/ui/views/resource_view.go:1005.58,1007.25 2 1
github.com/HamStudy/kubewatch/internal/ui/views/resource_view.go:1007.25,1009.4 1 0
github.com/HamStudy/kubewatch/internal/ui/views/resource_view.go:1009.9,1011.4 1 1
github.com/HamStudy/kubewatch/internal/ui/views/resource_view.go:1012.8,1012.41 1 1
github.com/HamStudy/kubewatch/internal/ui/views/resource_view.go:1012.41,1014.3 1 1
github.com/HamStudy/kubewatch/internal/ui/views/resource_view.go:1014.8,1016.3 1 0
github.com/HamStudy/kubewatch/internal/ui/views/resource_view.go:1019.2,1020.16 2 1
github.com/HamStudy/kubewatch/internal/ui/views/resource_view.go:1020.16,1022.3 1 0
github.com/HamStudy/kubewatch/internal/ui/views/resource_view.go:1025.2,1026.28 2 1
github.com/HamStudy/kubewatch/internal/ui/views/resource_view.go:1026.28,1028.3 1 1
github.com/HamStudy/kubewatch/internal/ui/views/resource_view.go:1029.2,1033.29 3 1
github.com/HamStudy/kubewatch/internal/ui/views/resource_view.go:1033.29,1035.28 2 0
github.com/HamStudy/kubewatch/internal/ui/views/resource_view.go:1035.28,1037.4 1 0
github.com/HamStudy/kubewatch/internal/ui/views/resource_view.go:1037.9,1039.4 1 0
github.com/HamStudy/kubewatch/internal/ui/views/resource_view.go:1042.2,1066.22 8 1
github.com/HamStudy/kubewatch/internal/ui/views/resource_view.go:1070.55,1076.45 3 1
github.com/HamStudy/kubewatch/internal/ui/views/resource_view.go:1076.45,1078.3 1 1
github.com/HamStudy/kubewatch/internal/ui/views/resource_view.go:1078.8,1080.3 1 1
github.com/HamStudy/kubewatch/internal/ui/views/resource_view.go:1082.2,1082.37 1 1
github.com/HamStudy/kubewatch/internal/ui/views/resource_view.go:1083.28,1085.20 2 1
github.com/HamStudy/kubewatch/internal/ui/views/resource_view.go:1085.20,1087.4 1 0
github.com/HamStudy/kubewatch/internal/ui/views/resource_view.go:1088.3,1088.101 1 1
github.com/HamStudy/kubewatch/internal/ui/views/resource_view.go:1090.35,1092.20 2 0
github.com/HamStudy/kubewatch/internal/ui/views/resource_view.go:1092.20,1094.4 1 0
github.com/HamStudy/kubewatch/internal/ui/views/resource_view.go:1095.3,1095.111 1 0
github.com/HamStudy/kubewatch/internal/ui/views/resource_view.go:1097.36,1099.20 2 0
github.com/HamStudy/kubewatch/internal/ui/views/resource_view.go:1099.20,1101.4 1 0
github.com/HamStudy/kubewatch/internal/ui/views/resource_view.go:1102.3,1102.72 1 0
github.com/HamStudy/kubewatch/internal/ui/views/resource_view.go:1104.32,1106.20 2 0
github.com/HamStudy/kubewatch/internal/ui/views/resource_view.go:1106.20,1108.4 1 0
github.com/HamStudy/kubewatch/internal/ui/views/resource_view.go:1109.3,1109.87 1 0
github.com/HamStudy/kubewatch/internal/ui/views/resource_view.go:1111.32,1113.20 2 0
github.com/HamStudy/kubewatch/internal/ui/views/resource_view.go:1113.20,1115.4 1 0
github.com/HamStudy/kubewatch/internal/ui/views/resource_view.go:1116.3,1116.77 1 0
github.com/HamStudy/kubewatch/internal/ui/views/resource_view.go:1118.34,1120.20 2 0
github.com/HamStudy/kubewatch/internal/ui/views/resource_view.go:1120.20,1122.4 1 0
github.com/HamStudy/kubewatch/internal/ui/views/resource_view.go:1123.3,1123.47 1 0
github.com/HamStudy/kubewatch/internal/ui/views/resource_view.go:1125.31,1127.20 2 0
github.com/HamStudy/kubewatch/internal/ui/views/resource_view.go:1127.20,1129.4 1 0
github.com/HamStudy/kubewatch/internal/ui/views/resource_view.go:1130.3,1130.55 1 0
github.com/HamStudy/kubewatch/internal/ui/views/resource_view.go:1134.59,1146.74 6 0
github.com/HamStudy/kubewatch/internal/ui/views/resource_view.go:1146.74,1148.3 1 0
github.com/HamStudy/kubewatch/internal/ui/views/resource_view.go:1151.2,1155.27 4 0
github.com/HamStudy/kubewatch/internal/ui/views/resource_view.go:1155.27,1162.51 5 0
github.com/HamStudy/kubewatch/internal/ui/views/resource_view.go:1162.51,1163.16 1 0
github.com/HamStudy/kubewatch/internal/ui/views/resource_view.go:1163.16,1165.5 1 0
github.com/HamStudy/kubewatch/internal/ui/views/resource_view.go:1166.4,1167.49 2 0
github.com/HamStudy/kubewatch/internal/ui/views/resource_view.go:1167.49,1169.60 2 0
github.com/HamStudy/kubewatch/internal/ui/views/resource_view.go:1169.60,1171.6 1 0
github.com/HamStudy/kubewatch/internal/ui/views/resource_view.go:1175.3,1179.51 3 0
github.com/HamStudy/kubewatch/internal/ui/views/resource_view.go:1179.51,1180.77 1 0
github.com/HamStudy/kubewatch/internal/ui/views/resource_view.go:1180.77,1181.31 1 0
github.com/HamStudy/kubewatch/internal/ui/views/resource_view.go:1181.31,1183.6 1 0
github.com/HamStudy/kubewatch/internal/ui/views/resource_view.go:1188.3,1188.51 1 0
github.com/HamStudy/kubewatch/internal/ui/views/resource_view.go:1188.51,1189.64 1 0
github.com/HamStudy/kubewatch/internal/ui/views/resource_view.go:1189.64,1191.10 2 0
github.com/HamStudy/kubewatch/internal/ui/views/resource_view.go:1193.4,1193.70 1 0
github.com/HamStudy/kubewatch/internal/ui/views/resource_view.go:1193.70,1195.10 2 0
github.com/HamStudy/kubewatch/internal/ui/views/resource_view.go:1200.3,1201.49 2 0
github.com/HamStudy/kubewatch/internal/ui/views/resource_view.go:1201.49,1204.4 2 0
github.com/HamStudy/kubewatch/internal/ui/views/resource_view.go:1206.3,1211.26 4 0
github.com/HamStudy/kubewatch/internal/ui/views/resource_view.go:1211.26,1212.49 1 0
github.com/HamStudy/kubewatch/internal/ui/views/resource_view.go:1212.49,1215.5 2 0
github.com/HamStudy/kubewatch/internal/ui/views/resource_view.go:1219.3,1220.15 2 0
github.com/HamStudy/kubewatch/internal/ui/views/resource_view.go:1220.15,1222.4 1 0
github.com/HamStudy/kubewatch/internal/ui/views/resource_view.go:1223.3,1224.17 2 0
github.com/HamStudy/kubewatch/internal/ui/views/resource_view.go:1224.17,1226.4 1 0
github.com/HamStudy/kubewatch/internal/ui/views/resource_view.go:1229.3,1230.20 2 0
github.com/HamStudy/kubewatch/internal/ui/views/resource_view.go:1230.20,1232.4 1 0
github.com/HamStudy/kubewatch/internal/ui/views/resource_view.go:1233.3,1248.69 6 0
github.com/HamStudy/kubewatch/internal/ui/views/resource_view.go:1248.69,1250.4 1 0
github.com/HamStudy/kubewatch/internal/ui/views/resource_view.go:1255.2,1258.83 2 0
github.com/HamStudy/kubewatch/internal/ui/views/resource_view.go:1258.83,1260.3 1 0
github.com/HamStudy/kubewatch/internal/ui/views/resource_view.go:1263.2,1263.55 1 0
github.com/HamStudy/kubewatch/internal/ui/views/resource_view.go:1263.55,1265.3 1 0
github.com/HamStudy/kubewatch/internal/ui/views/resource_view.go:1265.8,1265.44 1 0
github.com/HamStudy/kubewatch/internal/ui/views/resource_view.go:1265.44,1267.3 1 0
github.com/HamStudy/kubewatch/internal/ui/views/resource_view.go:1270.2,1276.27 3 0
github.com/HamStudy/kubewatch/internal/ui/views/resource_view.go:1279.84,1287.74 4 0
github.com/HamStudy/kubewatch/internal/ui/views/resource_view.go:1287.74,1289.3 1 0
github.com/HamStudy/kubewatch/internal/ui/views/resource_view.go:1292.2,1295.34 3 0
github.com/HamStudy/kubewatch/internal/ui/views/resource_view.go:1295.34,1297.31 2 0
github.com/HamStudy/kubewatch/internal/ui/views/resource_view.go:1297.31,1299.4 1 0
github.com/HamStudy/kubewatch/internal/ui/views/resource_view.go:1300.3,1308.63 7 0
github.com/HamStudy/kubewatch/internal/ui/views/resource_view.go:1308.63,1311.4 2 0
github.com/HamStudy/kubewatch/internal/ui/views/resource_view.go:1312.3,1317.51 4 0
github.com/HamStudy/kubewatch/internal/ui/views/resource_view.go:1317.51,1319.4 1 0
github.com/HamStudy/kubewatch/internal/ui/views/resource_view.go:1320.3,1324.20 3 0
github.com/HamStudy/kubewatch/internal/ui/views/resource_view.go:1324.20,1326.4 1 0
github.com/HamStudy/kubewatch/internal/ui/views/resource_view.go:1327.3,1331.69 3 0
github.com/HamStudy/kubewatch/internal/ui/views/resource_view.go:1331.69,1333.4 1 0
github.com/HamStudy/kubewatch/internal/ui/views/resource_view.go:1337.2,1340.55 2 0
github.com/HamStudy/kubewatch/internal/ui/views/resource_view.go:1340.55,1342.3 1 0
github.com/HamStudy/kubewatch/internal/ui/views/resource_view.go:1342.8,1342.44 1 0
github.com/HamStudy/kubewatch/internal/ui/views/resource_view.go:1342.44,1344.3 1 0
github.com/HamStudy/kubewatch/internal/ui/views/resource_view.go:1347.2,1350.27 2 0
github.com/HamStudy/kubewatch/internal/ui/views/resource_view.go:1353.87,1361.74 4 0
github.com/HamStudy/kubewatch/internal/ui/views/resource_view.go:1361.74,1363.3 1 0
github.com/HamStudy/kubewatch/internal/ui/views/resource_view.go:1366.2,1369.35 3 0
github.com/HamStudy/kubewatch/internal/ui/views/resource_view.go:1369.35,1371.31 2 0
github.com/HamStudy/kubewatch/internal/ui/views/resource_view.go:1371.31,1373.4 1 0
github.com/HamStudy/kubewatch/internal/ui/views/resource_view.go:1374.3,1380.63 5 0
github.com/HamStudy/kubewatch/internal/ui/views/resource_view.go:1380.63,1383.4 2 0
github.com/HamStudy/kubewatch/internal/ui/views/resource_view.go:1384.3,1389.20 4 0
github.com/HamStudy/kubewatch/internal/ui/views/resource_view.go:1389.20,1391.4 1 0
github.com/HamStudy/kubewatch/internal/ui/views/resource_view.go:1392.3,1396.69 3 0
github.com/HamStudy/kubewatch/internal/ui/views/resource_view.go:1396.69,1398.4 1 0
github.com/HamStudy/kubewatch/internal/ui/views/resource_view.go:1402.2,1405.55 2 0
github.com/HamStudy/kubewatch/internal/ui/views/resource_view.go:1405.55,1407.3 1 0
github.com/HamStudy/kubewatch/internal/ui/views/resource_view.go:1407.8,1407.44 1 0
github.com/HamStudy/kubewatch/internal/ui/views/resource_view.go:1407.44,1409.3 1 0
github.com/HamStudy/kubewatch/internal/ui/views/resource_view.go:1412.2,1415.27 2 0
github.com/HamStudy/kubewatch/internal/ui/views/resource_view.go:1418.71,1426.74 4 0
github.com/HamStudy/kubewatch/internal/ui/views/resource_view.go:1426.74,1428.3 1 0
github.com/HamStudy/kubewatch/internal/ui/views/resource_view.go:1431.2,1434.31 3 0
github.com/HamStudy/kubewatch/internal/ui/views/resource_view.go:1434.31,1437.22 3 0
github.com/HamStudy/kubewatch/internal/ui/views/resource_view.go:1437.22,1439.4 1 0
github.com/HamStudy/kubewatch/internal/ui/views/resource_view.go:1442.3,1443.36 2 0
github.com/HamStudy/kubewatch/internal/ui/views/resource_view.go:1443.36,1445.4 1 0
github.com/HamStudy/kubewatch/internal/ui/views/resource_view.go:1445.9,1445.101 1 0
github.com/HamStudy/kubewatch/internal/ui/views/resource_view.go:1445.101,1447.60 2 0
github.com/HamStudy/kubewatch/internal/ui/views/resource_view.go:1447.60,1448.25 1 0
github.com/HamStudy/kubewatch/internal/ui/views/resource_view.go:1448.25,1450.6 1 0
github.com/HamStudy/kubewatch/internal/ui/views/resource_view.go:1450.11,1450.38 1 0
github.com/HamStudy/kubewatch/internal/ui/views/resource_view.go:1450.38,1452.6 1 0
github.com/HamStudy/kubewatch/internal/ui/views/resource_view.go:1454.4,1454.20 1 0
github.com/HamStudy/kubewatch/internal/ui/views/resource_view.go:1454.20,1456.5 1 0
github.com/HamStudy/kubewatch/internal/ui/views/resource_view.go:1460.3,1461.39 2 0
github.com/HamStudy/kubewatch/internal/ui/views/resource_view.go:1461.39,1463.26 2 0
github.com/HamStudy/kubewatch/internal/ui/views/resource_view.go:1463.26,1465.5 1 0
github.com/HamStudy/kubewatch/internal/ui/views/resource_view.go:1466.4,1466.53 1 0
github.com/HamStudy/kubewatch/internal/ui/views/resource_view.go:1466.53,1468.5 1 0
github.com/HamStudy/kubewatch/internal/ui/views/resource_view.go:1469.4,1469.23 1 0
github.com/HamStudy/kubewatch/internal/ui/views/resource_view.go:1469.23,1471.5 1 0
github.com/HamStudy/kubewatch/internal/ui/views/resource_view.go:1472.4,1472.34 1 0
github.com/HamStudy/kubewatch/internal/ui/views/resource_view.go:1474.3,1475.21 2 0
github.com/HamStudy/kubewatch/internal/ui/views/resource_view.go:1475.21,1478.4 1 0
github.com/HamStudy/kubewatch/internal/ui/views/resource_view.go:1480.3,1484.20 3 0
github.com/HamStudy/kubewatch/internal/ui/views/resource_view.go:1484.20,1486.4 1 0
github.com/HamStudy/kubewatch/internal/ui/views/resource_view.go:1487.3,1491.69 3 0
github.com/HamStudy/kubewatch/internal/ui/views/resource_view.go:1491.69,1493.4 1 0
github.com/HamStudy/kubewatch/internal/ui/views/resource_view.go:1497.2,1500.55 2 0
github.com/HamStudy/kubewatch/internal/ui/views/resource_view.go:1500.55,1502.3 1 0
github.com/HamStudy/kubewatch/internal/ui/views/resource_view.go:1502.8,1502.44 1 0
github.com/HamStudy/kubewatch/internal/ui/views/resource_view.go:1502.44,1504.3 1 0
github.com/HamStudy/kubewatch/internal/ui/views/resource_view.go:1507.2,1510.27 2 0
github.com/HamStudy/kubewatch/internal/ui/views/resource_view.go:1513.83,1522.74 5 0
github.com/HamStudy/kubewatch/internal/ui/views/resource_view.go:1522.74,1524.3 1 0
github.com/HamStudy/kubewatch/internal/ui/views/resource_view.go:1527.2,1530.32 3 0
github.com/HamStudy/kubewatch/internal/ui/views/resource_view.go:1530.32,1533.39 2 0
github.com/HamStudy/kubewatch/internal/ui/views/resource_view.go:1533.39,1535.4 1 0
github.com/HamStudy/kubewatch/internal/ui/views/resource_view.go:1538.3,1539.39 2 0
github.com/HamStudy/kubewatch/internal/ui/views/resource_view.go:1539.39,1540.23 1 0
github.com/HamStudy/kubewatch/internal/ui/views/resource_view.go:1540.23,1542.5 1 0
github.com/HamStudy/kubewatch/internal/ui/views/resource_view.go:1544.3,1545.21 2 0
github.com/HamStudy/kubewatch/internal/ui/views/resource_view.go:1545.21,1547.4 1 0
github.com/HamStudy/kubewatch/internal/ui/views/resource_view.go:1550.3,1551.61 2 0
github.com/HamStudy/kubewatch/internal/ui/views/resource_view.go:1551.61,1552.26 1 0
github.com/HamStudy/kubewatch/internal/ui/views/resource_view.go:1552.26,1554.5 1 0
github.com/HamStudy/kubewatch/internal/ui/views/resource_view.go:1554.10,1554.39 1 0
github.com/HamStudy/kubewatch/internal/ui/views/resource_view.go:1554.39,1556.5 1 0
github.com/HamStudy/kubewatch/internal/ui/views/resource_view.go:1558.3,1559.25 2 0
github.com/HamStudy/kubewatch/internal/ui/views/resource_view.go:1559.25,1561.4 1 0
github.com/HamStudy/kubewatch/internal/ui/views/resource_view.go:1564.3,1565.28 2 0
github.com/HamStudy/kubewatch/internal/ui/views/resource_view.go:1565.28,1567.4 1 0
github.com/HamStudy/kubewatch/internal/ui/views/resource_view.go:1569.3,1573.20 3 0
github.com/HamStudy/kubewatch/internal/ui/views/resource_view.go:1573.20,1575.4 1 0
github.com/HamStudy/kubewatch/internal/ui/views/resource_view.go:1576.3,1580.69 3 0
github.com/HamStudy/kubewatch/internal/ui/views/resource_view.go:1580.69,1582.4 1 0
github.com/HamStudy/kubewatch/internal/ui/views/resource_view.go:1586.2,1592.27 3 0
github.com/HamStudy/kubewatch/internal/ui/views/resource_view.go:1595.77,1603.74 4 0
github.com/HamStudy/kubewatch/internal/ui/views/resource_view.go:1603.74,1605.3 1 0
github.com/HamStudy/kubewatch/internal/ui/views/resource_view.go:1608.2,1611.32 3 0
github.com/HamStudy/kubewatch/internal/ui/views/resource_view.go:1611.32,1617.20 4 0
github.com/HamStudy/kubewatch/internal/ui/views/resource_view.go:1617.20,1619.4 1 0
github.com/HamStudy/kubewatch/internal/ui/views/resource_view.go:1620.3,1624.68 3 0
github.com/HamStudy/kubewatch/internal/ui/views/resource_view.go:1624.68,1626.4 1 0
github.com/HamStudy/kubewatch/internal/ui/views/resource_view.go:1630.2,1633.55 2 0
github.com/HamStudy/kubewatch/internal/ui/views/resource_view.go:1633.55,1635.3 1 0
github.com/HamStudy/kubewatch/internal/ui/views/resource_view.go:1635.8,1635.44 1 0
github.com/HamStudy/kubewatch/internal/ui/views/resource_view.go:1635.44,1637.3 1 0
github.com/HamStudy/kubewatch/internal/ui/views/resource_view.go:1640.2,1643.27 2 0
github.com/HamStudy/kubewatch/internal/ui/views/resource_view.go:1646.68,1654.74 4 0
github.com/HamStudy/kubewatch/internal/ui/views/resource_view.go:1654.74,1656.3 1 0
github.com/HamStudy/kubewatch/internal/ui/views/resource_view.go:1659.2,1662.33 3 0
github.com/HamStudy/kubewatch/internal/ui/views/resource_view.go:1662.33,1669.20 5 0
github.com/HamStudy/kubewatch/internal/ui/views/resource_view.go:1669.20,1671.4 1 0
github.com/HamStudy/kubewatch/internal/ui/views/resource_view.go:1672.3,1676.72 3 0
github.com/HamStudy/kubewatch/internal/ui/views/resource_view.go:1676.72,1678.4 1 0
github.com/HamStudy/kubewatch/internal/ui/views/resource_view.go:1682.2,1685.55 2 0
github.com/HamStudy/kubewatch/internal/ui/views/resource_view.go:1685.55,1687.3 1 0
github.com/HamStudy/kubewatch/internal/ui/views/resource_view.go:1687.8,1687.44 1 0
github.com/HamStudy/kubewatch/internal/ui/views/resource_view.go:1687.44,1689.3 1 0
github.com/HamStudy/kubewatch/internal/ui/views/resource_view.go:1692.2,1695.27 2 0
github.com/HamStudy/kubewatch/internal/ui/views/resource_view.go:1699.35,1700.22 1 0
github.com/HamStudy/kubewatch/internal/ui/views/resource_view.go:1700.22,1702.3 1 0
github.com/HamStudy/kubewatch/internal/ui/views/resource_view.go:1705.2,1706.22 2 0
github.com/HamStudy/kubewatch/internal/ui/views/resource_view.go:1706.22,1708.3 1 0
github.com/HamStudy/kubewatch/internal/ui/views/resource_view.go:1711.2,1712.35 2 0
github.com/HamStudy/kubewatch/internal/ui/views/resource_view.go:1712.35,1713.27 1 0
github.com/HamStudy/kubewatch/internal/ui/views/resource_view.go:1713.27,1715.9 2 0
github.com/HamStudy/kubewatch/internal/ui/views/resource_view.go:1720.2,1720.27 1 0
github.com/HamStudy/kubewatch/internal/ui/views/resource_view.go:1720.27,1722.3 1 0
github.com/HamStudy/kubewatch/internal/ui/views/resource_view.go:1725.2,1725.41 1 0
github.com/HamStudy/kubewatch/internal/ui/views/resource_view.go:1725.41,1726.77 1 0
github.com/HamStudy/kubewatch/internal/ui/views/resource_view.go:1726.77,1728.4 1 0
github.com/HamStudy/kubewatch/internal/ui/views/resource_view.go:1730.3,1734.79 3 0
github.com/HamStudy/kubewatch/internal/ui/views/resource_view.go:1734.79,1736.4 1 0
github.com/HamStudy/kubewatch/internal/ui/views/resource_view.go:1739.3,1739.28 1 0
github.com/HamStudy/kubewatch/internal/ui/views/resource_view.go:1739.28,1741.4 1 0
github.com/HamStudy/kubewatch/internal/ui/views/resource_view.go:1742.3,1742.59 1 0
github.com/HamStudy/kubewatch/internal/ui/views/resource_view.go:1747.89,1752.15 3 0
github.com/HamStudy/kubewatch/internal/ui/views/resource_view.go:1752.15,1754.3 1 0
github.com/HamStudy/kubewatch/internal/ui/views/resource_view.go:1755.2,1755.20 1 0
github.com/HamStudy/kubewatch/internal/ui/views/resource_view.go:1759.66,1761.34 1 0
github.com/HamStudy/kubewatch/internal/ui/views/resource_view.go:1761.34,1763.22 2 0
github.com/HamStudy/kubewatch/internal/ui/views/resource_view.go:1763.22,1766.47 3 0
github.com/HamStudy/kubewatch/internal/ui/views/resource_view.go:1766.47,1768.5 1 0
github.com/HamStudy/kubewatch/internal/ui/views/resource_view.go:1773.2,1773.35 1 0
github.com/HamStudy/kubewatch/internal/ui/views/resource_view.go:1773.35,1775.21 2 0
github.com/HamStudy/kubewatch/internal/ui/views/resource_view.go:1775.21,1776.64 1 0
github.com/HamStudy/kubewatch/internal/ui/views/resource_view.go:1776.64,1778.5 1 0
github.com/HamStudy/kubewatch/internal/ui/views/resource_view.go:1783.2,1785.67 1 0
github.com/HamStudy/kubewatch/internal/ui/views/resource_view.go:1785.67,1787.3 1 0
github.com/HamStudy/kubewatch/internal/ui/views/resource_view.go:1790.2,1790.59 1 0
github.com/HamStudy/kubewatch/internal/ui/views/resource_view.go:1790.59,1792.3 1 0
github.com/HamStudy/kubewatch/internal/ui/views/resource_view.go:1795.2,1795.10 1 0
github.com/HamStudy/kubewatch/internal/ui/views/resource_view.go:1799.62,1800.18 1 0
github.com/HamStudy/kubewatch/internal/ui/views/resource_view.go:1800.18,1802.3 1 0
github.com/HamStudy/kubewatch/internal/ui/views/resource_view.go:1804.2,1808.47 3 0
github.com/HamStudy/kubewatch/internal/ui/views/resource_view.go:1808.47,1811.3 2 0
github.com/HamStudy/kubewatch/internal/ui/views/resource_view.go:1811.8,1811.53 1 0
github.com/HamStudy/kubewatch/internal/ui/views/resource_view.go:1811.53,1813.3 1 0
github.com/HamStudy/kubewatch/internal/ui/views/resource_view.go:1815.2,1816.16 2 0
github.com/HamStudy/kubewatch/internal/ui/views/resource_view.go:1816.16,1818.3 1 0
github.com/HamStudy/kubewatch/internal/ui/views/resource_view.go:1820.2,1820.14 1 0
github.com/HamStudy/kubewatch/internal/ui/views/resource_view.go:1821.11,1822.15 1 0
github.com/HamStudy/kubewatch/internal/ui/views/resource_view.go:1823.11,1824.20 1 0
github.com/HamStudy/kubewatch/internal/ui/views/resource_view.go:1825.11,1826.22 1 0
github.com/HamStudy/kubewatch/internal/ui/views/resource_view.go:1827.11,1828.23 1 0
github.com/HamStudy/kubewatch/internal/ui/views/resource_view.go:1829.12,1830.25 1 0
github.com/HamStudy/kubewatch/internal/ui/views/resource_view.go:1831.11,1832.26 1 0
github.com/HamStudy/kubewatch/internal/ui/views/resource_view.go:1833.10,1834.15 1 0
github.com/HamStudy/kubewatch/internal/ui/views/resource_view.go:1840.94,1852.74 6 0
github.com/HamStudy/kubewatch/internal/ui/views/resource_view.go:1852.74,1854.37 1 0
github.com/HamStudy/kubewatch/internal/ui/views/resource_view.go:1854.37,1856.4 1 0
github.com/HamStudy/kubewatch/internal/ui/views/resource_view.go:1860.2,1864.38 4 0
github.com/HamStudy/kubewatch/internal/ui/views/resource_view.go:1864.38,1874.51 7 0
github.com/HamStudy/kubewatch/internal/ui/views/resource_view.go:1874.51,1875.16 1 0
github.com/HamStudy/kubewatch/internal/ui/views/resource_view.go:1875.16,1877.5 1 0
github.com/HamStudy/kubewatch/internal/ui/views/resource_view.go:1878.4,1879.49 2 0
github.com/HamStudy/kubewatch/internal/ui/views/resource_view.go:1879.49,1881.60 2 0
github.com/HamStudy/kubewatch/internal/ui/views/resource_view.go:1881.60,1883.6 1 0
github.com/HamStudy/kubewatch/internal/ui/views/resource_view.go:1887.3,1891.51 3 0
github.com/HamStudy/kubewatch/internal/ui/views/resource_view.go:1891.51,1892.77 1 0
github.com/HamStudy/kubewatch/internal/ui/views/resource_view.go:1892.77,1893.31 1 0
github.com/HamStudy/kubewatch/internal/ui/views/resource_view.go:1893.31,1895.6 1 0
github.com/HamStudy/kubewatch/internal/ui/views/resource_view.go:1900.3,1900.51 1 0
github.com/HamStudy/kubewatch/internal/ui/views/resource_view.go:1900.51,1901.64 1 0
github.com/HamStudy/kubewatch/internal/ui/views/resource_view.go:1901.64,1903.10 2 0
github.com/HamStudy/kubewatch/internal/ui/views/resource_view.go:1905.4,1905.70 1 0
github.com/HamStudy/kubewatch/internal/ui/views/resource_view.go:1905.70,1907.10 2 0
github.com/HamStudy/kubewatch/internal/ui/views/resource_view.go:1912.3,1913.49 2 0
github.com/HamStudy/kubewatch/internal/ui/views/resource_view.go:1913.49,1916.4 2 0
github.com/HamStudy/kubewatch/internal/ui/views/resource_view.go:1918.3,1923.26 4 0
github.com/HamStudy/kubewatch/internal/ui/views/resource_view.go:1923.26,1924.49 1 0
github.com/HamStudy/kubewatch/internal/ui/views/resource_view.go:1924.49,1927.5 2 0
github.com/HamStudy/kubewatch/internal/ui/views/resource_view.go:1931.3,1932.15 2 0
github.com/HamStudy/kubewatch/internal/ui/views/resource_view.go:1932.15,1934.4 1 0
github.com/HamStudy/kubewatch/internal/ui/views/resource_view.go:1935.3,1936.17 2 0
github.com/HamStudy/kubewatch/internal/ui/views/resource_view.go:1936.17,1938.4 1 0
github.com/HamStudy/kubewatch/internal/ui/views/resource_view.go:1941.3,1942.20 2 0
github.com/HamStudy/kubewatch/internal/ui/views/resource_view.go:1942.20,1944.4 1 0
github.com/HamStudy/kubewatch/internal/ui/views/resource_view.go:1945.3,1960.69 6 0
github.com/HamStudy/kubewatch/internal/ui/views/resource_view.go:1960.69,1962.4 1 0
github.com/HamStudy/kubewatch/internal/ui/views/resource_view.go:1966.2,1969.83 2 0
github.com/HamStudy/kubewatch/internal/ui/views/resource_view.go:1969.83,1971.3 1 0
github.com/HamStudy/kubewatch/internal/ui/views/resource_view.go:1972.2,1975.55 2 0
github.com/HamStudy/kubewatch/internal/ui/views/resource_view.go:1975.55,1977.3 1 0
github.com/HamStudy/kubewatch/internal/ui/views/resource_view.go:1977.8,1977.44 1 0
github.com/HamStudy/kubewatch/internal/ui/views/resource_view.go:1977.44,1979.3 1 0
github.com/HamStudy/kubewatch/internal/ui/views/resource_view.go:1982.2,1985.27 2 0
github.com/HamStudy/kubewatch/internal/ui/views/resource_view.go:1988.115,1997.74 5 0
github.com/HamStudy/kubewatch/internal/ui/views/resource_view.go:1997.74,1999.3 1 0
github.com/HamStudy/kubewatch/internal/ui/views/resource_view.go:2002.2,2005.45 3 0
github.com/HamStudy/kubewatch/internal/ui/views/resource_view.go:2005.45,2016.20 8 0
github.com/HamStudy/kubewatch/internal/ui/views/resource_view.go:2016.20,2018.4 1 0
github.com/HamStudy/kubewatch/internal/ui/views/resource_view.go:2019.3,2023.76 3 0
github.com/HamStudy/kubewatch/internal/ui/views/resource_view.go:2023.76,2025.4 1 0
github.com/HamStudy/kubewatch/internal/ui/views/resource_view.go:2029.2,2032.55 2 0
github.com/HamStudy/kubewatch/internal/ui/views/resource_view.go:2032.55,2034.3 1 0
github.com/HamStudy/kubewatch/internal/ui/views/resource_view.go:2034.8,2034.44 1 0
github.com/HamStudy/kubewatch/internal/ui/views/resource_view.go:2034.44,2036.3 1 0
github.com/HamStudy/kubewatch/internal/ui/views/resource_view.go:2039.2,2042.27 2 0
github.com/HamStudy/kubewatch/internal/ui/views/resource_view.go:2047.33,2049.31 2 0
github.com/HamStudy/kubewatch/internal/ui/views/resource_view.go:2049.31,2052.3 2 0
github.com/HamStudy/kubewatch/internal/ui/views/resource_view.go:2052.8,2052.37 1 0
github.com/HamStudy/kubewatch/internal/ui/views/resource_view.go:2052.37,2055.3 2 0
github.com/HamStudy/kubewatch/internal/ui/views/resource_view.go:2055.8,2055.34 1 0
github.com/HamStudy/kubewatch/internal/ui/views/resource_view.go:2055.34,2058.3 2 0
github.com/HamStudy/kubewatch/internal/ui/views/resource_view.go:2058.8,2058.33 1 0
github.com/HamStudy/kubewatch/internal/ui/views/resource_view.go:2058.33,2060.3 1 0
github.com/HamStudy/kubewatch/internal/ui/views/resource_view.go:2060.8,2060.35 1 0
github.com/HamStudy/kubewatch/internal/ui/views/resource_view.go:2060.35,2062.3 1 0
github.com/HamStudy/kubewatch/internal/ui/views/resource_view.go:2063.2,2063.52 1 0
github.com/HamStudy/kubewatch/internal/ui/views/test_helpers.go:4.49,5.33 1 1
github.com/HamStudy/kubewatch/internal/ui/views/test_helpers.go:5.33,7.3 1 0
github.com/HamStudy/kubewatch/internal/ui/views/test_helpers.go:9.2,9.50 1 1
github.com/HamStudy/kubewatch/internal/ui/views/test_helpers.go:9.50,10.42 1 1
github.com/HamStudy/kubewatch/internal/ui/views/test_helpers.go:10.42,12.4 1 1
github.com/HamStudy/kubewatch/internal/ui/views/test_helpers.go:14.2,14.14 1 0
